# Global Audit Memory

## Scope Touched
- `managers/ShareManager.sol` / `modules/ShareModule.sol` / `queues/DepositQueue.sol` (highest round-4 attention): claim/mint authorization and lockup-timing side effects remain active risk surface.
- Queue stack (`queues/DepositQueue.sol`, `RedeemQueue.sol`, `SignatureQueue.sol` + signature redeem variants): caller/recipient binding, pause/cancel/settle/checkpoint behavior, and claim-path accounting/liveness continue to recur.
- `managers/FeeManager.sol`: fee accrual/update ordering and multi-mint/trigger edge patterns repeatedly examined.
- `managers/RiskManager.sol` / `oracles/Oracle.sol`: oracle-driven conversion/liveness coupling remains high-signal from prior rounds.
- Broader control/config plane touched again (`factories/Factory.sol`, `vaults/VaultConfigurator.sol`, `permissions/*`), but mostly shallow-to-moderate depth this round.
- Limited direct round-4 attention: `modules/ACLModule.sol`, `modules/CallModule.sol`, `modules/SubvaultModule.sol`, `managers/TokenizedShareManager.sol`.

## Issue Directions Seen
- Retained direction: permissionless third-party claim execution can manipulate `targetedLockup` timing (forced lock start / temporary denial-of-use window).
- Signature intent-vs-executor/recipient authorization mismatches remain a recurring direction (especially redeem-side flows).
- Oracle lifecycle actions (including asset removal) causing downstream `convertToShares`-dependent queue/risk liveness failures remain promising.
- Queue state integrity under pause/emergency/cancel/settle/checkpoint transitions continues as a core direction.
- Fee accrual/performance-fee order-of-operations and accounting edge behavior remain recurrent.
- Transfer/accounting fragility with non-standard ERC20 semantics remains relevant.

## Useful Context
- Cross-agent convergence is now strongest around share claim/mint paths (`ShareManager`/`ShareModule`/`DepositQueue`) plus core queue logic; this is where multi-contract exploit chains are most evidenced.
- Round 4 produced one retained addition: third-party claim-triggered lockup timing abuse (`F-015`), while several other round-4 ideas were investigated but not retained.
- Recent broad scans frequently re-surface known patterns; prioritize depth in less-reviewed modules over additional shallow grep passes.
- Governance/config and auxiliary module surfaces are touched but still comparatively under-evidenced versus queues/share/oracle paths.
