# Global Audit Memory

## Scope Touched
- `GatewayCrossChain.sol`: central hotspot for cross-chain payload trust, destination payout accounting, revert/refund handling, and non-EVM recipient encoding edge cases
- `GatewaySend.sol`: involved in gateway flow invariants and payload-to-execution trust boundaries
- `GatewayTransferNative.sol`: repeated focus on `claimRefund` behavior (authorization/reentrancy) and ETH/native refund/withdraw paths
- `libraries/UniswapV2Library.sol`: route/pair selection logic tied to poisoning/DoS and swap-path assumptions
- `libraries/SwapDataHelperLib.sol`, `libraries/AccountEncoder.sol`: reviewed but still comparatively less-settled risk posture after low-confidence parsing/encoding concerns
- Supporting libs/interfaces (`TransferHelper`, `BytesHelperLib`, route/WETH interfaces): mainly contextual to gateway exploitability rather than primary independent issue centers

## Issue Directions Seen
- Recurring high-signal theme: attacker-controlled cross-chain payload fields are trusted too far into swap/spend/payout/refund execution
- Refund/revert authorization mismatches around recipient encoding (especially non-20-byte/non-EVM addresses) repeatedly map to theft or misdirection risk
- Native/ETH sentinel path inconsistencies are a persistent direction for unfunded withdrawal or accounting bypass behavior
- Gateway refund logic shows recurring reentrancy sensitivity (`claimRefund`) with cross-agent convergence
- AMM route/pair existence assumptions (including dust poisoning) remain a practical DoS/manipulation direction
- Residual approvals/allowance lifecycle hygiene appears as a secondary but durable abuse surface
- Owner-centralization/configuration-risk narratives appeared often but were generally lower-confidence vs concrete permissionless exploit paths

## Useful Context
- Cross-round signal is concentrated in gateway contracts; most retained impact comes from flow-composition bugs, not isolated helper-library math/parsing errors
- Strongest retained findings cluster at critical/high where payload trust crosses chain boundaries and directly controls asset movement
- Medium-severity pattern cluster: reentrancy, DoS via route poisoning, and allowance-edge abuse
- `SwapDataHelperLib`/`AccountEncoder` remain underexplored relative to gateway files, with prior attention mostly non-retained and confidence-limited
