{
  "findings": [
    {
      "id": "F-001",
      "severity": "Critical",
      "confidence": "high",
      "title": "User-controlled swap params can spend arbitrary token balances held by gateway contracts",
      "locations": [
        "GatewayCrossChain.sol:373",
        "GatewayCrossChain.sol:492",
        "GatewayTransferNative.sol:414",
        "GatewayTransferNative.sol:453",
        "GatewayTransferNative.sol:574",
        "GatewaySend.sol:199",
        "GatewaySend.sol:245",
        "GatewaySend.sol:366"
      ],
      "claim": "The contracts decode `MixSwapParams` from attacker-controlled payloads and approve/swap using `params.fromToken`/`params.fromTokenAmount` without enforcing that they match the token and amount actually received in the current flow.",
      "impact": "Attackers can spend unrelated token balances already stored in these contracts (fees, stranded funds, prior user funds) and route swap outputs to attacker-controlled recipients, causing direct theft.",
      "paths": [
        "Craft payload/swapData with `params.fromToken` set to a valuable token currently held by the contract.",
        "Trigger `onCall`, `withdrawToNativeChain`, or `depositAndCall` with cheap/unrelated input or minimal value.",
        "Contract approves DODO for attacker-chosen token, and `mixSwap` pulls and converts those tokens for attacker benefit."
      ],
      "round": 1,
      "source_agents": [
        "codex_1"
      ]
    },
    {
      "id": "F-002",
      "severity": "Critical",
      "confidence": "high",
      "title": "Refunds for non-20-byte recipients are claimable by anyone",
      "locations": [
        "GatewayCrossChain.sol:607",
        "GatewayCrossChain.sol:612",
        "GatewayTransferNative.sol:685",
        "GatewayTransferNative.sol:689"
      ],
      "claim": "In both `claimRefund` implementations, when `walletAddress.length != 20`, `receiver` is left as `msg.sender`; the subsequent caller check then always passes for arbitrary callers.",
      "impact": "Refunds intended for non-EVM recipients (e.g., Bitcoin/Solana-style addresses) can be front-run and stolen by any observer.",
      "paths": [
        "A failed cross-chain call stores refund info with non-20-byte `walletAddress`.",
        "Attacker observes `externalId` and calls `claimRefund(externalId)` first.",
        "Authorization passes trivially and funds are transferred to attacker."
      ],
      "round": 1,
      "source_agents": [
        "codex_1"
      ]
    },
    {
      "id": "F-003",
      "severity": "High",
      "confidence": "high",
      "title": "Bitcoin/non-EVM revert recipient is truncated to 20 bytes, misdirecting refunds",
      "locations": [
        "GatewayCrossChain.sol:318",
        "GatewayCrossChain.sol:550",
        "GatewayTransferNative.sol:319",
        "GatewayTransferNative.sol:631"
      ],
      "claim": "`withdraw` encodes revert recipient as `bytes20(sender)`, truncating non-20-byte addresses. `onRevert` then treats the 52-byte revert payload as an EVM address refund target.",
      "impact": "Failed non-EVM withdrawals can refund to unintended EVM addresses (or unusable addresses), causing permanent user fund loss.",
      "paths": [
        "User initiates withdrawal using a non-20-byte recipient format.",
        "Withdrawal fails and gateway calls `onRevert` with the truncated 20-byte recipient.",
        "Contract transfers refund to the truncated EVM address instead of the intended non-EVM recipient."
      ],
      "round": 1,
      "source_agents": [
        "codex_1"
      ]
    },
    {
      "id": "F-004",
      "severity": "Critical",
      "confidence": "high",
      "title": "ETH sentinel path in `withdrawToNativeChain` allows unfunded withdrawal of contract-held tokens",
      "locations": [
        "GatewayTransferNative.sol:549",
        "GatewayTransferNative.sol:554",
        "GatewayTransferNative.sol:570",
        "GatewayTransferNative.sol:574",
        "GatewayTransferNative.sol:477"
      ],
      "claim": "When `zrc20 == 0xEeee...`, `withdrawToNativeChain` skips token transfer-in but still trusts caller-supplied `amount` and proceeds to approve/withdraw `decoded.targetZRC20` from contract balances.",
      "impact": "Attackers can withdraw real escrowed tokens from contract inventory without providing matching input assets.",
      "paths": [
        "Call `withdrawToNativeChain(_ETH_ADDRESS_, amount, message)` with arbitrary `amount` and little/no real funding.",
        "Function skips input `transferFrom` and computes output from attacker-controlled amount/swap data.",
        "Gateway withdrawals are executed using tokens already held by the contract."
      ],
      "round": 1,
      "source_agents": [
        "codex_1"
      ]
    },
    {
      "id": "F-005",
      "severity": "High",
      "confidence": "medium",
      "title": "GatewaySend destination payout uses payload amount/token flags instead of reconciled delivered assets",
      "locations": [
        "GatewaySend.sol:347",
        "GatewaySend.sol:354",
        "GatewaySend.sol:363",
        "GatewaySend.sol:370"
      ],
      "claim": "`GatewaySend.onCall` trusts `amount`, `fromToken`, and `toToken` decoded from payload and does not reconcile them against the assets actually delivered by gateway in that call (or `msg.value`).",
      "impact": "Crafted cross-chain payloads can overstate payout and drain pre-existing ETH/token balances in destination `GatewaySend`.",
      "paths": [
        "Send a cross-chain call with payload encoding inflated `amount` and favorable token mode (notably ETH paths that skip token pull).",
        "`onCall` computes payout from payload values and transfers funds to attacker-controlled recipient.",
        "Any contract reserves beyond actual delivered assets are siphoned."
      ],
      "round": 1,
      "source_agents": [
        "codex_1"
      ]
    },
    {
      "id": "F-006",
      "severity": "Medium",
      "confidence": "medium",
      "title": "Reentrancy in `GatewayTransferNative.claimRefund` allows repeated refund claims",
      "locations": [
        "GatewayTransferNative.sol:691",
        "GatewayTransferNative.sol:692"
      ],
      "claim": "`claimRefund` performs external token transfer before deleting `refundInfos[externalId]`, enabling reentrancy on malicious refund tokens.",
      "impact": "A malicious token can reenter and claim the same refund multiple times in one transaction, draining additional token balance held by the contract.",
      "paths": [
        "Create refund entry where `refundInfo.token` is a reentrant token.",
        "Call `claimRefund(externalId)`; token transfer reenters before storage deletion.",
        "Repeated claims execute until balance is exhausted or reentrancy stops."
      ],
      "round": 1,
      "source_agents": [
        "codex_1",
        "opencode_1"
      ]
    },
    {
      "id": "F-007",
      "severity": "Medium",
      "confidence": "medium",
      "title": "Balance-based pair existence check can be dust-poisoned into swap-path DoS",
      "locations": [
        "GatewayCrossChain.sol:234",
        "GatewayCrossChain.sol:245",
        "GatewayTransferNative.sol:235",
        "GatewayTransferNative.sol:246",
        "libraries/UniswapV2Library.sol:44"
      ],
      "claim": "`_existsPairPool` infers pair existence by token balances at computed pair address rather than verifying deployed pair code/reserves.",
      "impact": "Attackers can dust non-pair addresses so routing selects nonexistent direct pools, causing reserve lookups/swaps to revert and denying service for affected routes.",
      "paths": [
        "For token pair without real direct pool, send dust of both tokens to computed pair address.",
        "`_existsPairPool` returns true and route selection uses 2-hop direct path.",
        "Subsequent `getReserves`/swap call reverts on non-pair target, blocking those swaps."
      ],
      "round": 1,
      "source_agents": [
        "codex_1"
      ]
    },
    {
      "id": "F-008",
      "severity": "Medium",
      "confidence": "low",
      "title": "Public `withdraw` can be abused when residual gateway allowances remain",
      "locations": [
        "GatewayTransferNative.sol:305",
        "GatewayTransferNative.sol:319",
        "GatewayTransferNative.sol:477",
        "GatewayTransferNative.sol:496"
      ],
      "claim": "`GatewayTransferNative.withdraw` is publicly callable, while other flows can leave residual gateway allowance (notably approvals of `outputAmount + gasFee` against lower effective spend). Under certain fee/limit conditions, callers can consume leftover allowance to trigger unauthorized withdrawals.",
      "impact": "If residual approval plus contract balance exist, arbitrary callers can route contract-held tokens out to attacker-chosen recipients.",
      "paths": [
        "A prior flow leaves nonzero residual approval from `GatewayTransferNative` to gateway.",
        "Attacker calls public `withdraw` with attacker-controlled recipient bytes and amount within remaining spendable margin.",
        "Gateway pulls tokens from contract allowance and emits withdrawal to attacker destination."
      ],
      "round": 1,
      "source_agents": [
        "codex_1"
      ]
    }
  ],
  "rejected_candidates": [
    {
      "title": "Owner Can Drain All Contract Funds via superWithdraw",
      "source_agents": [
        "opencode_1"
      ],
      "reason": "Privileged `onlyOwner` emergency withdrawal capability; this is trust/governance centralization, not an unauthorized exploit path."
    },
    {
      "title": "Owner Can Set Malicious DODORouteProxy to Steal User Funds",
      "source_agents": [
        "opencode_1"
      ],
      "reason": "Depends on malicious owner action; treated as admin trust assumption rather than a permissionless vulnerability."
    },
    {
      "title": "Owner Can Set Malicious DODOApprove to Steal User Tokens",
      "source_agents": [
        "opencode_1"
      ],
      "reason": "Depends on malicious owner action; not a non-privileged exploit."
    },
    {
      "title": "Owner Can Set Excessive FeePercent Degrading User Swaps",
      "source_agents": [
        "opencode_1"
      ],
      "reason": "Owner-governed parameter risk; policy/centralization issue, not a code-level exploit by external attackers."
    },
    {
      "title": "Owner Can Set Excessive Slippage Causing User Loss",
      "source_agents": [
        "opencode_1"
      ],
      "reason": "Owner-controlled configuration risk rather than unauthorized exploit."
    },
    {
      "title": "Arbitrary Gateway Address Can Be Set by Owner",
      "source_agents": [
        "opencode_1"
      ],
      "reason": "Admin trust assumption; requires privileged owner compromise or malicious governance."
    },
    {
      "title": "Missing Deadline Validation in Uniswap Swaps",
      "source_agents": [
        "opencode_1"
      ],
      "reason": "No concrete theft or protocol-level exploit demonstrated; fixed short deadline mostly affects execution reliability/reverts."
    },
    {
      "title": "AccountEncoder.decompressAccounts Lacks Bounds Checking",
      "source_agents": [
        "opencode_1"
      ],
      "reason": "Primarily malformed-input/self-DoS behavior; no clear permissionless fund-loss path established."
    },
    {
      "title": "SwapDataHelperLib Uses Unchecked Arithmetic Without Validation",
      "source_agents": [
        "opencode_1"
      ],
      "reason": "Claim is too speculative and not tied to a concrete exploit causing realistic protocol harm."
    },
    {
      "title": "Missing Zero Address Validation in setDODORouteProxy GatewaySend.sol",
      "source_agents": [
        "opencode_1"
      ],
      "reason": "Owner misconfiguration hardening issue only; not an external exploit vector."
    },
    {
      "title": "Inconsistent CEI Pattern Between claimRefund Implementations",
      "source_agents": [
        "opencode_1"
      ],
      "reason": "Not a distinct issue; the actionable vulnerability is already captured as reentrancy in `GatewayTransferNative.claimRefund`."
    },
    {
      "title": "Inconsistent Zero Address Validation in setEddyTreasurySafe",
      "source_agents": [
        "opencode_1"
      ],
      "reason": "Configuration consistency concern without a direct non-privileged attack path."
    },
    {
      "title": "Unsafe Type Casting from Bytes to Address",
      "source_agents": [
        "opencode_1"
      ],
      "reason": "Informational pattern note; no standalone exploitable protocol harm demonstrated beyond accepted findings."
    },
    {
      "title": "External ID Collision Risk in _calcExternalId",
      "source_agents": [
        "opencode_1"
      ],
      "reason": "No practical collision exploit shown under actual nonce progression and usage."
    }
  ]
}
