[
  {
    "id": "F-001",
    "severity": "High",
    "confidence": "high",
    "title": "Dinero withdrawal finalization condition is inverted",
    "locations": [
      "withdraws/Dinero.sol:55",
      "withdraws/Dinero.sol:71",
      "withdraws/Dinero.sol:87"
    ],
    "claim": "`DineroWithdrawRequestManager.canFinalizeWithdrawRequest` returns `PirexETH.outstandingRedemptions() > totalAssets`, but finalization should only be ready when assets are sufficient for redemptions. This inverted comparison makes redeemable states fail readiness checks.",
    "impact": "Dinero withdraw requests can remain unfinalizable and funds can be stuck in pending-withdraw state.",
    "paths": [
      "User initiates a Dinero withdrawal request",
      "Referenced batches become dissolved/slashed and assets are available",
      "Outstanding redemptions are less than or equal to the request assets",
      "canFinalizeWithdrawRequest returns false because the comparison is inverted, blocking finalize/redeem"
    ],
    "round": 1,
    "source_agents": [
      "codex_1"
    ]
  },
  {
    "id": "F-002",
    "severity": "High",
    "confidence": "medium",
    "title": "Morpho market oracle uses account-agnostic vault price and can misprice pending-withdraw collateral",
    "locations": [
      "routers/MorphoLendingRouter.sol:64",
      "AbstractYieldStrategy.sol:118",
      "AbstractYieldStrategy.sol:123",
      "staking/AbstractStakingStrategy.sol:50",
      "single-sided-lp/AbstractSingleSidedLP.sol:300"
    ],
    "claim": "Morpho markets are configured with `oracle: vault`, so Morpho-side checks use the vault `price()` path. Borrower-specific pending-withdraw valuation adjustments depend on borrower context (`price(address)` / `t_CurrentAccount`) and may be skipped when Morpho reads the account-agnostic oracle price.",
    "impact": "Collateral can be overvalued for borrowers with pending withdraws, allowing excess borrowing and delayed liquidation, which increases bad-debt risk.",
    "paths": [
      "Borrower enters pending-withdraw state where account-specific valuation should apply",
      "Morpho operations rely on market oracle configured as the vault",
      "Oracle read path is account-agnostic and may not apply borrower-specific pending-withdraw haircut",
      "Borrow/solvency checks can overestimate collateral value"
    ],
    "round": 1,
    "source_agents": [
      "codex_1"
    ]
  },
  {
    "id": "F-003",
    "severity": "Medium",
    "confidence": "high",
    "title": "LP pending-withdraw valuation reverts when a token leg has zero exit balance",
    "locations": [
      "single-sided-lp/AbstractSingleSidedLP.sol:332",
      "single-sided-lp/AbstractSingleSidedLP.sol:363",
      "single-sided-lp/AbstractSingleSidedLP.sol:370"
    ],
    "claim": "LP withdraw initiation skips legs with `exitBalances[i] == 0`, so no withdraw request is created for those legs. Later valuation requires `hasRequest` for every token leg and unconditionally reverts when any skipped leg has no request.",
    "impact": "Pending-withdraw positions can become unpriceable during the request period, disrupting health checks and liquidation/repayment flows that depend on `convertToAssets`.",
    "paths": [
      "A proportional LP exit returns zero amount for at least one pool token leg",
      "initiateWithdraw skips creating a request for that leg",
      "Account is still pending-withdraw because another leg has a request",
      "convertToAssets -> getWithdrawRequestValue hits `require(hasRequest)` for the skipped leg and reverts"
    ],
    "round": 1,
    "source_agents": [
      "codex_1"
    ]
  },
  {
    "id": "F-004",
    "severity": "Medium",
    "confidence": "high",
    "title": "Reward debt is advanced even when reward transfer fails",
    "locations": [
      "rewards/AbstractRewardManager.sol:231",
      "rewards/AbstractRewardManager.sol:232",
      "rewards/AbstractRewardManager.sol:242",
      "rewards/AbstractRewardManager.sol:250"
    ],
    "claim": "`_claimRewardToken` advances account `rewardDebt` before attempting transfer, then swallows transfer failures and only emits a zero-transfer event. Failed transfers do not preserve claimable rewards.",
    "impact": "Users can permanently lose accrued rewards when transfer fails (blacklist, paused/broken token, non-standard behavior) because there is no retryable accounting rollback.",
    "paths": [
      "User claims rewards",
      "Contract computes `rewardToClaim` and updates `rewardDebt`",
      "Reward token transfer fails or returns false",
      "Function emits zero transfer but keeps updated debt, burning user claim"
    ],
    "round": 1,
    "source_agents": [
      "codex_1",
      "opencode_1"
    ]
  },
  {
    "id": "F-005",
    "severity": "Low",
    "confidence": "medium",
    "title": "Zero-yield-token withdraw requests can trigger division-by-zero on finalization accounting",
    "locations": [
      "AbstractYieldStrategy.sol:302",
      "withdraws/AbstractWithdrawRequestManager.sol:111",
      "withdraws/AbstractWithdrawRequestManager.sol:114",
      "withdraws/AbstractWithdrawRequestManager.sol:240",
      "withdraws/AbstractWithdrawRequestManager.sol:326"
    ],
    "claim": "Withdraw initiation does not enforce `yieldTokenAmount > 0`. For dust shares, `convertSharesToYieldToken` can round to zero, creating requests with nonzero shares but `totalYieldTokenAmount == 0`; finalized accounting later divides by `s.totalYieldTokenAmount`.",
    "impact": "Dust positions can be pushed into withdraw-request states that fail to finalize/redeem cleanly.",
    "paths": [
      "Account with very small shares initiates withdraw",
      "`convertSharesToYieldToken` rounds down to zero",
      "Request is recorded with `yieldTokenAmount == 0` and tokenized total set to zero",
      "Finalized pro-rata calculation divides by zero and reverts"
    ],
    "round": 1,
    "source_agents": [
      "codex_1"
    ]
  },
  {
    "id": "F-006",
    "severity": "Medium",
    "confidence": "high",
    "title": "LP withdraw finalization reverts when any pool leg had zero balance at withdraw initiation",
    "locations": [
      "single-sided-lp/AbstractSingleSidedLP.sol:363",
      "single-sided-lp/AbstractSingleSidedLP.sol:392"
    ],
    "claim": "LP withdraw initiation skips zero-balance legs, so no request exists for that token. Finalization still iterates all legs and computes `yieldTokensBurned = w.yieldTokenAmount * sharesToRedeem / w.sharesAmount`; for a leg with no request, `w.sharesAmount == 0`, causing division-by-zero revert.",
    "impact": "Matured LP withdraw requests can become permanently unredeemable, leaving escrowed shares stuck and blocking permissionless exit.",
    "paths": [
      "User initiates LP withdraw where at least one token leg exits with zero amount",
      "No withdraw request is created for the zero leg",
      "Later finalize flow iterates that leg and divides by `w.sharesAmount`",
      "Division by zero reverts the redemption"
    ],
    "round": 2,
    "source_agents": [
      "codex_1"
    ]
  },
  {
    "id": "F-007",
    "severity": "Medium",
    "confidence": "high",
    "title": "Ethena zero-duration cooldown mode strands redeemed USDe in cloned holder",
    "locations": [
      "withdraws/Ethena.sol:18",
      "withdraws/Ethena.sol:20",
      "withdraws/Ethena.sol:39",
      "withdraws/Ethena.sol:47"
    ],
    "claim": "If `sUSDe.cooldownDuration() == 0`, `_startCooldown` redeems immediately into the holder. During finalization, `_finalizeCooldown` measures `balanceAfter - balanceBefore` after funds are already present, so `tokensClaimed` becomes zero and redeemed USDe is not forwarded to the vault.",
    "impact": "Withdrawals can finalize with zero payout while user funds remain trapped in per-request holder clones until admin rescue.",
    "paths": [
      "Ethena cooldown duration is set to zero",
      "Withdraw initiation redeems sUSDe directly into the cloned holder",
      "Finalization computes delta balance after funds already arrived",
      "`tokensClaimed` is zero and user receives nothing"
    ],
    "round": 2,
    "source_agents": [
      "codex_1"
    ]
  },
  {
    "id": "F-008",
    "severity": "Low",
    "confidence": "medium",
    "title": "Dinero withdrawals never request validator exits",
    "locations": [
      "withdraws/Dinero.sol:29",
      "withdraws/Dinero.sol:30"
    ],
    "claim": "Dinero withdrawal initiation hardcodes `shouldTriggerValidatorExit = false` in `PirexETH.initiateRedemption`, so this flow never requests validator exits even when exiting validators is needed to service its redemptions.",
    "impact": "Requests can remain pending significantly longer and may be effectively stuck until external actors trigger exits or provide liquidity.",
    "paths": [
      "User initiates Dinero withdraw during low available redemption liquidity",
      "Manager initiates redemption with `shouldTriggerValidatorExit = false`",
      "No validator exit is requested by this withdraw flow",
      "Finalization depends on external actors and can remain unavailable"
    ],
    "round": 2,
    "source_agents": [
      "codex_1"
    ]
  },
  {
    "id": "F-009",
    "severity": "Low",
    "confidence": "high",
    "title": "Dinero request-id nonce overflows after 65,535 withdrawals and halts new requests",
    "locations": [
      "withdraws/Dinero.sol:10",
      "withdraws/Dinero.sol:32"
    ],
    "claim": "Dinero uses a `uint16` `s_batchNonce` for request-id uniqueness. Under Solidity 0.8 checked arithmetic, `++s_batchNonce` reverts after reaching `type(uint16).max`, permanently preventing further request creation.",
    "impact": "A finite number of withdrawals can exhaust nonce space and permanently DoS new Dinero withdraw requests unless code is upgraded.",
    "paths": [
      "Repeated withdraw initiations increment `s_batchNonce`",
      "Nonce reaches 65,535",
      "Next `++s_batchNonce` overflows and reverts",
      "All subsequent Dinero withdraw initiations fail"
    ],
    "round": 2,
    "source_agents": [
      "codex_1"
    ]
  }
]
