# Global Audit Memory

## Scope Touched
- `queues/SignatureRedeemQueue.sol` / `queues/SignatureQueue.sol` (+ signature queue variants): recipient/caller authorization binding and signed-order execution semantics remain a primary risk surface.
- `queues/DepositQueue.sol` / `queues/RedeemQueue.sol`: settlement/cancel/checkpoint integrity and index/accounting edge cases continue to recur.
- `managers/RiskManager.sol` + `oracles/Oracle.sol`: oracle-driven conversion dependencies (including asset removal effects) and revert propagation into queue flows are now high-signal.
- `managers/FeeManager.sol`: accrual/performance-fee math and state-update ordering remain a persistent direction.
- `modules/ShareModule.sol` / `managers/ShareManager.sol` / `managers/TokenizedShareManager.sol`: claim/mint/share-allocation side effects and liveness/economic edge cases remain relevant.
- `modules/VaultModule.sol` / `managers/RiskManager.sol`: subvault allowlist composition with redeem/asset movement still implicated in lockup-style behavior.
- `libraries/TransferLibrary.sol`: non-standard ERC20 receipt/accounting assumptions remain important for dilution/DoS analysis.
- lightly touched this round: `Factory.sol`, `VaultConfigurator.sol`, `permissions/Verifier.sol` (low-depth coverage, no retained outcomes).

## Issue Directions Seen
- Signature authorization mismatches between signed intent and on-chain actor/recipient binding (now reinforced by retained redeem-flow auth issue).
- Oracle lifecycle/control actions (notably asset removal) causing downstream conversion reverts and queue/risk liveness failures.
- Queue state integrity and pause/emergency-path completeness under cancel/settle/checkpoint transitions.
- Fee accrual and performance-fee trigger/order-of-operations errors.
- Share/deposit accounting fragility with non-standard ERC20 transfer semantics.
- Control-plane/initialization assumptions around privileged wiring and allowlist-governed asset routes.

## Useful Context
- Cross-agent convergence is strongest on signature queues, core queues, `RiskManager`, and `Oracle`; these interfaces create the most credible multi-contract failure chains.
- Round-3 retained signal concentrated on: (1) recipient-bound authorization in signature redeem paths, and (2) oracle asset-removal fallout on `convertToShares`-dependent operations.
- Prior hypotheses around claim-path gas/liveness, share-allocation minting abuse, and oracle/report edge behavior were investigated with mixed retention; treat as context, not closure.
- Broader config/governance surfaces (`Factory`/`VaultConfigurator`/`Verifier`) were scanned but remain comparatively under-evidenced.
