# Global Audit Memory

## Scope Touched
- `Staking.sol` — persistent hotspot; repeated focus on `deposit`, `withdraw`, `emergencyWithdraw`, `manualEpochInit`, epoch/history helpers, pool-size reads, and Compound mint/redeem plus interest-sweep liquidity paths
- Compound-facing stablecoin plumbing inside `Staking.sol` — recurring attention on cToken interactions, redeem/mint result handling, approval behavior, and hardcoded token/cToken address assumptions
- embedded `SafeERC20.sol` / transfer helpers — lightly revisited for transfer/approval return-value assumptions that can magnify staking accounting or payout inconsistencies
- referral/reward helpers (`processReferrals`, percentage-update state) — seen as adjacent surface but still secondary and comparatively underexplored versus withdrawal/liquidity logic
- `Contract.sol` — mainly serves as the container for the embedded staking system; useful for navigation more than as an independent logic surface

## Issue Directions Seen
- Token/accounting mismatch paths: internal stake or claim accounting can diverge from assets actually moved, especially with non-standard ERC-20 behavior, approval quirks, external integration failures, or balance-based accounting
- Emergency/withdraw liveness fragility: exit flows remain sensitive to liquidity shortfalls, incomplete accounting cleanup, and epoch state that is stale, skipped, or backfilled
- Epoch progression and snapshot integrity: historical pool-size views and epoch-dependent behavior continue to look exposed to mutable or stale state
- Compound integration safety: weak coupling between staking bookkeeping and `mint` / `redeem` success, redeemable liquidity, or fixed address assumptions can propagate into withdrawal availability
- Non-stable pool valuation/snapshot risk: some accounting paths appear to trust raw balance views over tracked stake totals, leaving room for pool-size divergence
- Permissionless interest-sweep pressure: publicly callable interest/redemption flows may let third parties reorder liquidity usage in ways that worsen withdrawal shortfalls

## Useful Context
- Audit attention stays concentrated on one effective contract surface, with the dominant theme being bookkeeping consistency under imperfect asset movement and external liquidity constraints rather than classic privilege misuse
- The same accounting surfaces recur across normal withdrawals, emergency exits, manual epoch initialization, historical snapshot reads, and interest handling, showing tight coupling between liveness and accounting correctness
- Historical/epoch helpers are part of the practical attack surface because present-state mutations can influence both past-epoch reads and whether later user actions remain executable
- Helper/library code has received only light review; durable risk continues to come mainly from how staking logic consumes token balances, approval outcomes, and Compound availability assumptions
- Referral/reward logic has been inspected but remains a lower-confidence, less-explored branch relative to the much heavier focus on withdrawal, emergency, and Compound-backed stablecoin flows
