# Global Audit Memory

## Scope Touched
- `managers/FeeManager.sol`: fee accrual/reporting coupling and performance-fee trigger behavior (including loss-period charging direction).
- `modules/ShareModule.sol` / `managers/ShareManager.sol` / `managers/TokenizedShareManager.sol`: transfer/claim flow side effects, whitelist-policy enforcement, liveness pressure from claim paths.
- `managers/RiskManager.sol` / `modules/VaultModule.sol`: privileged control-plane wiring (`setVault`/bootstrap assumptions), subvault allowlist interactions with asset movement.
- `queues/DepositQueue.sol` / `queues/RedeemQueue.sol` / `queues/SignatureDepositQueue.sol` / `queues/SignatureRedeemQueue.sol` / `queues/SignatureQueue.sol`: queue accounting/cancellation/checkpoint integrity, signature-gated execution, pause-path completeness.
- `hooks/BasicRedeemHook.sol`: hook liquidity assumptions and interaction boundaries with risk checks.
- `libraries/TransferLibrary.sol`: ERC20 transfer-accounting assumptions (exact-amount vs received-amount behavior).
- `permissions/Consensus.sol`: signer-set authorization correctness under multisig-style validation.
- `oracles/Oracle.sol` / factory surface: timeout/suspicion and deployment/control-plane hypotheses were examined but not retained this round.

## Issue Directions Seen
- Fee math/state-update ordering flaws: over-accrual and incorrect performance-fee charging conditions.
- Subvault allowlist + redeem path composition: asset lockup and dust-induced DoS vectors.
- Deposit/share accounting under non-standard ERC20 semantics (fee-on-transfer/short-receipt dilution risk).
- Signature authorization robustness: signer uniqueness, replay/validation edge cases.
- Queue state integrity: cancel/index/checkpoint precision and pause/emergency coverage gaps.
- Initialization/control-plane race windows around one-time vault binding and privileged setup.

## Useful Context
- Highest cross-agent signal converged on `FeeManager`, `ShareModule`, `RiskManager`, `VaultModule`, queue contracts, and `TransferLibrary`.
- This round’s retained outcomes concentrated on fee logic, subvault-allowlist redeem behavior, and transfer-accounting assumptions; broader oracle/factory/permission hypotheses saw less retention.
- Prior-round concerns on claim-path liveness and signature-queue safety remain relevant context, not closure.
- `Oracle.sol` and factory/control-plane paths were explored with mixed conviction and may still warrant targeted re-validation if new evidence appears.
