# Global Audit Memory

## Scope Touched
- `src/protocol/pair/ResupplyPairCore.sol` / `src/protocol/ResupplyPair.sol` — persistent audit center; borrow/collateral/liquidation/redemption accounting, solvency + exchange-rate refresh, full-redemption debt/share resets, fee paths, and external handler / Convex transitions
- Convex collateral management in `src/protocol/ResupplyPair.sol` — durable risk surface for credited collateral vs actual asset location, especially around staking, pool-switch, or migration state changes
- Oracle integration around `src/interfaces/IOracle.sol` and pair refresh paths — protocol-wide dependency for price normalization, inversion/decimals handling, freshness/sanity assumptions, and zero-price availability
- `src/protocol/RewardDistributorMultiEpoch.sol` — recurring liveness/accounting surface; checkpoint/integral and claim coupling can affect borrower-facing flows even when no finding is retained
- `src/protocol/WriteOffToken.sol` / `src/libraries/VaultAccount.sol` — supporting context for debt/share, writeoff, and redemption-side accounting behavior

## Issue Directions Seen
- Oracle math and refresh behavior remain a core direction: decimal mismatches, inversion logic, weak freshness/sanity assumptions, and zero-price availability failures
- Pair accounting vs real asset state is the strongest recurring theme, especially where redemptions, writeoffs, migrations, or external integrations let internal balances diverge from recoverable collateral
- Redemption/writeoff accounting is now a durable direction: borrower writeoff handling can misstate remaining collateral, and redemption edge cases interact with debt-share cleanup
- Full-redemption/reset logic remains a live accounting direction: when debt is fully cleared, stale global borrow-share state can survive and contaminate later borrowing cycles
- Reward distribution remains a secondary but recurring direction in two forms: zero-borrow-share accounting can strand rewards, and reward-claim execution can couple into borrow/repay/withdraw/liquidation liveness
- Convex integration remains live beyond staking-success assumptions: pool-management edge cases and sentinel/state encoding can orphan or live-lock collateral
- Handler-mediated redemption/liquidation settlement and fee-accounting assumptions remain background suspicion, but lower-confidence than the core oracle/accounting directions

## Useful Context
- The most stable audit picture still radiates from `ResupplyPairCore` plus the wrapper pair contract; external modules mostly amplify mistakes in accounting, pricing, or flow liveness
- A repeated cross-round pattern is state/accounting drift: the system can advance internal debt, share, collateral, or writeoff state in ways that do not cleanly match attributable debt or recoverable assets
- Redemption is not just a settlement path; it is a recurring place where borrower-specific writeoff state and global debt/share state can desynchronize
- Borrower checkpointing and reward claiming are not cleanly separated concerns: reward-side failures can propagate into core lending operations, so liveness matters alongside value correctness
- Low-confidence but retained background context includes redemption/liquidation handler ordering assumptions, fee handling, and bounded-integer debt edge cases for future correlation
