# Global Audit Memory

## Scope Touched
- `cauldrons/CauldronV4.sol` remains the dominant surface: `cook()` / `_call()` dispatch, `init()` / clone initialization, solvency-gated borrow/withdraw paths, liquidation seizure/accounting, accrual and debt/share bookkeeping, `withdrawFees()`, `reduceSupply()`, and owner/master-contract parameter storage
- `cauldrons/PrivilegedCauldronV4.sol` remains the main secondary surface, especially `addBorrowPosition()`, privileged debt assignment, and where privileged flows diverge from normal `_borrow()` constraints or solvency assumptions
- `cauldrons/PrivilegedCheckpointCauldronV4.sol` matters mainly for liquidation/collateral hook behavior and checkpoint-token callback coupling, including reliance on external callback outcomes
- Supporting interfaces — `interfaces/IOracle.sol`, `interfaces/IBentoBoxV1.sol`, `interfaces/ICheckpointToken.sol`, `interfaces/ISwapperV2.sol`, `interfaces/IStrategy.sol` — continue to matter as assumption surfaces for oracle liveness/decimals, BentoBox share conversions, and external call behavior, though they have seen lighter direct scrutiny

## Issue Directions Seen
- `cook()` remains a recurring hotspot because flexible action dispatch, arbitrary external calls, and value forwarding can blur intended safety boundaries
- Clone lifecycle / initialization remains a durable direction: uninitialized clones expose first-caller-wins `init()` risk, so master-vs-clone deployment assumptions stay security-critical
- Liquidation logic remains a top-value direction: accounting consistency, rounding, duplicate-borrower handling, partial-seizure edges, oracle dependence, and external-hook interactions can create underpayment or revert-driven unliquidatability
- Oracle integration remains a core concern: invalid, stale, reverting, or decimal-mismatched rates can distort or block borrow, withdraw, and liquidation behavior; cached `exchangeRate` use is part of this broader direction
- Fee and debt accounting mismatches remain promising where bookkeeping for fees, supply reduction, accrual, casts, or debt state diverges from actual BentoBox share availability or effective borrower terms
- Admin-controlled parameterization remains central: weakly constrained updates to collateralization, interest, liquidation settings, or borrow opening fees can abruptly change solvency and debt economics
- Privileged debt paths continue to stand out where debt can be reassigned or created in ways that separate who receives assets, who bears liabilities, and when interest begins accruing
- Shared-balance / skim mechanics remain dangerous where BentoBox-staged collateral or MIM shares can be relied on by one actor and captured by another

## Useful Context
- Cross-round attention stays concentrated in `CauldronV4`; wrapper cauldrons and interfaces mostly serve as context for validating assumptions around the core debt/accounting engine
- A repeated pattern is internal state appearing coherent while economic reality diverges: liquidation math can under-collect through iteration/rounding effects, fee counters may not match withdrawable shares, and debt burden or recoverability can differ materially from stored values
- Borrower-list semantics matter in liquidation analysis: logic that is locally correct per iteration can still misaccount when the same borrower is processed multiple times
- Post-action assumptions matter more than isolated local checks, especially around oracle failure handling, delayed accrual, BentoBox rounding, liquidation seizure math, callback side effects, and clone initialization / ownership expectations
- Recent review reinforced that privileged extensions are mainly worth comparing against core cauldron invariants: debt injection behavior, solvency checks using cached pricing state, and checkpoint-hook callback handling remain notable comparison points even without retained findings
- Interfaces remain more lightly explored than core cauldron logic, so many durable assumptions still come from how `CauldronV4` consumes oracle, BentoBox, swapper, strategy, and checkpoint-token behavior
