# Round 1 Summary

## Agent: codex_1
- files touched: `onchain_auto/0x051ebd717311350f1684f89335bed4abd083a2b6/Contract.sol`
- files revisited / highest-attention files: repeated passes over `Contract.sol`, especially DVM vault/trade/liquidity/TWAP/init regions around `:894`, `:922-926`, `:932-951`, `:1169-1363`, and `:1415-1465`
- main issue directions investigated: permissionless/replayable `init()`, ambient balance-delta accounting in swaps and LP flows, TWAP update ordering, `tx.origin` fee-tier usage, slippage-bound absence, and initial LP mint handling of trapped quote balances
- promising but not retained directions: lack of on-chain slippage bounds on swaps/share minting was reported by this agent but not retained after merge

## Agent: opencode_1
- files touched: `onchain_auto/0x051ebd717311350f1684f89335bed4abd083a2b6/Contract.sol`; also read `../../../output/dodo_flashloan_dualmodel_1round_p4/rounds/round_1/agent_opencode_1/current_task.md`
- files revisited / highest-attention files: `Contract.sol`, with output emphasis on flash-loan logic, `init()`, pricing math, fee model, and `permit`
- main issue directions investigated: flash-loan repayment validation, re-initialization risk, reserve-depletion/division-by-zero scenarios, callback/repayment handling, owner-controlled fee model behavior, flash-loan slippage framing, and permit deadline behavior
- promising but not retained directions: flash-loan OR-based repayment check, division-by-zero lockup, callback transfer/repayment concerns, fee-model owner abuse, flash-loan slippage, and permit deadline edge case were raised but not retained after merge

## Cross-Agent Status
- main overlap in file/area attention: both agents concentrated on `onchain_auto/0x051ebd717311350f1684f89335bed4abd083a2b6/Contract.sol`, with clear overlap on `init()` reinitialization risk
- notable differences in attention: `codex_1` spent more effort on reserve/accounting, LP mint/burn, and TWAP mechanics; `opencode_1` focused more on flash-loan repayment logic, pricing failure modes, fee model configuration, and permit behavior
- underexplored but suspicious files/functions if clearly supported by the logs: no additional files were explored in scope beyond `Contract.sol`; flash-loan paths received attention from `opencode_1` but were not retained except where related themes overlapped with broader accounting/fee concerns

## Retained Findings
- `init()` was retained as a critical issue because pool initialization can be called permissionlessly and replayed, allowing takeover or live reconfiguration
- reserve/accounting logic was retained as critical because swaps and LP actions consume ambient token balances, letting third parties capture pending deposits or outputs
- TWAP handling was retained as high severity because cumulative pricing uses post-update reserves, enabling stale-window oracle poisoning
- fee-tier logic was retained as medium severity because `tx.origin` makes privileged fee treatment transferable/phishable through intermediary contracts
- initial LP minting was retained as medium severity because bootstrap share issuance ignores quote-side value, allowing capture of trapped quote balances in empty-pool states
