# Round 1 Summary

## Agent: codex_1
- files touched: `onchain_auto/0xeda47e13fd1192e32226753dc2261c4a14908fb7/Contract.sol`
- files revisited / highest-attention files: `Contract.sol`, especially constructor / pair setup, `_transfer` and swapback flow, reflection math (`_getValues`, `_getRValues`, `_reflectFee`, `_takeTeam`), and fee-wallet forwarding
- main issue directions investigated: reflection accounting correctness; whether the Uniswap pair was excluded from reflections; public swapback trigger and slippage exposure; `.transfer()`-based ETH forwarding and transfer-path DoS risk
- promising but not retained directions: unbounded `_excluded` iteration via `_getCurrentSupply()` / `_getRate()` as a possible gas-bricking vector was developed into a candidate finding in the agent output but was not retained after merge

## Agent: opencode_1
- files touched: `onchain_auto/0xeda47e13fd1192e32226753dc2261c4a14908fb7/Contract.sol`
- files revisited / highest-attention files: `Contract.sol` only
- main issue directions investigated: initial contract read only; no concrete issue direction is visible in the log
- promising but not retained directions: none visible from the log

## Cross-Agent Status
- main overlap in file/area attention: both agents opened the same in-scope file, `onchain_auto/0xeda47e13fd1192e32226753dc2261c4a14908fb7/Contract.sol`
- notable differences in attention: `codex_1` performed substantive analysis around reflection mechanics, pair behavior, swapback, and fee distribution; `opencode_1` only shows an initial read with no reported follow-through
- underexplored but suspicious files/functions if clearly supported by the logs: `_excluded` / `_getCurrentSupply()` / `_getRate()` received some attention from `codex_1` through a non-retained gas-bricking candidate, but did not survive merge

## Retained Findings
- Reflection transfer math omits the team-fee portion from `rTransferAmount`, breaking reflection invariants and enabling phantom token accumulation that can later be extracted through swapback
- The Uniswap pair is not excluded from reflections, allowing surplus reflected tokens to accumulate in LP and be permissionlessly skimmed
- Swapback is publicly triggerable once the fee threshold is reached and sells with `amountOutMin = 0`, exposing treasury fee dumps to sandwich extraction
- ETH forwarding to fee wallets uses `.transfer()`, so an incompatible recipient can cause swapback reverts and block ordinary transfers once the threshold is met
