# Global Audit Memory

## Scope Touched
- `GatewayCrossChain.sol`: primary cross-chain execution trust boundary; repeated focus on swap-to-withdraw asset/amount binding, empty `swapDataZ` behavior, payout/refund routing
- `GatewaySend.sol`: source-side asset provenance/binding gap between declared bridged asset and actual swap output
- `GatewayTransferNative.sol`: refund callback storage/overwrite behavior (`externalId` collisions), `claimRefund` reentrancy/authorization sensitivity, native payout paths
- `libraries/AccountEncoder.sol`: Solana account decompression path flagged for malformed `Account[]` memory layout (correctness/availability impact)
- `libraries/UniswapV2Library.sol`, `libraries/SwapDataHelperLib.sol`, `libraries/TransferHelper.sol`: secondary but recurring context for route assumptions, swap handling, and transfer/approval edge behavior
- Supporting helpers/interfaces (`BytesHelperLib`, route/WETH interfaces): mostly contextual; some remain lightly analyzed versus gateway hotspots

## Issue Directions Seen
- Persistent high-signal theme: attacker-influenced cross-chain payload data is trusted too far into swap, withdrawal, and payout/refund execution
- Strong recurring direction: missing asset-binding invariants across composed flows (swap output vs declared/expected bridged asset), including no-op/empty swap paths
- Recipient encoding/casting mismatches (non-EVM bytes, truncation/padding to EVM address) repeatedly map to payout misdirection risk
- Refund state integrity is a durable issue class: callback metadata overwrite/collision and `claimRefund` reentrancy sensitivity
- Native/ETH sentinel and accounting path inconsistencies remain a recurring avenue for withdrawal/accounting bypass narratives
- AMM route/pair assumption and poisoning/DoS themes persist as secondary directions; several slippage/deadline variants remained lower confidence

## Useful Context
- Cross-round retained signal is concentrated in gateway flow composition, not isolated arithmetic/parsing helpers
- Highest-impact findings consistently occur where cross-chain payload trust directly controls asset movement
- Medium-severity cluster remains around refund state handling, recipient encoding, and availability/correctness breakage in non-EVM account encoding
- `AccountEncoder` moved from underexplored to confirmed-risk territory; several other helper/interface files remain comparatively shallowly tested
