# Global Audit Memory

## Scope Touched
- `Staking.sol` — persistent hotspot; repeated focus on `deposit`, `withdraw`, `emergencyWithdraw`, `getInterest`, `manualEpochInit`, epoch/history helpers, pool-size reads, and Compound mint/redeem plus liquidity-sweep paths
- Compound-facing stablecoin plumbing inside `Staking.sol` — recurring attention on cToken interactions, redeem/mint result handling, approval behavior, fixed token/cToken assumptions, and how redeemed stablecoin is classified as principal vs interest
- epoch snapshot / lazy-init state inside `Staking.sol` — increasingly central surface; epoch-0 baselines, backfilled snapshots, and historical pool-size propagation are now a primary concern
- embedded `SafeERC20.sol` / transfer helpers and token interfaces — lightly revisited for return-value / non-standard ERC-20 semantics that can amplify staking accounting or payout inconsistencies
- referral/reward helpers (`processReferrals`, percentage-update state) — seen as adjacent surface but still secondary and comparatively underexplored versus withdrawal/liquidity logic
- `Contract.sol` — mainly serves as the wrapper/container for the embedded staking system; useful for navigation more than as an independent logic surface

## Issue Directions Seen
- Token/accounting mismatch paths: internal stake or claim accounting can diverge from assets actually moved, especially with non-standard ERC-20 behavior, approval quirks, external integration failures, or balance-based accounting
- Emergency/withdraw liveness fragility: exit flows remain sensitive to liquidity shortfalls, incomplete accounting cleanup, and epoch state that is stale, skipped, or backfilled
- Epoch progression and snapshot integrity: historical pool-size views remain exposed to mutable or stale state, with epoch-0 initialization now specifically standing out as a forged-baseline risk that can propagate forward
- Compound integration safety: weak coupling between staking bookkeeping and `mint` / `redeem` success, redeemable liquidity, or fixed address assumptions can propagate into withdrawal availability
- Interest-sweep classification risk: publicly callable or loosely scoped interest-handling paths may transfer stablecoin based on raw balance deltas, including assets not actually produced as Compound yield
- Non-stable pool valuation/snapshot risk: some accounting paths appear to trust raw balance views over tracked stake totals, leaving room for pool-size divergence

## Useful Context
- Audit attention stays concentrated on one effective contract surface, with the dominant theme being bookkeeping consistency under imperfect asset movement, mutable epoch state, and external liquidity constraints rather than classic privilege misuse
- The same accounting surfaces recur across normal withdrawals, emergency exits, manual epoch initialization, historical snapshot reads, and interest handling, showing tight coupling between liveness and accounting correctness
- Historical/epoch helpers are part of the practical attack surface because present-state mutations can influence both past-epoch reads and later lazy initialization behavior
- A durable pattern is reliance on contract balance views to infer economic meaning; this affects both pool snapshots and interest sweeping, and creates room for misclassification of funds already held by the contract
- Helper/library code has received only light review; durable risk continues to come mainly from how staking logic consumes token balances, approval outcomes, Compound availability assumptions, and lazily populated epoch history
- Referral/reward logic has been inspected but remains a lower-confidence, less-explored branch relative to the much heavier focus on withdrawal, emergency, epoch, and Compound-backed stablecoin flows
