# Round 8 Summary

## Agent: codex_1
- files touched  
  `LamboFactory.sol`, `LamboToken.sol`, `LamboVEthRouter.sol`, `VirtualToken.sol`, `Utils/LaunchPadUtils.sol`, `rebalance/LamboRebalanceOnUniwap.sol`; also read multiple `interfaces/**` files for integration context.
- files revisited / highest-attention files  
  `VirtualToken.sol`, `rebalance/LamboRebalanceOnUniwap.sol`, `LamboVEthRouter.sol`.
- main issue directions investigated  
  factory-authorized debt minting/repayment boundaries in `VirtualToken`; rebalance sizing controls vs preview target; router fee behavior and token-handling edge cases; implementation initialization surface for clone pattern.
- promising but not retained directions  
  `F-020` (implementation initialize), `F-021` (router ERC20 rescue absence), `F-022` (100% fee setting effects) were proposed by this agent but not retained after merge.

## Agent: opencode_1
- files touched  
  Read all in-scope contracts: `LamboFactory.sol`, `LamboToken.sol`, `LamboVEthRouter.sol`, `VirtualToken.sol`, `Utils/LaunchPadUtils.sol`, `rebalance/LamboRebalanceOnUniwap.sol`; also read prior round and global summaries.
- files revisited / highest-attention files  
  Broad pass across all in-scope files; no specific hotspot singled out beyond known-issue validation.
- main issue directions investigated  
  attempted to find distinct new root causes vs known findings; re-checked router sell/buy paths, virtual token debt logic, rebalance execution/preview assumptions, and factory launch flow.
- promising but not retained directions  
  none advanced; agent concluded no new distinct findings and returned `[]`.

## Cross-Agent Status
- main overlap in file/area attention  
  Strong overlap on `VirtualToken.sol`, `LamboVEthRouter.sol`, and `rebalance/LamboRebalanceOnUniwap.sol`, with focus on debt accounting and rebalance execution controls.
- notable differences in attention  
  `codex_1` performed deeper hypothesis testing and produced candidate new findings; `opencode_1` mostly validated against existing-known findings and did not escalate new issues.
- underexplored but suspicious files/functions if clearly supported by the logs  
  No additional underexplored hotspot is clearly supported by these logs beyond already-discussed debt-loan and rebalance-size surfaces.

## Retained Findings
- `F-018` retained: `VirtualToken.takeLoan` can let authorized factories mint debt into existing pairs, creating unsynced balance-as-input conditions that can extract quote reserves.
- `F-019` retained: permissionless rebalance accepts arbitrary caller `amountIn` not bounded to preview-derived target, enabling oversized but still passable rebalances with pool-quality harm.
