# Global Audit Memory

## Scope Touched
- `FlawVerifier.sol` — persistent audit center; repeated focus on `executeOnOpportunity()`, liquidation/swap execution, pool lifecycle hooks (`startPool`/`endPool`), `_sweepBounties()`, `_tryStartEnd()`, and final balance/profit checks
- `FlawVerifier` recovery/liquidation path — now repeatedly implicated not just in accounting and slippage concerns, but in executability fragility from dust/small-balance states and gas-heavy sweep behavior
- `Counter.sol` — only lightly examined across rounds; mostly background context with low durable signal

## Issue Directions Seen
- Value-capture and accounting behavior in `FlawVerifier.sol` remain the strongest recurring direction, especially whether profit realization can be stranded, mis-accounted, or distorted by execution-path assumptions
- Profit gating in `executeOnOpportunity()` is an established cross-round direction: fixed minimum gain thresholds can reject genuinely profitable but smaller recoveries, and profit validation around ETH vs token/WETH balances remains a recurring accounting hotspot
- Recovery-path executability is a durable direction alongside pure accounting risk: `_sweepBounties()`/`executeOnOpportunity()` can become impractical or revert due to gas-heavy brute-force sweeping and brittle liquidation assumptions
- Dust or tiny-balance conditions in liquidation are now a retained denial-of-service direction: externally introduced minimal token balances can make later liquidation steps revert and stall future opportunity execution
- Liquidation and swap execution remain a strong economic-risk direction due to limited effective slippage protection and MEV/front-run exposure
- Permissionless opportunity execution and lifecycle triggering continue to look like a possible griefing or value-extraction surface, including same-transaction start/end behavior and attacker-controlled parameterization reaching pool calls
- Bundled sweep/helper flows remain a recurring source of loop, silent-call-failure, and gas-amplification risk, though some low-level call-handling concerns reviewed so far have not been retained

## Useful Context
- Cross-round signal remains concentrated overwhelmingly in `FlawVerifier.sol`; review outside it is still thin
- Durable concerns are primarily economic, accounting, and execution-flow weaknesses rather than classic privileged-access bugs
- The most repeatedly examined hotspot is the lifecycle/sweep/profit-realization complex around `executeOnOpportunity()`, `_sweepBounties()`, `_tryStartEnd()`, liquidation, and final balance checks
- Sweep design carries retained audit weight both as a helper-path concern and as a realistic denial-of-service vector against the intended recovery transaction
- Tiny donated balances can matter materially in this codebase because recovery execution assumes certain liquidation preconditions rather than tolerating dust gracefully
- `Counter.sol` remains underexplored and low-signal relative to the main contract
