[
  {
    "id": "F-001",
    "severity": "High",
    "confidence": "high",
    "title": "Dinero withdrawal finalization condition is inverted",
    "locations": [
      "withdraws/Dinero.sol:55",
      "withdraws/Dinero.sol:71",
      "withdraws/Dinero.sol:87"
    ],
    "claim": "`DineroWithdrawRequestManager.canFinalizeWithdrawRequest` returns `PirexETH.outstandingRedemptions() > totalAssets` even though the function comment and redemption flow require assets to be sufficient versus outstanding redemptions. This inverts finalization readiness and rejects normal redeemable states (for example `outstandingRedemptions == totalAssets`).",
    "impact": "Dinero withdraw requests can remain unfinalizable and funds can stay stuck in pending withdrawal state.",
    "paths": [
      "User initiates Dinero withdrawal and receives a request spanning one or more batches",
      "Batches reach dissolved/slashed status and assets are available",
      "Outstanding redemptions are less than or equal to request assets",
      "canFinalizeWithdrawRequest returns false due to inverted comparison, so finalize never redeems"
    ],
    "round": 1,
    "source_agents": [
      "codex_1"
    ]
  },
  {
    "id": "F-002",
    "severity": "High",
    "confidence": "medium",
    "title": "Morpho market oracle uses account-agnostic vault price and can misprice pending-withdraw collateral",
    "locations": [
      "routers/MorphoLendingRouter.sol:64",
      "AbstractYieldStrategy.sol:118",
      "AbstractYieldStrategy.sol:123",
      "staking/AbstractStakingStrategy.sol:50",
      "single-sided-lp/AbstractSingleSidedLP.sol:300"
    ],
    "claim": "Morpho markets are configured with `oracle: vault`, so Morpho reads `vault.price()` (`IOracle.price()`). `price()` is account-agnostic, while pending-withdraw valuation is only applied when borrower context is set (`price(address)` via `t_CurrentAccount`). Therefore borrower-specific collateral haircuts from pending withdraw requests may be skipped in Morpho-level checks.",
    "impact": "A borrower with pending-withdraw collateral can be valued too optimistically in Morpho if interacting through Morpho paths that do not set vault borrower context, enabling excess borrowing and delayed liquidation, increasing bad-debt risk.",
    "paths": [
      "Borrower collateral enters pending-withdraw state, which should reduce borrower-specific collateral value",
      "Morpho calls oracle `vault.price()` from market operations",
      "`price()` computes without borrower context and can return pre-withdraw valuation",
      "Borrow/solvency checks can overestimate collateral and permit undercollateralized debt"
    ],
    "round": 1,
    "source_agents": [
      "codex_1"
    ]
  },
  {
    "id": "F-003",
    "severity": "Medium",
    "confidence": "high",
    "title": "LP pending-withdraw valuation reverts when a token leg has zero exit balance",
    "locations": [
      "single-sided-lp/AbstractSingleSidedLP.sol:332",
      "single-sided-lp/AbstractSingleSidedLP.sol:363",
      "single-sided-lp/AbstractSingleSidedLP.sol:370"
    ],
    "claim": "LP withdraw initiation skips legs with `exitBalances[i] == 0`, so no withdraw request is created for those pool tokens. Later, pending-withdraw valuation requires `hasRequest` for every token and unconditionally reverts when any skipped leg has no request.",
    "impact": "Affected pending-withdraw positions become unpriceable during the request period, which can break health checks and liquidation/repayment flows that depend on `convertToAssets`.",
    "paths": [
      "A proportional LP exit produces zero amount for at least one token leg due to rounding or tiny balance",
      "initiateWithdraw skips that leg and creates no request",
      "Account is still treated as pending-withdraw because another leg has a request",
      "convertToAssets -> getWithdrawRequestValue hits `require(hasRequest)` on skipped leg and reverts"
    ],
    "round": 1,
    "source_agents": [
      "codex_1"
    ]
  },
  {
    "id": "F-004",
    "severity": "Medium",
    "confidence": "high",
    "title": "Reward debt is advanced even when reward transfer fails",
    "locations": [
      "rewards/AbstractRewardManager.sol:231",
      "rewards/AbstractRewardManager.sol:232",
      "rewards/AbstractRewardManager.sol:242",
      "rewards/AbstractRewardManager.sol:250"
    ],
    "claim": "`_claimRewardToken` updates account `rewardDebt` before transfer, then catches/ignores transfer failures and only emits a zero-transfer event. Failed transfers do not preserve claimable balance.",
    "impact": "Users can permanently lose accrued rewards on failed transfers (blacklist, paused/broken token, non-standard failure), with no retry path for skipped rewards.",
    "paths": [
      "User claims rewards",
      "Contract computes `rewardToClaim` and advances `rewardDebt`",
      "Token transfer reverts or returns false",
      "Function swallows failure and emits zero transfer, but debt remains advanced"
    ],
    "round": 1,
    "source_agents": [
      "codex_1",
      "opencode_1"
    ]
  },
  {
    "id": "F-005",
    "severity": "Low",
    "confidence": "medium",
    "title": "Zero-yield-token withdraw requests can trigger division-by-zero on finalization accounting",
    "locations": [
      "AbstractYieldStrategy.sol:302",
      "withdraws/AbstractWithdrawRequestManager.sol:111",
      "withdraws/AbstractWithdrawRequestManager.sol:114",
      "withdraws/AbstractWithdrawRequestManager.sol:240",
      "withdraws/AbstractWithdrawRequestManager.sol:326"
    ],
    "claim": "Withdraw initiation does not require `yieldTokenAmount > 0`. For dust share balances, `convertSharesToYieldToken` can round down to zero, creating a request with nonzero shares but `totalYieldTokenAmount == 0`. Finalized accounting divides by `s.totalYieldTokenAmount`, causing division-by-zero reverts.",
    "impact": "Dust positions can get stuck in withdraw-request flow and fail to finalize/redeem cleanly.",
    "paths": [
      "Account has very small shares and initiates withdraw",
      "convertSharesToYieldToken rounds to zero",
      "Request is created with `yieldTokenAmount == 0` and tokenized totals set to zero",
      "On finalization path, pro-rata calculation divides by `totalYieldTokenAmount` and reverts"
    ],
    "round": 1,
    "source_agents": [
      "codex_1"
    ]
  }
]
