Compiling 2 files with Solc 0.8.30
Solc 0.8.30 finished in 2.98s
Compiler run successful with warnings:
Warning (2072): Unused local variable.
  --> test/ExploitPOC.t.sol:78:19:
   |
78 |         (bool ok, bytes memory ret) = address(verifier).call(abi.encodeWithSignature("executeOnOpportunity()"));
   |                   ^^^^^^^^^^^^^^^^


Ran 1 test for test/ExploitPOC.t.sol:FlawVerifierTest
[FAIL: profit below threshold] testExploit() (gas: 31854)
Logs:
  AUDITHOUND_BALANCE_BEFORE_WEI: 0
  AUDITHOUND_BALANCE_AFTER_WEI: 0
  AUDITHOUND_PROFIT_WEI: 0
  AUDITHOUND_PROFIT_ANY: 0
  AUDITHOUND_EFFECTIVE_PROFIT_WEI: 0
  AUDITHOUND_MIN_PROFIT_WEI: 1000000000000000
  AUDITHOUND_PROFIT_TOKEN: 0x0000000000000000000000000000000000000000
  AUDITHOUND_PROFIT_MODE: 0x0000000000000000000000000000000000000001

Traces:
  [31854] FlawVerifierTest::testExploit()
    ├─ [168] FlawVerifier::profitToken() [staticcall]
    │   └─ ← [Return] 0x0000000000000000000000000000000000000000
    ├─ [7677] FlawVerifier::executeOnOpportunity()
    │   ├─ [2371] 0x863e572B215Fd67C855d973F870266cF827AEa5e::totalSupply() [staticcall]
    │   │   └─ ← [Return] 0
    │   └─ ← [Stop]
    ├─ [168] FlawVerifier::profitToken() [staticcall]
    │   └─ ← [Return] 0x0000000000000000000000000000000000000000
    ├─ [293] FlawVerifier::profitAmount() [staticcall]
    │   └─ ← [Return] 0
    ├─ emit log_named_uint(key: "AUDITHOUND_BALANCE_BEFORE_WEI", val: 0)
    ├─ emit log_named_uint(key: "AUDITHOUND_BALANCE_AFTER_WEI", val: 0)
    ├─ emit log_named_uint(key: "AUDITHOUND_PROFIT_WEI", val: 0)
    ├─ emit log_named_uint(key: "AUDITHOUND_PROFIT_ANY", val: 0)
    ├─ emit log_named_uint(key: "AUDITHOUND_EFFECTIVE_PROFIT_WEI", val: 0)
    ├─ emit log_named_uint(key: "AUDITHOUND_MIN_PROFIT_WEI", val: 1000000000000000 [1e15])
    ├─ emit log_named_address(key: "AUDITHOUND_PROFIT_TOKEN", val: 0x0000000000000000000000000000000000000000)
    ├─ emit log_named_address(key: "AUDITHOUND_PROFIT_MODE", val: ECRecover: [0x0000000000000000000000000000000000000001])
    └─ ← [Revert] profit below threshold

Backtrace:
  at FlawVerifierTest.testExploit

Suite result: FAILED. 0 passed; 1 failed; 0 skipped; finished in 5.49s (4.36ms CPU time)

Ran 1 test suite in 5.64s (5.49s CPU time): 0 tests passed, 1 failed, 0 skipped (1 total tests)

Failing tests:
Encountered 1 failing test in test/ExploitPOC.t.sol:FlawVerifierTest
[FAIL: profit below threshold] testExploit() (gas: 31854)

Encountered a total of 1 failing tests, 0 tests succeeded
