Compiling 2 files with Solc 0.8.30
Solc 0.8.30 finished in 2.94s
Compiler run successful with warnings:
Warning (2072): Unused local variable.
  --> test/ExploitPOC.t.sol:78:19:
   |
78 |         (bool ok, bytes memory ret) = address(verifier).call(abi.encodeWithSignature("executeOnOpportunity()"));
   |                   ^^^^^^^^^^^^^^^^


Ran 1 test for test/ExploitPOC.t.sol:FlawVerifierTest
[FAIL: exploit call reverted] testExploit() (gas: 21455)
Traces:
  [21455] FlawVerifierTest::testExploit()
    ├─ [234] FlawVerifier::profitToken() [staticcall]
    │   └─ ← [Return] 0xC02aaA39b223FE8D0A0e5C4F27eAD9083C756Cc2
    ├─ [2534] 0xC02aaA39b223FE8D0A0e5C4F27eAD9083C756Cc2::balanceOf(FlawVerifier: [0x5615dEB798BB3E4dFa0139dFa1b3D433Cc23b72f]) [staticcall]
    │   └─ ← [Return] 0
    ├─ [8942] FlawVerifier::executeOnOpportunity()
    │   ├─ [534] 0xC02aaA39b223FE8D0A0e5C4F27eAD9083C756Cc2::balanceOf(FlawVerifier: [0x5615dEB798BB3E4dFa0139dFa1b3D433Cc23b72f]) [staticcall]
    │   │   └─ ← [Return] 0
    │   ├─ [5052] 0x863e572B215Fd67C855d973F870266cF827AEa5e::totalAssets() [staticcall]
    │   │   └─ ← [Revert] call to non-contract address 0x0000000000000000000000000000000000000000
    │   └─ ← [Revert] call to non-contract address 0x0000000000000000000000000000000000000000
    └─ ← [Revert] exploit call reverted

Backtrace:
  at 0x863e572B215Fd67C855d973F870266cF827AEa5e.totalAssets
  at FlawVerifier.executeOnOpportunity
  at FlawVerifierTest.testExploit

Suite result: FAILED. 0 passed; 1 failed; 0 skipped; finished in 282.21ms (9.42ms CPU time)

Ran 1 test suite in 387.23ms (282.21ms CPU time): 0 tests passed, 1 failed, 0 skipped (1 total tests)

Failing tests:
Encountered 1 failing test in test/ExploitPOC.t.sol:FlawVerifierTest
[FAIL: exploit call reverted] testExploit() (gas: 21455)

Encountered a total of 1 failing tests, 0 tests succeeded
