# Global Audit Memory

## Scope Touched
- `FlawVerifier.sol` — dominant audit surface; `executeOnOpportunity()` remains the key path for execution control, external-call sequencing, unwrap behavior, and end-of-run profit gating
- `FlawVerifier.sol` custody/accounting paths — repeated focus on trapped or misinterpreted value, especially native ETH/WETH already held by the contract and how balances are reused across runs
- `FlawVerifier.sol` balance/profit checks — persistent hotspot; attention now includes both prefunded/donated balance contamination and the retained “ratcheting baseline” effect from trapped ETH profits across successive executions
- `FlawVerifier.sol` external transfer/call segment (`_safeTransferFrom()` and surrounding flow) — examined as a possible balance-distortion surface, but not yet a retained issue
- `FlawVerifier.sol` hardcoded exploit flow / address assumptions — recurring review area around permissionless triggering, timing control, and fixed-counterparty coupling
- `Counter.sol` — lightly revisited for unrestricted mutability/integrity concerns, but remains a secondary and underexplored surface

## Issue Directions Seen
- Value custody and accounting is the clearest cross-round theme, spanning trapped funds, stray ERC20/native assets, and profit inference from raw balances
- Denial-of-service or griefing via balance-dependent execution/profit checks remains a durable direction
- Profit-gating in `FlawVerifier.sol` is vulnerable to balance contamination, including pre-existing assets being mistaken for fresh profit and historical profits skewing future eligibility
- Retained direction: trapped ETH profits can accumulate into a rising internal baseline, eventually causing otherwise-profitable future runs to fail
- Permissionless triggering/front-running of the hardcoded execution path remains a standing direction tied to loss of operator timing control
- Hardcoded external-address trust and environment coupling continues to look suspicious, though chain-mismatch/inoperability concerns have not matured into retained issues
- `Counter.sol` public mutability/authorization concerns recur intermittently but remain low-confidence due to limited depth

## Useful Context
- Cross-round attention is still overwhelmingly concentrated in `FlawVerifier.sol`, especially `executeOnOpportunity()` and the unwrap-plus-final-balance-check path
- The most stable risk pattern is the contract’s reliance on balance deltas as a proxy for successful execution, both within a single transaction and across repeated runs
- Review threads increasingly connect custody, profitability checks, and long-lived contract state: retained profits are not neutral bookkeeping, but part of the future execution condition
- The `_safeTransferFrom()` / external-call portion has been treated more as a hypothesis-generation area than a confirmed bug source
- `Counter.sol` remains only lightly covered, so absence of retained issues there still reflects limited audit attention rather than strong assurance
