# Global Audit Memory

## Scope Touched
- `contracts/GradientMarketMakerPool.sol` — dominant audit surface; repeated hotspots are deposit/withdraw/share math, reward-debt and payout accounting, stored counters vs live balances, blocked-token interactions, and orderbook settlement/repayment hooks
- `contracts/interfaces/IGradientMarketMakerPool.sol` — supporting reference for pool/accounting state, exposed transitions, and blocked-token assumptions around settlement
- `contracts/interfaces/IGradientRegistry.sol` — supporting reference for authority wiring plus router-derived pool existence / reserve lookup dependencies
- `contracts/interfaces/IUniswapV2Pair.sol`, `contracts/interfaces/IUniswapV2Router.sol` — recurring context for reserve-based pricing, pair validation, and registry/router coupling
- Deposit/withdraw/reward/orderbook flows — recurring invariant surface where nominal inputs, minted shares, tracked liquidity, actual balances, and external reserve reads can diverge
- `receiveFeeDistribution`, `_updatePool`, `transferETHToOrderbook`, `transferTokenToOrderbook`, `receiveETHFromOrderbook`, `receiveTokenFromOrderbook` — repeatedly important invariant-sensitive functions, especially around repayments into unusual pool states

## Issue Directions Seen
- Reward accounting remains a primary direction: LP share / reward-debt math can drift, payouts appear insufficiently isolated across pools, and reward deposits can become stranded when accounting records liquidity but LP share supply is zero
- LP mint/burn logic is highly sensitive to rounding and raw asset-sum formulas, with a durable zero-share-mint / donation direction for small deposits and a stronger shareless-but-live-pool direction when `totalLiquidity > 0` but `totalLPShares == 0`
- Shareless-but-live states now stand out as a cross-flow solvency risk: later orderbook repayments or stranded assets can accrue into a no-owner pool state, letting the next depositor mint all shares and capture prior value
- Pool accounting depends heavily on stored token/liquidity counters instead of live balances, preserving desynchronization risk for rebasing, confiscatory, fee-on-transfer, or otherwise balance-mutating tokens
- Deposit sizing and some pool validity checks depend on external Uniswap reserve/router state, keeping manipulation, mispricing, and registry/router-change breakage risk live
- Orderbook settlement remains a strong direction: outbound/inbound hooks can strand assets if accounting hits edge states, and repayment/restoration relies on fragile accounting invariants rather than purely live balances
- Token blocklist behavior still intersects settlement paths, keeping open the broader direction that assets sent out through orderbook flows may be harder or impossible to restore cleanly

## Useful Context
- Cross-round attention remains concentrated on `GradientMarketMakerPool`; interface files mainly serve struct, authority, and dependency tracing
- Durable pattern: the contract mixes several accounting notions at once — user-supplied amounts, actual received balances, stored pool counters, LP shares, reward debt, and externally sourced reserve prices
- Strongest accumulated signal favors accounting/invariant failures in core liquidity, reward, and settlement paths over governance-style or purely admin-only abuse
- External dependency coupling is part of the solvency surface: `poolExists()`, reserve reads, and router/pair assumptions affect pricing, validity checks, and downstream accounting safety
- The most suspicious recurring concentration points remain reward distribution, claim/withdraw flows, LP share initialization/reset edge cases, and orderbook transfer/repayment handlers
