# Global Audit Memory

## Scope Touched
- `contracts/GradientMarketMakerPool.sol` — dominant audit surface; core risk areas are deposit/withdraw/share math, reward-debt and payout accounting, stored counters vs live balances, orderbook hooks, and pool lifecycle checks tied to router/pair state
- `contracts/interfaces/IGradientMarketMakerPool.sol` — supporting reference for exposed pool/accounting assumptions and state transitions
- `contracts/interfaces/IGradientRegistry.sol` — supporting reference for authority wiring plus router-derived pool existence / reserve lookup dependencies
- `contracts/interfaces/IUniswapV2Pair.sol`, `contracts/interfaces/IUniswapV2Router.sol` — recurring context for reserve-based pricing and pair validation
- Deposit/withdraw/reward/orderbook flows — repeated hotspot where nominal inputs, minted shares, stored accounting, actual balances, and external reserve reads can diverge

## Issue Directions Seen
- Reward accounting remains a primary direction: LP share / reward-debt math can drift, and reward payouts appear insufficiently isolated across pools
- LP mint/burn logic is sensitive to rounding and raw asset-sum formulas, including the durable zero-share-mint/donation direction for small deposits
- Pool accounting depends heavily on stored token/liquidity counters instead of live balances, preserving desynchronization risk for rebasing, confiscatory, fee-on-transfer, or otherwise balance-mutating tokens
- Deposit sizing and some pool validity checks depend on external Uniswap reserve/router state, keeping manipulation and mispricing risk live
- A newer durable angle is registry/router coupling: existing pools may rely on the current registry router for pair validation/reserve reads rather than their own stored pair, creating breakage/mispricing risk after registry changes
- Orderbook inflow/outflow hooks remain a secondary invariant-drift direction, but still less supported than the main accounting faults

## Useful Context
- Cross-round attention stays concentrated on `GradientMarketMakerPool`; interface files mainly serve struct, authority, and dependency tracing
- Durable pattern: the contract mixes several accounting notions at once — user-supplied amounts, actual received balances, stored pool counters, LP shares, reward debt, and externally sourced reserve prices
- Strongest accumulated signal continues to favor accounting/invariant failures in core liquidity and reward paths over governance-style or admin-only abuse
- Recent retained findings reinforce two cross-round themes: external dependency coupling (registry/router/pair state) is part of the solvency surface, and pool rewards may draw from shared ETH rather than clean per-pool buckets
- Under repeated scrutiny, `poolExists()`, reserve reads, reward claim/withdraw paths, and orderbook transfer handlers remain the most suspicious concentration points
