{
  "findings": [
    {
      "id": "F-001",
      "severity": "Critical",
      "confidence": "high",
      "title": "First-time same-chain borrow bypasses collateral check",
      "locations": [
        "LayerZero/CoreRouter.sol:152",
        "LayerZero/CoreRouter.sol:157",
        "LayerZero/CoreRouter.sol:161",
        "LayerZero/CoreRouter.sol:167"
      ],
      "claim": "`CoreRouter.borrow` sets `borrowAmount` to `0` when `currentBorrow.borrowIndex == 0`, so first-time borrowers pass `collateral >= borrowAmount` even with insufficient collateral, then still execute real borrow/transfer.",
      "impact": "Any account can open an initial undercollateralized borrow and drain available liquidity, creating immediate bad debt.",
      "paths": [
        "CoreRouter.borrow -> currentBorrow.borrowIndex == 0 -> borrowAmount=0 -> collateral check passes -> LErc20.borrow(_amount) -> transfer to borrower"
      ],
      "round": 1,
      "source_agents": [
        "codex_1",
        "opencode_1"
      ]
    },
    {
      "id": "F-002",
      "severity": "Critical",
      "confidence": "high",
      "title": "Cross-chain borrow trusts stale source collateral snapshot (TOCTOU)",
      "locations": [
        "LayerZero/CrossChainRouter.sol:138",
        "LayerZero/CrossChainRouter.sol:143",
        "LayerZero/CrossChainRouter.sol:617",
        "LayerZero/CrossChainRouter.sol:622"
      ],
      "claim": "`borrowCrossChain` sends one-time `payload.collateral` from source, and destination checks only that stale snapshot at execution.",
      "impact": "Borrower can reduce/remove source collateral before destination execution and still receive destination debt, creating undercollateralized bad debt.",
      "paths": [
        "Chain A snapshot -> user reduces collateral -> Chain B validates stale `payload.collateral` -> borrow executes"
      ],
      "round": 1,
      "source_agents": [
        "codex_1",
        "opencode_1"
      ]
    },
    {
      "id": "F-003",
      "severity": "Critical",
      "confidence": "high",
      "title": "Cross-chain debt is excluded from accounting due impossible EID condition",
      "locations": [
        "LayerZero/LendStorage.sol:495",
        "LayerZero/LendStorage.sol:497",
        "LayerZero/LendStorage.sol:499",
        "LayerZero/CrossChainRouter.sol:617",
        "LayerZero/CrossChainRouter.sol:227"
      ],
      "claim": "`borrowWithInterest` includes `crossChainCollaterals` only when both `destEid == currentEid` and `srcEid == currentEid`; real destination-side cross-chain entries have `srcEid != currentEid`, so they are skipped.",
      "impact": "Borrow checks undercount debt and liquidation max-repay can collapse to zero, enabling over-borrow and blocking liquidation.",
      "paths": [
        "_handleBorrowCrossChainRequest/liquidation paths -> borrowWithInterest skips real cross-chain debt -> risk checks/liquidation break"
      ],
      "round": 1,
      "source_agents": [
        "codex_1"
      ]
    },
    {
      "id": "F-004",
      "severity": "High",
      "confidence": "high",
      "title": "Source-chain cross-chain debt update drops accrued interest when refreshing borrow index",
      "locations": [
        "LayerZero/CrossChainRouter.sol:710",
        "LayerZero/CrossChainRouter.sol:711",
        "LayerZero/CrossChainRouter.sol:712"
      ],
      "claim": "`_handleValidBorrowRequest` updates existing cross-chain borrow as `principle += amount` and overwrites `borrowIndex`, without accruing prior principal to new index first.",
      "impact": "Repeated borrows under-account debt versus accrued debt, weakening solvency and liquidation behavior.",
      "paths": [
        "Existing borrow at old index -> new ValidBorrowRequest -> principle += amount, borrowIndex overwritten"
      ],
      "round": 1,
      "source_agents": [
        "codex_1",
        "opencode_1"
      ]
    },
    {
      "id": "F-005",
      "severity": "Medium",
      "confidence": "high",
      "title": "Public cross-chain operations are protocol-fee sponsored, enabling native fee griefing",
      "locations": [
        "LayerZero/CrossChainRouter.sol:113",
        "LayerZero/CrossChainRouter.sol:156",
        "LayerZero/CrossChainRouter.sol:172",
        "LayerZero/CrossChainRouter.sol:794",
        "LayerZero/CrossChainRouter.sol:820"
      ],
      "claim": "User-callable cross-chain methods send LayerZero messages funded from router-native balance (`_payNative`/`_lzSend`) instead of user-paid fees.",
      "impact": "Attackers can spam cross-chain calls and drain router native balance, denying service until refunded.",
      "paths": [
        "Repeated borrowCrossChain/repayCrossChainBorrow/liquidateCrossChain -> router native drained -> later messages fail"
      ],
      "round": 1,
      "source_agents": [
        "codex_1"
      ]
    },
    {
      "id": "F-006",
      "severity": "Medium",
      "confidence": "high",
      "title": "Cross-chain liquidation finalization uses inconsistent token identity and impossible lookup parameters",
      "locations": [
        "LayerZero/CrossChainRouter.sol:355",
        "LayerZero/CrossChainRouter.sol:361",
        "LayerZero/CrossChainRouter.sol:445",
        "LayerZero/CrossChainRouter.sol:448",
        "LayerZero/CrossChainRouter.sol:452",
        "LayerZero/CrossChainRouter.sol:479"
      ],
      "claim": "Liquidation messages reuse collateral-chain `destlToken`, but receivers treat it as local debt token and use impossible lookup params (`destEid=0`) in `findCrossChainCollateral`.",
      "impact": "Liquidation finalization can deterministically fail/revert, breaking cross-chain liquidation completion and leaving inconsistent debt/collateral transitions.",
      "paths": [
        "_handleLiquidationExecute -> send LiquidationSuccess/Failure -> receiver lookup/identity mismatch -> revert"
      ],
      "round": 1,
      "source_agents": [
        "codex_1",
        "opencode_1"
      ]
    },
    {
      "id": "F-007",
      "severity": "High",
      "confidence": "high",
      "title": "Cross-chain liquidation seizes collateral before repayment is enforced",
      "locations": [
        "LayerZero/CrossChainRouter.sol:312",
        "LayerZero/CrossChainRouter.sol:330",
        "LayerZero/CrossChainRouter.sol:355",
        "LayerZero/CrossChainRouter.sol:443",
        "LayerZero/CrossChainRouter.sol:464",
        "LayerZero/CoreRouter.sol:483"
      ],
      "claim": "`_handleLiquidationExecute` seizes collateral on collateral chain before debt repayment is actually completed on debt chain; later repayment failure does not roll back prior seize.",
      "impact": "Borrower can lose collateral while debt remains unpaid, creating bad debt and state inconsistency.",
      "paths": [
        "CrossChainLiquidationExecute seizes first -> LiquidationSuccess triggers later repay -> repay path can revert/fail after seizure"
      ],
      "round": 2,
      "source_agents": [
        "codex_1",
        "opencode_1"
      ]
    },
    {
      "id": "F-008",
      "severity": "High",
      "confidence": "high",
      "title": "Supply accounting over-credits deposits using pre-mint exchange rate",
      "locations": [
        "LayerZero/CoreRouter.sol:74",
        "LayerZero/CoreRouter.sol:77",
        "LayerZero/CoreRouter.sol:80",
        "LayerZero/CoreRouter.sol:87"
      ],
      "claim": "`supply` computes `mintTokens` from pre-mint `exchangeRateStored()`, but `mint()` may accrue/update rate, so internal credit can exceed actual minted lTokens.",
      "impact": "Users can be over-credited in internal accounting, enabling value extraction and insolvency pressure.",
      "paths": [
        "supply -> snapshot exchangeRateStored -> mint accrues -> actual minted < internally credited"
      ],
      "round": 2,
      "source_agents": [
        "codex_1"
      ]
    },
    {
      "id": "F-009",
      "severity": "Medium",
      "confidence": "high",
      "title": "Same-chain liquidation shortfall check re-applies index growth to already-accrued borrow value",
      "locations": [
        "LayerZero/CoreRouter.sol:238",
        "LayerZero/CoreRouter.sol:347",
        "LayerZero/CoreRouter.sol:350"
      ],
      "claim": "`liquidateBorrow` passes `borrowed` from liquidity helper (already accrual-adjusted), then `liquidateBorrowAllowedInternal` scales by borrow index ratio again.",
      "impact": "Debt can be overstated in shortfall test, enabling premature/unfair liquidation.",
      "paths": [
        "liquidateBorrow -> getHypotheticalAccountLiquidityCollateral -> liquidateBorrowAllowedInternal rescales borrowed again"
      ],
      "round": 2,
      "source_agents": [
        "codex_1"
      ]
    },
    {
      "id": "F-010",
      "severity": "Medium",
      "confidence": "high",
      "title": "Cross-chain borrow aggregation can hard-revert when both direction records coexist",
      "locations": [
        "LayerZero/LendStorage.sol:83",
        "LayerZero/LendStorage.sol:84",
        "LayerZero/LendStorage.sol:485",
        "LayerZero/CrossChainRouter.sol:641",
        "LayerZero/CrossChainRouter.sol:718"
      ],
      "claim": "`borrowWithInterest` requires one of `crossChainBorrows`/`crossChainCollaterals` empty; opposite-direction usage can populate both for same user/token and trigger invariant revert.",
      "impact": "Borrow/liquidity/liquidation/repay operations can revert, causing permissionless DoS and potential position lock.",
      "paths": [
        "A->B borrow and B->A borrow for same token on one chain -> both arrays populated -> borrowWithInterest reverts"
      ],
      "round": 2,
      "source_agents": [
        "codex_1"
      ]
    },
    {
      "id": "F-011",
      "severity": "Medium",
      "confidence": "high",
      "title": "Unchecked ERC20 `transfer` can update protocol state without actual token payout",
      "locations": [
        "LayerZero/CoreRouter.sol:124",
        "LayerZero/CoreRouter.sol:170",
        "LayerZero/CoreRouter.sol:204"
      ],
      "claim": "Raw `IERC20.transfer` return value is ignored in payout paths.",
      "impact": "For tokens returning `false` without revert, accounting/state changes can persist without actual token transfer.",
      "paths": [
        "redeem/borrow/borrowForCrossChain -> transfer returns false -> function continues"
      ],
      "round": 2,
      "source_agents": [
        "codex_1"
      ]
    },
    {
      "id": "F-012",
      "severity": "Medium",
      "confidence": "medium",
      "title": "Cross-chain repay lookup is ambiguous and keyed only by srcEid",
      "locations": [
        "LayerZero/CrossChainRouter.sol:397",
        "LayerZero/CrossChainRouter.sol:406",
        "LayerZero/CrossChainRouter.sol:539"
      ],
      "claim": "`_getBorrowDetails` picks collateral record by `srcEid` only, so multiple matching positions can cause wrong-record updates.",
      "impact": "Repayments can be applied to wrong position, corrupting debt/liquidation accounting.",
      "paths": [
        "Multiple records share same srcEid -> repayCrossChainBorrow picks first -> wrong state mutation/propagation"
      ],
      "round": 2,
      "source_agents": [
        "codex_1",
        "opencode_1"
      ]
    },
    {
      "id": "F-013",
      "severity": "High",
      "confidence": "medium",
      "title": "Cross-chain liquidation health check uses seize amount as synthetic new borrow",
      "locations": [
        "LayerZero/CrossChainRouter.sol:273",
        "LayerZero/CrossChainRouter.sol:276",
        "LayerZero/CrossChainRouter.sol:431",
        "LayerZero/CrossChainRouter.sol:433"
      ],
      "claim": "`_checkLiquidationValid` passes `payload.amount` (seizeTokens) as `borrowAmount` into liquidity helper, conflating collateral seize quantity with debt-side hypothetical borrow.",
      "impact": "Liquidation eligibility can be misclassified, allowing invalid liquidations or blocking valid ones.",
      "paths": [
        "CrossChainLiquidationExecute payload.amount=seizeTokens -> _checkLiquidationValid treats as borrowAmount"
      ],
      "round": 2,
      "source_agents": [
        "merge_layer",
        "opencode_1"
      ]
    },
    {
      "id": "F-014",
      "severity": "High",
      "confidence": "high",
      "title": "LEND rewards can be claimed repeatedly because accrued balances are never decremented",
      "locations": [
        "LayerZero/CoreRouter.sol:399",
        "LayerZero/CoreRouter.sol:402",
        "LayerZero/CoreRouter.sol:416",
        "LayerZero/LendStorage.sol:76"
      ],
      "claim": "`claimLend` transfers `lendAccrued` via `grantLendInternal` but never reduces `lendAccrued[user]`.",
      "impact": "Users with non-zero accrued rewards can repeatedly claim and drain router-held LEND.",
      "paths": [
        "Accrue once -> claim -> accrued unchanged -> repeated claims"
      ],
      "round": 3,
      "source_agents": [
        "codex_1"
      ]
    },
    {
      "id": "F-015",
      "severity": "High",
      "confidence": "medium",
      "title": "Liquidity checks accept zero oracle prices, creating fail-open borrow authorization",
      "locations": [
        "LayerZero/LendStorage.sol:431",
        "LayerZero/LendStorage.sol:445",
        "LayerZero/LendStorage.sol:460",
        "LayerZero/CoreRouter.sol:152",
        "LayerZero/CrossChainRouter.sol:617"
      ],
      "claim": "Liquidity helper uses oracle prices without `price > 0` guard; zero price can nullify borrow-side effects.",
      "impact": "During oracle zero returns, insufficiently collateralized borrows can pass and extract liquidity.",
      "paths": [
        "Price=0 for borrow market -> borrow value contribution becomes 0 -> checks pass"
      ],
      "round": 3,
      "source_agents": [
        "codex_1",
        "opencode_1"
      ]
    },
    {
      "id": "F-016",
      "severity": "Medium",
      "confidence": "low",
      "title": "Borrow/redeem update accounting after external calls, leaving reentrancy window for callback-capable tokens",
      "locations": [
        "LayerZero/CoreRouter.sol:121",
        "LayerZero/CoreRouter.sol:124",
        "LayerZero/CoreRouter.sol:127",
        "LayerZero/CoreRouter.sol:167",
        "LayerZero/CoreRouter.sol:170",
        "LayerZero/CoreRouter.sol:179"
      ],
      "claim": "`redeem`/`borrow` perform external calls before internal accounting updates and no reentrancy guard is present on router.",
      "impact": "Callback-capable listed assets could enable nested operations against stale state and excess extraction.",
      "paths": [
        "External call before accounting update -> callback reentry -> stale-state checks"
      ],
      "round": 3,
      "source_agents": [
        "codex_1"
      ]
    },
    {
      "id": "F-017",
      "severity": "High",
      "confidence": "high",
      "title": "Cross-chain repay path incorrectly mutates same-chain borrow storage",
      "locations": [
        "LayerZero/CoreRouter.sol:472",
        "LayerZero/CoreRouter.sol:475",
        "LayerZero/CoreRouter.sol:492",
        "LayerZero/CoreRouter.sol:497",
        "LayerZero/CrossChainRouter.sol:425"
      ],
      "claim": "Cross-chain repay calls `repayBorrowInternal(..., _isSameChain=false)` but function still updates/removes same-chain `borrowBalance` slot.",
      "impact": "Debt ledgers diverge; can double-count or erase wrong debt and cause false shortfall/DoS/unfair liquidation.",
      "paths": [
        "repayCrossChainBorrowInternal -> CoreRouter.repayBorrowInternal -> same-chain storage mutated despite cross-chain context"
      ],
      "round": 4,
      "source_agents": [
        "codex_1",
        "opencode_1"
      ]
    },
    {
      "id": "F-018",
      "severity": "High",
      "confidence": "high",
      "title": "Cross-chain liquidation uses seized-collateral quantity as debt repayment amount",
      "locations": [
        "LayerZero/CrossChainRouter.sol:274",
        "LayerZero/CrossChainRouter.sol:276",
        "LayerZero/CrossChainRouter.sol:355",
        "LayerZero/CrossChainRouter.sol:464",
        "LayerZero/CrossChainRouter.sol:467"
      ],
      "claim": "`_executeLiquidationCore` sets `payload.amount = seizeTokens`; same value is later used by `_handleLiquidationSuccess` as repay amount.",
      "impact": "Actual debt repayment diverges from requested repay, enabling value distortion and residual bad debt/unfair seizure.",
      "paths": [
        "liquidateCrossChain(repayAmount) -> payload.amount=seizeTokens -> LiquidationSuccess -> repayCrossChainBorrowInternal(payload.amount)"
      ],
      "round": 4,
      "source_agents": [
        "codex_1"
      ]
    },
    {
      "id": "F-019",
      "severity": "Medium",
      "confidence": "low",
      "title": "Liquidation-failure refund attempts token payout without prior escrow",
      "locations": [
        "LayerZero/CrossChainRouter.sol:172",
        "LayerZero/CrossChainRouter.sol:274",
        "LayerZero/CrossChainRouter.sol:491",
        "LayerZero/CrossChainRouter.sol:478",
        "LayerZero/CrossChainRouter.sol:482"
      ],
      "claim": "No upfront escrow is collected in `liquidateCrossChain`, but failure path transfers `payload.amount` to liquidator.",
      "impact": "If token resolution/balance permits, attacker can induce failing liquidations and drain router-held tokens; otherwise messages get stuck/fail.",
      "paths": [
        "No escrow at start -> LiquidationFailure -> _handleLiquidationFailure safeTransfer(payload.amount)"
      ],
      "round": 4,
      "source_agents": [
        "codex_1"
      ]
    },
    {
      "id": "F-020",
      "severity": "High",
      "confidence": "high",
      "title": "Borrowed-asset tracking can be cleared while debt still exists, hiding liabilities from liquidity checks",
      "locations": [
        "LayerZero/CoreRouter.sol:495",
        "LayerZero/CrossChainRouter.sol:521",
        "LayerZero/CrossChainRouter.sol:560",
        "LayerZero/LendStorage.sol:395",
        "LayerZero/LendStorage.sol:421"
      ],
      "claim": "Repay paths remove `userBorrowedAssets` based on one ledger becoming empty, without ensuring all same-chain/cross-chain debt for that lToken is zero.",
      "impact": "Remaining debt can be omitted from liquidity checks, enabling excess borrow/redeem and insolvency risk.",
      "paths": [
        "Repay in one ledger removes borrowed-asset membership -> other ledger debt remains but is skipped in liquidity iteration"
      ],
      "round": 5,
      "source_agents": [
        "codex_1",
        "merge_layer"
      ]
    },
    {
      "id": "F-021",
      "severity": "High",
      "confidence": "high",
      "title": "Redeem pays users using stale pre-accrual exchange rate, causing systematic underpayment",
      "locations": [
        "LayerZero/CoreRouter.sol:115",
        "LayerZero/CoreRouter.sol:121",
        "LayerZero/CoreRouter.sol:124"
      ],
      "claim": "`redeem()` computes payout from `exchangeRateStored()` before calling `LErc20.redeem`, then transfers only stale `expectedUnderlying`.",
      "impact": "Users can be underpaid while surplus underlying remains trapped in router.",
      "paths": [
        "snapshot stale rate -> redeem accrues -> router receives more -> transfer uses stale lower amount"
      ],
      "round": 6,
      "source_agents": [
        "codex_1"
      ]
    },
    {
      "id": "F-022",
      "severity": "Medium",
      "confidence": "high",
      "title": "Liquidation credits seized collateral without registering liquidator supplied-asset membership",
      "locations": [
        "LayerZero/CoreRouter.sol:310",
        "LayerZero/CoreRouter.sol:313",
        "LayerZero/CrossChainRouter.sol:337",
        "LayerZero/CrossChainRouter.sol:340"
      ],
      "claim": "Liquidation increases liquidator `totalInvestment` but does not add market to `userSuppliedAssets` set.",
      "impact": "Seized collateral can be invisible to collateral iteration, breaking redeem/liquidity behavior for liquidator.",
      "paths": [
        "seize updates totalInvestment only -> userSuppliedAssets missing seized market"
      ],
      "round": 6,
      "source_agents": [
        "codex_1",
        "opencode_1"
      ]
    },
    {
      "id": "F-023",
      "severity": "Medium",
      "confidence": "high",
      "title": "Cross-chain liquidation can send unexecutable seize amount and revert on collateral-chain execution",
      "locations": [
        "LayerZero/CrossChainRouter.sol:268",
        "LayerZero/CrossChainRouter.sol:274",
        "LayerZero/CrossChainRouter.sol:333"
      ],
      "claim": "`_executeLiquidationCore` forwards `seizeTokens` without bounding by borrower collateral on source chain; receiver subtracts and can underflow/revert.",
      "impact": "Liquidation messages can become revert-only, causing stuck/retry DoS for unhealthy positions.",
      "paths": [
        "large seizeTokens sent -> _handleLiquidationExecute subtracts from borrower collateral -> underflow revert"
      ],
      "round": 6,
      "source_agents": [
        "codex_1",
        "opencode_1"
      ]
    },
    {
      "id": "F-024",
      "severity": "Medium",
      "confidence": "low",
      "title": "Unbounded per-user asset-set iteration can gas-DoS risk checks and liquidation paths",
      "locations": [
        "LayerZero/LendStorage.sol:170",
        "LayerZero/LendStorage.sol:180",
        "LayerZero/LendStorage.sol:394",
        "LayerZero/LendStorage.sol:421"
      ],
      "claim": "`userSuppliedAssets`/`userBorrowedAssets` are unbounded, while liquidity checks iterate all entries with expensive per-asset operations.",
      "impact": "Fragmented accounts can hit gas limits and make borrow/redeem/liquidation impractical.",
      "paths": [
        "large asset sets -> getHypotheticalAccountLiquidityCollateral loop cost exceeds gas"
      ],
      "round": 6,
      "source_agents": [
        "opencode_1",
        "merge_layer"
      ]
    },
    {
      "id": "F-025",
      "severity": "High",
      "confidence": "high",
      "title": "Cross-chain debt accrual uses local-chain borrow index instead of debt-chain index",
      "locations": [
        "LayerZero/LendStorage.sol:491",
        "LayerZero/LendStorage.sol:499",
        "LayerZero/CrossChainRouter.sol:722"
      ],
      "claim": "Cross-chain records store remote debt index, but `borrowWithInterest` accrues with local `_lToken.borrowIndex()`.",
      "impact": "Debt is mispriced in liquidity checks; under-accrual enables excess borrow/redeem, over-accrual can cause unfair liquidation/DoS.",
      "paths": [
        "store remote index in crossChainBorrows -> later accrue with local index basis"
      ],
      "round": 7,
      "source_agents": [
        "codex_1",
        "merge_layer"
      ]
    },
    {
      "id": "F-026",
      "severity": "Medium",
      "confidence": "high",
      "title": "Liquidation close-factor cap uses stale principal instead of accrued debt",
      "locations": [
        "LayerZero/CoreRouter.sol:341",
        "LayerZero/CoreRouter.sol:353",
        "LayerZero/CoreRouter.sol:354"
      ],
      "claim": "`maxClose` in same-chain liquidation uses `borrowBalance.amount` (stale principal) instead of current accrued debt.",
      "impact": "Liquidation repay cap can be too low after accrual, slowing deleveraging and increasing residual bad-debt risk.",
      "paths": [
        "interest accrues -> maxClose computed from stale principal -> allowed repay artificially low"
      ],
      "round": 7,
      "source_agents": [
        "codex_1",
        "merge_layer"
      ]
    },
    {
      "id": "F-027",
      "severity": "Medium",
      "confidence": "medium",
      "title": "Cross-chain borrow compares collateral and debt under different chain-local oracle domains",
      "locations": [
        "LayerZero/CrossChainRouter.sol:138",
        "LayerZero/CrossChainRouter.sol:147",
        "LayerZero/CrossChainRouter.sol:617",
        "LayerZero/CrossChainRouter.sol:622",
        "LayerZero/LendStorage.sol:407",
        "LayerZero/LendStorage.sol:431"
      ],
      "claim": "Source collateral snapshot uses source oracle domain; destination debt check uses destination oracle domain without normalization/attestation.",
      "impact": "Oracle regime divergence can allow economically undercollateralized cross-chain borrows.",
      "paths": [
        "source collateral valued under source oracle -> destination debt valued under destination oracle -> mixed-domain check passes"
      ],
      "round": 8,
      "source_agents": [
        "codex_1",
        "merge_layer"
      ]
    },
    {
      "id": "F-028",
      "severity": "Medium",
      "confidence": "high",
      "title": "Shared router borrower account can hit Comptroller market-membership cap via permissionless borrow market selection",
      "locations": [
        "LayerZero/CoreRouter.sol:164",
        "LayerZero/CoreRouter.sol:431",
        "LayerZero/CrossChainRouter.sol:133",
        "LayerZero/CrossChainRouter.sol:678"
      ],
      "claim": "Borrow flows act through shared router account in underlying markets; permissionless users can force many market memberships and exhaust cap.",
      "impact": "Once cap is reached, new-market borrow flows can fail protocol-wide for that router account.",
      "paths": [
        "dust borrows across markets -> router membership set grows -> cap reached -> further new-market borrows fail"
      ],
      "round": 8,
      "source_agents": [
        "codex_1",
        "merge_layer"
      ]
    },
    {
      "id": "F-029",
      "severity": "Medium",
      "confidence": "medium",
      "title": "Fixed LayerZero receive gas can make valid cross-chain messages unexecutable for large user state",
      "locations": [
        "LayerZero/CrossChainRouter.sol:405",
        "LayerZero/CrossChainRouter.sol:544",
        "LayerZero/CrossChainRouter.sol:581",
        "LayerZero/CrossChainRouter.sol:818"
      ],
      "claim": "`_send` hardcodes `addExecutorLzReceiveOption(1_000_000, 0)` for all messages despite variable-cost receive handlers with loops over user arrays.",
      "impact": "Large user state can cause out-of-gas receive failures and stuck/retry-only cross-chain operations.",
      "paths": [
        "state grows -> handler gas > fixed 1,000,000 -> destination reverts repeatedly"
      ],
      "round": 8,
      "source_agents": [
        "codex_1",
        "merge_layer"
      ]
    },
    {
      "id": "F-030",
      "severity": "Medium",
      "confidence": "low",
      "title": "Inbound cross-chain handlers hard-revert on state drift, enabling retry-stuck message DoS",
      "locations": [
        "LayerZero/CrossChainRouter.sol:457",
        "LayerZero/CrossChainRouter.sol:549"
      ],
      "claim": "`_handleLiquidationSuccess` and `_handleDestRepayMessage` use strict `require(found, ...)` on mutable records; stale/reordered packets revert instead of no-op/idempotent handling.",
      "impact": "Packets can become persistently unexecutable and block affected finalize flows.",
      "paths": [
        "record changes before packet arrival -> lookup not found -> require(found) revert"
      ],
      "round": 9,
      "source_agents": [
        "codex_1",
        "merge_layer"
      ]
    },
    {
      "id": "F-031",
      "severity": "Low",
      "confidence": "medium",
      "title": "Same-chain liquidation leaves zero-balance collateral markets in borrower supplied-asset set",
      "locations": [
        "LayerZero/CoreRouter.sol:307",
        "LayerZero/CoreRouter.sol:310"
      ],
      "claim": "Same-chain liquidation reduces borrower `totalInvestment` but does not remove `userSuppliedAssets` entry when it reaches zero.",
      "impact": "Zombie supplied-asset entries bloat future liquidity-iteration gas and contribute to practical DoS risk.",
      "paths": [
        "full seize -> totalInvestment=0 -> no removeUserSuppliedAsset call in same-chain liquidation path"
      ],
      "round": 9,
      "source_agents": [
        "codex_1",
        "merge_layer"
      ]
    },
    {
      "id": "F-033",
      "severity": "Low",
      "confidence": "high",
      "title": "Withdrawability helper can revert on zero denominator",
      "locations": [
        "LayerZero/LendStorage.sol:618",
        "LayerZero/LendStorage.sol:621"
      ],
      "claim": "`getMaxWithdrawable` divides by `tokensToDenom` without zero guard.",
      "impact": "Zero collateral factor and/or zero price markets cause helper revert, breaking integrator query flows.",
      "paths": [
        "collateralFactor==0 or oraclePrice==0 -> tokensToDenom=0 -> division by zero"
      ],
      "round": 9,
      "source_agents": [
        "codex_1",
        "merge_layer"
      ]
    },
    {
      "id": "F-034",
      "severity": "High",
      "confidence": "medium",
      "title": "Cross-chain borrow finalizes fund transfer before source-chain debt registration",
      "locations": [
        "LayerZero/CrossChainRouter.sol:625",
        "LayerZero/CrossChainRouter.sol:662",
        "LayerZero/CrossChainRouter.sol:703",
        "LayerZero/CrossChainRouter.sol:727",
        "LayerZero/LendStorage.sol:395",
        "LayerZero/LendStorage.sol:421"
      ],
      "claim": "Destination executes borrow transfer before source mirror debt/account-membership write; missing callback leaves source debt absent.",
      "impact": "Borrower can keep destination funds while source liquidity checks may omit debt, enabling collateral reuse/withdrawal and bad debt.",
      "paths": [
        "destination borrow executes -> ValidBorrowRequest callback stalls/fails -> source crossChainBorrows/userBorrowedAssets not updated"
      ],
      "round": 10,
      "source_agents": [
        "codex_1",
        "merge_layer"
      ]
    },
    {
      "id": "F-035",
      "severity": "Medium",
      "confidence": "medium",
      "title": "Cross-chain repay consumes funds before remote debt mirror is finalized",
      "locations": [
        "LayerZero/CrossChainRouter.sol:387",
        "LayerZero/CrossChainRouter.sol:390",
        "LayerZero/CrossChainRouter.sol:531",
        "LayerZero/CrossChainRouter.sol:544",
        "LayerZero/CrossChainRouter.sol:549",
        "LayerZero/CoreRouter.sol:490"
      ],
      "claim": "Repay path takes funds and updates destination state before source mirror (`DestRepay`) is successfully applied.",
      "impact": "Users can pay funds while source debt remains stale, causing lockup/repeat-repay pressure and wrong risk status.",
      "paths": [
        "repay executed locally -> DestRepay message fails/stalls -> source crossChainBorrows not reduced"
      ],
      "round": 10,
      "source_agents": [
        "codex_1",
        "merge_layer"
      ]
    },
    {
      "id": "F-036",
      "severity": "Medium",
      "confidence": "low",
      "title": "Repay bookkeeping decrements internal debt by nominal amount instead of actual credited repayment",
      "locations": [
        "LayerZero/CoreRouter.sol:480",
        "LayerZero/CoreRouter.sol:483",
        "LayerZero/CoreRouter.sol:490",
        "LayerZero/CoreRouter.sol:493",
        "LayerZero/CoreRouter.sol:497"
      ],
      "claim": "`repayBorrowInternal` assumes market credited full `repayAmountFinal` and updates internal debt accordingly, without reconciling actual credited reduction.",
      "impact": "For non-standard transfer semantics, internal debt can be over-forgiven relative to market debt.",
      "paths": [
        "nominal repay X -> market credits <X -> router subtracts full X from internal debt"
      ],
      "round": 10,
      "source_agents": [
        "codex_1",
        "merge_layer"
      ]
    },
    {
      "id": "F-037",
      "severity": "Medium",
      "confidence": "low",
      "title": "Concurrent cross-chain liquidation requests can validate against stale debt and bypass effective close-factor intent",
      "locations": [
        "LayerZero/CrossChainRouter.sol:227",
        "LayerZero/CrossChainRouter.sol:239",
        "LayerZero/CrossChainRouter.sol:274",
        "LayerZero/CrossChainRouter.sol:355",
        "LayerZero/CrossChainRouter.sol:464"
      ],
      "claim": "Close-factor checks happen before cross-chain finalization; multiple in-flight requests can each validate against same pre-update debt snapshot.",
      "impact": "Cumulative pending liquidations can exceed intended step bounds and amplify over-seizure/inconsistency risk.",
      "paths": [
        "request A validates -> before finalize request B validates same snapshot -> both seize paths proceed"
      ],
      "round": 10,
      "source_agents": [
        "codex_1",
        "merge_layer"
      ]
    },
    {
      "id": "F-038",
      "severity": "High",
      "confidence": "medium",
      "title": "Repay flow is reentrant and can erase newly-created debt via stale full-repay snapshot",
      "locations": [
        "LayerZero/CoreRouter.sol:470",
        "LayerZero/CoreRouter.sol:483",
        "LayerZero/CoreRouter.sol:493"
      ],
      "claim": "`repayBorrowInternal` snapshots debt before external transfer and later performs full-repay cleanup from stale snapshot; callback reentry can create fresh debt before cleanup.",
      "impact": "Internal debt tracking can be removed while new debt exists, creating untracked liability and insolvency risk.",
      "paths": [
        "repay max -> reenter during token transfer and borrow -> outer full-repay branch removes borrow record"
      ],
      "round": 11,
      "source_agents": [
        "codex_1",
        "merge_layer"
      ]
    },
    {
      "id": "F-040",
      "severity": "Medium",
      "confidence": "high",
      "title": "Borrow authorization double-applies borrow-index growth to already-accrued debt value",
      "locations": [
        "LayerZero/CoreRouter.sol:152",
        "LayerZero/CoreRouter.sol:157",
        "LayerZero/CoreRouter.sol:161"
      ],
      "claim": "`borrow()` rescales `borrowed` from liquidity helper by index ratio again before collateral check.",
      "impact": "Existing borrowers can be wrongly blocked from legitimate borrows (availability/position-management DoS).",
      "paths": [
        "getHypothetical debt already accrued -> borrow() rescales again -> inflated debt check"
      ],
      "round": 11,
      "source_agents": [
        "codex_1",
        "merge_layer"
      ]
    },
    {
      "id": "F-041",
      "severity": "Medium",
      "confidence": "low",
      "title": "Cross-chain collateral record matching omits destination market identity, risking index/debt corruption",
      "locations": [
        "LayerZero/CrossChainRouter.sol:603",
        "LayerZero/CrossChainRouter.sol:631",
        "LayerZero/CrossChainRouter.sol:635"
      ],
      "claim": "`_handleBorrowCrossChainRequest` merges by `(srcEid, srcToken)` without requiring `borrowedlToken` match.",
      "impact": "If destination market mapping changes, state can merge across mismatched market identities and corrupt debt/index records.",
      "paths": [
        "old record for market A exists -> mapping shifts to market B -> merge updates stale record without market disambiguation"
      ],
      "round": 11,
      "source_agents": [
        "codex_1",
        "merge_layer"
      ]
    },
    {
      "id": "F-042",
      "severity": "Critical",
      "confidence": "high",
      "title": "Cross-chain borrow authorization uses gross source collateral and ignores existing source-chain liabilities",
      "locations": [
        "LayerZero/CrossChainRouter.sol:138",
        "LayerZero/CrossChainRouter.sol:617",
        "LayerZero/CrossChainRouter.sol:622"
      ],
      "claim": "Source sends gross `sumCollateral` snapshot only; destination check compares it only against destination-side debt context.",
      "impact": "Users can borrow cross-chain while already leveraged on source, creating aggregate undercollateralization and bad debt.",
      "paths": [
        "source already borrowed -> borrowCrossChain sends gross collateral -> destination checks partial debt context -> extra debt issued"
      ],
      "round": 12,
      "source_agents": [
        "codex_1",
        "merge_layer"
      ]
    },
    {
      "id": "F-043",
      "severity": "Medium",
      "confidence": "medium",
      "title": "Controller split-brain risk: storage lendtroller is mutable while routers retain stale controller pointers",
      "locations": [
        "LayerZero/LendStorage.sol:132",
        "LayerZero/CoreRouter.sol:39",
        "LayerZero/CrossChainRouter.sol:74"
      ],
      "claim": "`LendStorage` supports controller rotation, but routers cache controller addresses in constructors and have no sync path.",
      "impact": "Post-rotation, storage-side and router-side logic can diverge, causing inconsistent limits/reverts and operational instability.",
      "paths": [
        "owner updates LendStorage.lendtroller -> storage logic uses new controller -> routers keep old controller"
      ],
      "round": 12,
      "source_agents": [
        "codex_1",
        "merge_layer"
      ]
    },
    {
      "id": "F-045",
      "severity": "Low",
      "confidence": "high",
      "title": "Protocol seizure-share accounting accumulates without an in-scope realization path",
      "locations": [
        "LayerZero/CoreRouter.sol:300",
        "LayerZero/CrossChainRouter.sol:321",
        "LayerZero/LendStorage.sol:89"
      ],
      "claim": "Liquidations increment `protocolReward[lToken]`, but LayerZero-scope contracts contain no explicit path to realize/withdraw those balances.",
      "impact": "Protocol liquidation proceeds can become practically stranded in accounting state.",
      "paths": [
        "liquidation increments protocolReward -> no in-scope claim/withdraw function consumes it"
      ],
      "round": 12,
      "source_agents": [
        "codex_1",
        "merge_layer"
      ]
    },
    {
      "id": "F-046",
      "severity": "Medium",
      "confidence": "medium",
      "title": "Risk checks use stale market state for non-touched assets",
      "locations": [
        "LayerZero/LendStorage.sol:405",
        "LayerZero/LendStorage.sol:425",
        "LayerZero/LendStorage.sol:512",
        "LayerZero/CoreRouter.sol:109",
        "LayerZero/CoreRouter.sol:150",
        "LayerZero/CoreRouter.sol:236",
        "LayerZero/CrossChainRouter.sol:583",
        "LayerZero/CrossChainRouter.sol:617"
      ],
      "claim": "`getHypotheticalAccountLiquidityCollateral` uses `exchangeRateStored()` and `borrowIndex()`-based debt accrual for all user markets, but call sites usually accrue only one market (or none), so non-touched markets can be materially stale during authorization/liquidation checks.",
      "impact": "Stale debt can be understated (enabling excess borrow/redeem and bad debt), while stale collateral valuation can also misclassify liquidation eligibility.",
      "paths": [
        "Debt in market A remains unaccrued -> user borrows in market B -> risk check undercounts A debt",
        "Collateral market C remains stale -> liquidation check against market D uses stale C valuation and may misclassify health"
      ],
      "round": 13,
      "source_agents": [
        "codex_1",
        "merge_layer"
      ]
    },
    {
      "id": "F-047",
      "severity": "Medium",
      "confidence": "low",
      "title": "Cross-chain liquidation computes seize amount in debt-chain market domain but enforces it on source-chain market",
      "locations": [
        "LayerZero/CrossChainRouter.sol:268",
        "LayerZero/CrossChainRouter.sol:280",
        "LayerZero/CrossChainRouter.sol:333"
      ],
      "claim": "`_executeLiquidationCore` computes `seizeTokens` using debt-chain `lTokenToSeize` pricing/exchange-rate domain, then sends the raw quantity to be deducted from mapped source-chain collateral without re-quoting in source-chain market domain.",
      "impact": "If chain-local exchange rates/oracle configurations diverge, liquidation can over-seize (borrower loss) or under-seize (residual bad debt).",
      "paths": [
        "Debt chain computes seizeTokens -> message carries raw seize quantity -> source chain applies same token count to mapped collateral market"
      ],
      "round": 13,
      "source_agents": [
        "codex_1",
        "merge_layer"
      ]
    }
  ],
  "rejected_candidates": [
    {
      "title": "Cross-chain liquidation accepts unmapped seize markets and can emit unprocessable packets",
      "source_agents": [
        "codex_1"
      ],
      "reason": "Not added as a separate issue: overlaps existing revert-only liquidation execution/finalization failures (notably F-023 and F-006) and does not introduce distinct incremental protocol harm beyond those paths."
    },
    {
      "title": "Protocol seizure rewards are permanently locked with no withdrawal mechanism",
      "source_agents": [
        "opencode_1"
      ],
      "reason": "Duplicate of existing F-045 (same root cause and impact class)."
    },
    {
      "title": "Division by zero in distributeBorrowerLend when borrowIndex is zero",
      "source_agents": [
        "opencode_1"
      ],
      "reason": "Premise is generally incorrect for listed initialized markets: `LToken.borrowIndex` is initialized to `1e18` in `LToken.initialize`, so this is not a realistic protocol-level path without separate invalid-market misconfiguration."
    },
    {
      "title": "Cross-chain liquidation success handler executes repay with incorrect srcEid mapping",
      "source_agents": [
        "opencode_1"
      ],
      "reason": "Subsumed by existing F-006; the concrete blocker is the impossible collateral lookup parameters/token identity mismatch, which already captures deterministic finalize failure."
    },
    {
      "title": "Borrow index comparison inconsistent across chains in collateral authorization",
      "source_agents": [
        "opencode_1"
      ],
      "reason": "Duplicate/overlap with existing F-003 (impossible EID filter excludes debt) and F-025 (wrong index domain for cross-chain accrual)."
    },
    {
      "title": "Liquidation validation uses seize amount instead of actual repay amount for health check",
      "source_agents": [
        "opencode_1"
      ],
      "reason": "Duplicate of existing F-013."
    }
  ]
}
