{
  "findings": [
    {
      "id": "F-001",
      "severity": "High",
      "confidence": "high",
      "title": "VirtualToken.cashIn mints by msg.value for ERC20 underlyings, enabling unbacked minting/mis-accounting",
      "locations": [
        "VirtualToken.sol:72",
        "VirtualToken.sol:76",
        "VirtualToken.sol:78",
        "VirtualToken.sol:82",
        "VirtualToken.sol:138"
      ],
      "claim": "When `underlyingToken != NATIVE_TOKEN`, `cashIn(amount)` transfers `amount` underlying ERC20 but mints `msg.value` vTokens. This breaks 1:1 accounting: ERC20 deposits with `msg.value=0` mint zero, while nonzero ETH can mint vTokens without matching ERC20 backing.",
      "impact": "If any whitelisted address can invoke this path for an ERC20-backed VirtualToken, it can create unbacked redeemable supply and drain existing underlying liquidity, or cause insolvency/loss for honest depositors through under-minting.",
      "paths": [
        "Deploy/use VirtualToken with ERC20 underlying (`underlyingToken != NATIVE_TOKEN`).",
        "Whitelisted caller invokes `cashIn` with mismatched `amount` vs `msg.value` (e.g., `amount=0`, nonzero `msg.value`, or nonzero `amount`, `msg.value=0`).",
        "Contract mints by `msg.value` instead of deposited ERC20 amount.",
        "Caller later redeems via `cashOut` against real ERC20 balance."
      ],
      "round": 1,
      "source_agents": [
        "codex_1",
        "opencode_1"
      ]
    },
    {
      "id": "F-002",
      "severity": "Medium",
      "confidence": "high",
      "title": "Permissionless createLaunchPad can consume per-block vETH loan quota and DoS other launches",
      "locations": [
        "LamboFactory.sol:65",
        "LamboFactory.sol:70",
        "LamboFactory.sol:74",
        "VirtualToken.sol:93"
      ],
      "claim": "`createLaunchPad` is callable by anyone (only token address is whitelist-gated), and each call draws from global `MAX_LOAN_PER_BLOCK` via `takeLoan`. An attacker can consume the full quota first each block.",
      "impact": "Legitimate launch attempts in the same block can be forced to revert with `Loan limit per block exceeded`, enabling repeatable permissionless griefing/MEV denial of service.",
      "paths": [
        "Attacker calls `createLaunchPad(..., virtualLiquidityAmount = MAX_LOAN_PER_BLOCK, virtualLiquidityToken = whitelisted vToken)` early in block.",
        "VirtualToken records the full per-block loan allowance as used.",
        "Subsequent legitimate `createLaunchPad` calls in that block revert on the cap check.",
        "Attack repeats block-by-block with priority gas."
      ],
      "round": 1,
      "source_agents": [
        "codex_1"
      ]
    },
    {
      "id": "F-003",
      "severity": "High",
      "confidence": "high",
      "title": "Router sell pricing uses full vETH reserves including debt-locked liquidity, causing sell reverts and exit lockups",
      "locations": [
        "LamboFactory.sol:74",
        "VirtualToken.sol:97",
        "VirtualToken.sol:145",
        "LamboVEthRouter.sol:110",
        "LamboVEthRouter.sol:117",
        "LamboVEthRouter.sol:126"
      ],
      "claim": "Factory seeds pairs with debt-minted vETH (`takeLoan(pool, amount)`), and VirtualToken forbids transfers that move a debt address below its debt floor. Router sell quotes/swaps use raw pair reserves, which include debt-locked vETH that is not actually transferable out of the pair.",
      "impact": "Users can receive quotes based on unavailable reserveOut and hit reverts during swap transfer (`DebtOverflow`), creating practical sell failures and potential lockup of exit liquidity once non-debt vETH is depleted.",
      "paths": [
        "Pool receives vETH via `takeLoan(pool, virtualLiquidityAmount)` and `_debt[pool]` is increased.",
        "On sells, router computes `amountXOut` from full reserves (`getReserves` + `getAmountOut`).",
        "Pair attempts to transfer vETH output, but VirtualToken `_update` enforces `balance >= value + debt` for `from=pair`.",
        "If computed output exceeds transferable non-debt balance, transfer reverts and user sell fails."
      ],
      "round": 1,
      "source_agents": [
        "codex_1"
      ]
    },
    {
      "id": "F-004",
      "severity": "Low",
      "confidence": "high",
      "title": "buyQuote refund logic withholds 1 wei from overpayments",
      "locations": [
        "LamboVEthRouter.sol:180",
        "LamboVEthRouter.sol:181"
      ],
      "claim": "Overpayment refunds are computed with an extra `-1` wei (`msg.value - amountXIn - fee - 1`) and only triggered when excess is greater than 1 wei.",
      "impact": "Users are systematically under-refunded by 1 wei when overpaying; residual ETH accumulates in the router as trapped dust.",
      "paths": [
        "User calls `buyQuote` with `msg.value` above required input+fee.",
        "Refund branch returns `excess - 1 wei` instead of full excess.",
        "1 wei remains in the contract per affected transaction."
      ],
      "round": 1,
      "source_agents": [
        "codex_1"
      ]
    },
    {
      "id": "F-005",
      "severity": "Medium",
      "confidence": "low",
      "title": "Rebalance initialization can be seized if deployment is non-atomic or proxy is left uninitialized",
      "locations": [
        "rebalance/LamboRebalanceOnUniwap.sol:40",
        "rebalance/LamboRebalanceOnUniwap.sol:53",
        "rebalance/LamboRebalanceOnUniwap.sol:55"
      ],
      "claim": "`initialize` is public and sets owner from a caller-supplied address. If deployment/upgrade flow ever leaves an instance (especially proxy) uninitialized, any external caller can initialize first and take ownership.",
      "impact": "Attacker ownership enables privileged control (upgrade authorization and `extractProfit`), allowing asset extraction or malicious upgrades.",
      "paths": [
        "Instance/proxy is deployed without immediate initializer execution.",
        "Attacker calls `initialize(attacker, vETH, pool, fee)` first.",
        "Attacker becomes owner and can authorize upgrades/extract managed tokens."
      ],
      "round": 1,
      "source_agents": [
        "codex_1"
      ]
    },
    {
      "id": "F-006",
      "severity": "Critical",
      "confidence": "high",
      "title": "Launchpad creation reverts because factory transfers LP tokens to the zero address",
      "locations": [
        "LamboFactory.sol:79",
        "LamboFactory.sol:80"
      ],
      "claim": "`createLaunchPad` mints LP to the factory and then calls `IERC20(pool).safeTransfer(address(0), ...)`. For Uniswap V2-style LP ERC20 tokens (used by this code path via mainnet Uniswap V2 factory constants), transfers to `address(0)` revert, so launch creation cannot complete.",
      "impact": "Core launch flow is bricked: pool setup reverts and downstream flows that depend on successful launchpad creation (including router-assisted initial buy) fail.",
      "paths": [
        "Call `LamboFactory.createLaunchPad(...)` with a whitelisted virtual token.",
        "Function executes `IPool(pool).mint(address(this))` then attempts `IERC20(pool).safeTransfer(address(0), IERC20(pool).balanceOf(address(this)))`.",
        "LP token transfer to zero address reverts, reverting the full launch transaction."
      ],
      "round": 2,
      "source_agents": [
        "codex_1"
      ]
    }
  ],
  "rejected_candidates": [
    {
      "title": "Virtual debt is created but has no practical settlement path in launch flow",
      "source_agents": [
        "codex_1"
      ],
      "reason": "Mostly overlaps with F-003’s debt-locked-liquidity root cause/impact; presented path is design-level and not a clearly separate exploit primitive."
    },
    {
      "title": "Rebalance executes permissionless flash-loan trades with no enforced output bound",
      "source_agents": [
        "codex_1",
        "opencode_1"
      ],
      "reason": "Swaps are atomic with the flash-loan transaction and `rebalance` enforces post-trade profitability (`profit > 0`) or reverts, so no demonstrated protocol fund-loss path from public callers."
    },
    {
      "title": "Public token initializer allows first-caller ownership of any uninitialized instance supply",
      "source_agents": [
        "codex_1"
      ],
      "reason": "Factory deployment path initializes clones atomically in the same transaction; no practical front-run window in normal protocol flow."
    },
    {
      "title": "Hardcoded infrastructure addresses without chain guard create unsafe deployment assumptions",
      "source_agents": [
        "codex_1"
      ],
      "reason": "Operational/deployment-configuration risk rather than an in-protocol exploitable vulnerability."
    },
    {
      "title": "Router _sellQuote executes swap before fee calculation, enabling front-running fee extraction",
      "source_agents": [
        "opencode_1"
      ],
      "reason": "Incorrect: if later checks fail, the entire transaction reverts, including the swap; no partial execution value loss is left on-chain."
    },
    {
      "title": "VirtualToken _update allows transferring tokens without considering incoming transfers for debt position",
      "source_agents": [
        "opencode_1"
      ],
      "reason": "Debt-floor enforcement on sender is intentional; receiving tokens without auto-repay is by design and does not bypass debt-transfer restrictions."
    },
    {
      "title": "VirtualToken cashIn for ERC20 underlyings uses msg.value for minting amount",
      "source_agents": [
        "opencode_1"
      ],
      "reason": "Duplicate of F-001."
    },
    {
      "title": "Router lacks deadline parameter allowing stale execution",
      "source_agents": [
        "opencode_1"
      ],
      "reason": "Best-practice gap, but `minReturn` already provides execution-price protection; no distinct exploit demonstrated."
    },
    {
      "title": "LamboFactory createLaunchPad has no verification of pool creation success",
      "source_agents": [
        "opencode_1"
      ],
      "reason": "For Uniswap V2 factory semantics, `createPair` reverts on failure and returns a deployed pair on success; `address(0)` success path is not realistic."
    },
    {
      "title": "VirtualToken has no pause mechanism for emergency response",
      "source_agents": [
        "opencode_1"
      ],
      "reason": "Absence of a pause feature alone is not a vulnerability."
    },
    {
      "title": "Router getBuyQuote and getSellQuote don't account for fee in amountOut calculation",
      "source_agents": [
        "opencode_1"
      ],
      "reason": "Incorrect: `getSellQuote` and `_sellQuote` both compute AMM output then deduct fee from output consistently."
    },
    {
      "title": "Rebalance directionMask accepts any uint256 allowing pool address manipulation",
      "source_agents": [
        "opencode_1"
      ],
      "reason": "Arbitrary masks can make caller-supplied rebalance attempts revert, but do not create a protocol-level exploit or permissionless fund-loss path."
    },
    {
      "title": "Router fee rate can be set to 100% causing total user funds loss",
      "source_agents": [
        "opencode_1"
      ],
      "reason": "Privileged-owner parameterization/trust-model concern, not a permissionless vulnerability."
    }
  ]
}
