# Global Audit Memory

## Scope Touched
- `GatewaySend.sol`: persistent hotspot for source-side accounting (quoted `amount` vs actual received/spent), callback settlement semantics, and revert/refund branching (notably native paths)
- `GatewayCrossChain.sol`: core execution boundary where payload-decoded fields drive payout/refund behavior; repeated attention on execution/result handling and refund-record lifecycle
- `GatewayTransferNative.sol`: recurring hotspot for `onCall` fee/swap flow, native payout/refund integrity, revert handlers, and `claimRefund` state interactions
- Gateway composition across `GatewaySend` + `GatewayCrossChain` + `GatewayTransferNative`: sustained high-risk seam for cross-stage invariant breaks (token identity, actual balances, actual swap spend/receive, delivery outcome)
- `libraries/AccountEncoder.sol`: established confirmed-risk context (Solana account decode correctness/availability)
- `libraries/TransferHelper.sol`: ongoing context for ERC20 transfer/call-return assumptions in payout paths
- `libraries/SwapDataHelperLib.sol`, `libraries/UniswapV2Library.sol`, `libraries/BytesHelperLib.sol`: repeatedly reviewed as secondary context; lower retained signal versus gateway flow logic

## Issue Directions Seen
- Cross-chain payload trust/binding remains dominant: decoded payload inputs influence token movement with limited hard invariant reconciliation
- Asset identity and accounting binding gaps are the strongest recurring class, including swap output vs downstream payout/withdraw token assumptions
- Post-swap/finalization fragility persists when checks key off config/bounds rather than actual spent/received values
- Execution-success vs delivery-success divergence remains a durable concern in callback/result semantics
- Native-asset branches continue to carry disproportionate risk (refund routing, payout behavior, liveness edge cases)
- Refund integrity/state-collision sensitivity remains recurring (including overwrite/collision-style record handling)
- Slippage/fee/economic-policy hypotheses recur in review but remain mostly lower-confidence unless tied to concrete execution-path violations

## Useful Context
- Cross-round signal remains concentrated in deep gateway flow tracing, especially callback/revert/refund and swap/fee settlement paths
- Multiple rounds/agents converged on the same three gateway contracts; this overlap is itself a stable risk indicator
- Highest-impact issues repeatedly emerge at stage boundaries where one contract assumes another stage’s invariant without explicit reconciliation
- Recent round expanded scrutiny (context/auth assumptions, payload parsing, refund-event/record handling) but added no new retained findings; prior gateway-centric patterns remain the durable memory baseline
