# Round 1 Summary

## Agent: codex_1
- files touched: `0xf2919d1d80aff2940274014bef534f7791906ff2/Contract.sol`; scope-mapping also surfaced `_index.json` and `0xf2919d1d80aff2940274014bef534f7791906ff2/_etherscan_meta.json`
- files revisited / highest-attention files: repeated chunked reads and line-number review of `0xf2919d1d80aff2940274014bef534f7791906ff2/Contract.sol`, especially the `JAY` contract around `buyNFTs()`, `buyJay()`, `sell()`, pricing helpers, and fee updates
- main issue directions investigated: flat-fee NFT redemption from vault inventory; zero-NFT use of the higher `buyJay()` mint path; `sell()` reentrancy / payout ordering; full-supply burn edge case causing price-event division by zero; reserve-dependent fee update behavior
- promising but not retained directions: permissionless / manipulable `updateFees()` and spot-reserve-based fee-setting around `ETHtoJAY()` / `buyNftFeeJay`; attempted local PoC execution for reentrancy math hit a Foundry crash, so reasoning was supported with manual calculations instead

## Agent: opencode_1
- files touched: `0xf2919d1d80aff2940274014bef534f7791906ff2/Contract.sol`
- files revisited / highest-attention files: only visible contract read is `0xf2919d1d80aff2940274014bef534f7791906ff2/Contract.sol`
- main issue directions investigated: reentrancy in `sell()` and `buyJay()`; division-by-zero in pricing helpers; unrestricted `updateFees()` / oracle freshness; array-length checks; NFT transfer handling; owner/dev control surfaces
- promising but not retained directions: several broad or weakly grounded themes were proposed but not retained after merge, including generic access-control concerns, oracle staleness, transfer return-value handling, unlimited mint inflation, and slippage-style claims

## Cross-Agent Status
- main overlap in file/area attention: both agents concentrated on `0xf2919d1d80aff2940274014bef534f7791906ff2/Contract.sol`, with overlap around `sell()` reentrancy and burn/pricing edge cases
- notable differences in attention: `codex_1` spent more effort on economic design flaws in NFT redemption and the zero-NFT `buyJay()` path, while `opencode_1` spread attention across a wider set of generic checks such as oracle usage, transfer semantics, and admin surfaces
- underexplored but suspicious files/functions if clearly supported by the logs: within current logs, `updateFees()` / pricing-helper paths in `Contract.sol` received attention from both outputs but did not survive merge except indirectly through retained economic issues

## Retained Findings
- vault NFTs can be withdrawn at a flat fee unrelated to collection or asset value, enabling theft of valuable inventory once deposited
- `buyJay()` can be called with empty NFT inputs while still receiving the better mint rate intended for NFT sellers
- `sell()` has a retained reentrancy issue because payout to the seller occurs before dev-fee settlement, letting nested sells use an inflated reserve
- final-supply burn paths can revert because post-burn price emission calls into a division-by-zero state when `totalSupply()` reaches zero
