# Global Audit Memory

## Scope Touched
- `GatewaySend.sol`: persistent hotspot for source-side deposit accounting (`amount` vs actual received), callback settlement semantics, and revert/refund branching (especially native paths)
- `GatewayCrossChain.sol`: core cross-chain execution boundary; repeated issues around swap-to-payout asset binding and payload-driven fund movement decisions
- `GatewayTransferNative.sol`: recurring hotspot for native-flow payout/refund integrity, plus swap/withdraw accounting checks and refund-state sensitivity
- Gateway swap/withdraw compositions across `GatewayCrossChain` + `GatewayTransferNative`: now a confirmed high-risk seam (token-identity mismatch and post-swap sufficiency logic)
- `libraries/TransferHelper.sol`: still relevant context for ERC20 call/return-value behavior assumptions in payout/transfer paths
- `libraries/AccountEncoder.sol`: established confirmed-risk area for Solana account decode correctness/availability
- `libraries/UniswapV2Library.sol`, `libraries/SwapDataHelperLib.sol`, route/helper interfaces: secondary context for route/swap assumptions; generally lower signal than gateway flow composition

## Issue Directions Seen
- Cross-chain payload trust and execution binding remains the dominant theme: decoded fields influence token movement with weak invariant enforcement
- Asset identity/accounting binding gaps are the strongest recurring class, now clearly including unbound swap output token vs downstream payout/withdraw token
- Post-swap accounting/finalization checks are fragile: logic keyed to bounds/config values (e.g., `amountInMax`) instead of actual spent/received values drives liveness failures
- Delivery/result semantics remain a durable concern: flows can diverge between “execution success” and real asset delivery outcomes
- Native-asset branches continue to produce disproportionate risk (refund routing, payout behavior, gas/liveness edge cases)
- Refund integrity remains recurring (state collision/overwrite sensitivity and claim-path execution robustness)
- AMM hardening themes (deadline/minOut/MEV/fee config) recur in exploration but remain lower-confidence versus concrete gateway execution-path bugs

## Useful Context
- Cross-round retained signal is concentrated in gateway composition (`GatewaySend`/`GatewayCrossChain`/`GatewayTransferNative`), not isolated helper math
- `GatewayCrossChain` and `GatewayTransferNative` swap/withdraw pathways now have repeated, convergent evidence from multiple rounds/agents
- Highest-impact bugs repeatedly appear where one stage assumes another stage’s invariant without explicit reconciliation (token identity, actual balances, actual swap spend/receive, delivery result)
- Recent broad static sweeps added coverage, but durable retained findings still came from deep flow-trace reasoning on gateway callbacks and settlement paths
