# Global Audit Memory

## Scope Touched
- `FlawVerifier.sol` — dominant audit focus across rounds; repeated attention on `executeOnOpportunity()`, liquidation/swap path, `_sweepBounties()`, `_tryStartEnd()`, pool lifecycle hooks, and final profit/balance validation
- `FlawVerifier` recovery/liquidation flow — durable concern area for both accounting integrity and executability under edge balances, hostile token behavior, and gas-heavy helper paths
- `Counter.sol` — repeatedly low-signal/background only, with no durable cross-round issue direction so far

## Issue Directions Seen
- Profit realization/accounting in `FlawVerifier.sol` remains the strongest recurring direction, especially whether recovery success can be mismeasured, overstated, or satisfied by preexisting balances rather than newly realized value
- Profit gating in `executeOnOpportunity()` is a durable hotspot: fixed gain thresholds and ETH-denominated checks interacting with WETH/ERC20 holdings repeatedly look capable of distorting true recovery profitability
- Recovery-path executability remains a parallel direction: liquidation, sweeping, and helper flows can become brittle or revert due to dust states, token-specific transfer behavior, or gas amplification
- Dust and tiny externally introduced balances remain a retained DoS pattern because liquidation/recovery logic appears to assume clean preconditions rather than gracefully tolerating residual balances
- Token-behavior risk is now a durable part of the execution surface: blacklistable or transfer-blocked assets such as centralized stables can strand balances and fully block later recovery execution
- Liquidation/swap execution remains an economic-risk direction due to limited effective slippage protection and MEV/front-run exposure
- Permissionless opportunity execution and lifecycle triggering continue to look like a griefing/value-extraction surface, though some specific timing/sequencing variants reviewed so far were not retained

## Useful Context
- Cross-round signal is still overwhelmingly concentrated in `FlawVerifier.sol`; review outside it remains thin
- The audit’s durable themes are economic/accounting correctness plus execution robustness, not classic privileged-access issues
- The most repeatedly stressed complex is the lifecycle/sweep/liquidation/profit-check path around `executeOnOpportunity()`, `_sweepBounties()`, `_tryStartEnd()`, and final balance checks
- Helper/sweep design keeps mattering both as accounting glue and as a realistic denial-of-service amplifier
- Stable cross-round evidence suggests this codebase is sensitive to hostile ambient state: donated dust, preloaded supported assets, and non-standard token transfer semantics can materially affect later recovery behavior
- `Counter.sol` remains underexplored and low-priority relative to the main contract
