# Global Audit Memory

## Scope Touched
- `src/protocol/pair/ResupplyPairCore.sol` / `src/protocol/ResupplyPair.sol` — persistent audit center; lending-state accounting, solvency/exchange-rate refresh, redemption/liquidation settlement, fee paths, and Convex staking or migration transitions
- Convex collateral management in `src/protocol/ResupplyPair.sol` — durable risk surface for credited collateral vs actual asset location, especially around pool-switch or migration edge cases
- Oracle integration around `src/interfaces/IOracle.sol` and pair exchange-rate refresh paths — cross-cutting dependency for price normalization, inversion/decimals handling, sanity/freshness assumptions, and zero-price behavior
- `src/protocol/RewardDistributorMultiEpoch.sol` — meaningful recurring surface; reward checkpoint/integral behavior and claim coupling can affect core borrower flows, especially during zero-borrow-share periods
- `src/protocol/WriteOffToken.sol` / `src/libraries/VaultAccount.sol` and related accounting helpers — supporting context for debt/share accounting and writeoff state, but secondary to pair/oracle/reward paths

## Issue Directions Seen
- Oracle math and refresh behavior remain a core direction, including decimal mismatches, inversion logic, weak freshness/sanity assumptions, and zero-price availability failures
- Pair accounting vs real asset state is a recurring theme, particularly where external integrations, migrations, or delayed updates let internal balances diverge from actual collateral location
- Reward distribution is now a durable direction in two forms: zero-borrow-share accounting can strand rewards, and reward-claim execution can couple into borrow/repay/withdraw/liquidation liveness
- Convex integration remains live beyond simple staking-success assumptions: pool-management edge cases and sentinel/state encoding can orphan or live-lock collateral
- Share/debt refactor rounding remains a lower-severity but recurring accounting direction, where lazy per-user rounding can leave small residual debt effectively unowned
- Redemption/liquidation handler and fee-accounting assumptions remain background suspicion, but lower-confidence than the core oracle/accounting/reward directions

## Useful Context
- The most stable audit picture still radiates from `ResupplyPairCore` plus the wrapper pair contract; external modules mainly amplify mistakes in accounting, pricing, or flow liveness rather than isolate them
- Borrower checkpointing and reward claiming are not cleanly separated concerns: reward-side failures can propagate into core lending operations, making availability as important as value correctness
- Oracle handling is protocol-wide context, touching borrow, solvency, redemption, and liquidation paths; availability failures and normalization mistakes matter alongside pure mispricing risk
- A repeated cross-round pattern is accounting/location divergence: both Convex asset movement and share-based accounting refactors show the system can advance internal state in ways that do not cleanly match recoverable assets or attributable debt
- Low-confidence but retained background context includes redemption fee handling, handler burn semantics, and possible bounded-integer debt edge cases; useful for future correlation, but not yet stable primary directions
