{
  "findings": [
    {
      "id": "F-001",
      "severity": "High",
      "confidence": "high",
      "title": "VirtualToken.cashIn mints by msg.value for ERC20 underlyings, enabling unbacked minting/mis-accounting",
      "locations": [
        "VirtualToken.sol:72",
        "VirtualToken.sol:76",
        "VirtualToken.sol:78",
        "VirtualToken.sol:82",
        "VirtualToken.sol:138"
      ],
      "claim": "When `underlyingToken != NATIVE_TOKEN`, `cashIn(amount)` transfers `amount` underlying ERC20 but mints `msg.value` vTokens. This breaks 1:1 accounting: ERC20 deposits with `msg.value=0` mint zero, while nonzero ETH can mint vTokens without matching ERC20 backing.",
      "impact": "If any whitelisted address can invoke this path for an ERC20-backed VirtualToken, it can create unbacked redeemable supply and drain existing underlying liquidity, or cause insolvency/loss for honest depositors through under-minting.",
      "paths": [
        "Deploy/use VirtualToken with ERC20 underlying (`underlyingToken != NATIVE_TOKEN`).",
        "Whitelisted caller invokes `cashIn` with mismatched `amount` vs `msg.value` (e.g., `amount=0`, nonzero `msg.value`, or nonzero `amount`, `msg.value=0`).",
        "Contract mints by `msg.value` instead of deposited ERC20 amount.",
        "Caller later redeems via `cashOut` against real ERC20 balance."
      ],
      "round": 1,
      "source_agents": [
        "codex_1",
        "opencode_1"
      ]
    },
    {
      "id": "F-002",
      "severity": "Medium",
      "confidence": "high",
      "title": "Permissionless createLaunchPad can consume per-block vETH loan quota and DoS other launches",
      "locations": [
        "LamboFactory.sol:65",
        "LamboFactory.sol:70",
        "LamboFactory.sol:74",
        "VirtualToken.sol:93"
      ],
      "claim": "`createLaunchPad` is callable by anyone (only token address is whitelist-gated), and each call draws from global `MAX_LOAN_PER_BLOCK` via `takeLoan`. An attacker can consume the full quota first each block.",
      "impact": "Legitimate launch attempts in the same block can be forced to revert with `Loan limit per block exceeded`, enabling repeatable permissionless griefing/MEV denial of service.",
      "paths": [
        "Attacker calls `createLaunchPad(..., virtualLiquidityAmount = MAX_LOAN_PER_BLOCK, virtualLiquidityToken = whitelisted vToken)` early in block.",
        "VirtualToken records the full per-block loan allowance as used.",
        "Subsequent legitimate `createLaunchPad` calls in that block revert on the cap check.",
        "Attack repeats block-by-block with priority gas."
      ],
      "round": 1,
      "source_agents": [
        "codex_1"
      ]
    },
    {
      "id": "F-003",
      "severity": "High",
      "confidence": "high",
      "title": "Router sell pricing uses full vETH reserves including debt-locked liquidity, causing sell reverts and exit lockups",
      "locations": [
        "LamboFactory.sol:74",
        "VirtualToken.sol:97",
        "VirtualToken.sol:145",
        "LamboVEthRouter.sol:110",
        "LamboVEthRouter.sol:117",
        "LamboVEthRouter.sol:126"
      ],
      "claim": "Factory seeds pairs with debt-minted vETH (`takeLoan(pool, amount)`), and VirtualToken forbids transfers that move a debt address below its debt floor. Router sell quotes/swaps use raw pair reserves, which include debt-locked vETH that is not actually transferable out of the pair.",
      "impact": "Users can receive quotes based on unavailable reserveOut and hit reverts during swap transfer (`DebtOverflow`), creating practical sell failures and potential lockup of exit liquidity once non-debt vETH is depleted.",
      "paths": [
        "Pool receives vETH via `takeLoan(pool, virtualLiquidityAmount)` and `_debt[pool]` is increased.",
        "On sells, router computes `amountXOut` from full reserves (`getReserves` + `getAmountOut`).",
        "Pair attempts to transfer vETH output, but VirtualToken `_update` enforces `balance >= value + debt` for `from=pair`.",
        "If computed output exceeds transferable non-debt balance, transfer reverts and user sell fails."
      ],
      "round": 1,
      "source_agents": [
        "codex_1"
      ]
    },
    {
      "id": "F-004",
      "severity": "Low",
      "confidence": "high",
      "title": "buyQuote refund logic withholds 1 wei from overpayments",
      "locations": [
        "LamboVEthRouter.sol:180",
        "LamboVEthRouter.sol:181"
      ],
      "claim": "Overpayment refunds are computed with an extra `-1` wei (`msg.value - amountXIn - fee - 1`) and only triggered when excess is greater than 1 wei.",
      "impact": "Users are systematically under-refunded by 1 wei when overpaying; residual ETH accumulates in the router as trapped dust.",
      "paths": [
        "User calls `buyQuote` with `msg.value` above required input+fee.",
        "Refund branch returns `excess - 1 wei` instead of full excess.",
        "1 wei remains in the contract per affected transaction."
      ],
      "round": 1,
      "source_agents": [
        "codex_1",
        "opencode_1"
      ]
    },
    {
      "id": "F-005",
      "severity": "Medium",
      "confidence": "low",
      "title": "Rebalance initialization can be seized if deployment is non-atomic or proxy is left uninitialized",
      "locations": [
        "rebalance/LamboRebalanceOnUniwap.sol:40",
        "rebalance/LamboRebalanceOnUniwap.sol:53",
        "rebalance/LamboRebalanceOnUniwap.sol:55"
      ],
      "claim": "`initialize` is public and sets owner from a caller-supplied address. If deployment/upgrade flow ever leaves an instance (especially proxy) uninitialized, any external caller can initialize first and take ownership.",
      "impact": "Attacker ownership enables privileged control (upgrade authorization and `extractProfit`), allowing asset extraction or malicious upgrades.",
      "paths": [
        "Instance/proxy is deployed without immediate initializer execution.",
        "Attacker calls `initialize(attacker, vETH, pool, fee)` first.",
        "Attacker becomes owner and can authorize upgrades/extract managed tokens."
      ],
      "round": 1,
      "source_agents": [
        "codex_1"
      ]
    },
    {
      "id": "F-006",
      "severity": "Critical",
      "confidence": "high",
      "title": "Launchpad creation reverts because factory transfers LP tokens to the zero address",
      "locations": [
        "LamboFactory.sol:79",
        "LamboFactory.sol:80"
      ],
      "claim": "`createLaunchPad` mints LP to the factory and then calls `IERC20(pool).safeTransfer(address(0), ...)`. For Uniswap V2-style LP ERC20 tokens (used by this code path via mainnet Uniswap V2 factory constants), transfers to `address(0)` revert, so launch creation cannot complete.",
      "impact": "Core launch flow is bricked: pool setup reverts and downstream flows that depend on successful launchpad creation (including router-assisted initial buy) fail.",
      "paths": [
        "Call `LamboFactory.createLaunchPad(...)` with a whitelisted virtual token.",
        "Function executes `IPool(pool).mint(address(this))` then attempts `IERC20(pool).safeTransfer(address(0), IERC20(pool).balanceOf(address(this)))`.",
        "LP token transfer to zero address reverts, reverting the full launch transaction."
      ],
      "round": 2,
      "source_agents": [
        "codex_1"
      ]
    },
    {
      "id": "F-007",
      "severity": "High",
      "confidence": "high",
      "title": "Predictable clone address enables pair pre-creation that can indefinitely brick targeted launch attempts",
      "locations": [
        "LamboFactory.sol:57",
        "LamboFactory.sol:71",
        "LamboFactory.sol:72"
      ],
      "claim": "`createLaunchPad` deploys a non-deterministic clone (`Clones.clone`) and then calls `createPair`. The next clone address is predictable from the factory contract nonce, and Uniswap V2 `createPair` can be called permissionlessly for undeployed token addresses. An attacker can pre-create the pair for the next predicted clone address so `createPair` reverts.",
      "impact": "Launch creation for the targeted virtual liquidity token can be persistently DoS'd. Because the victim transaction reverts, the factory nonce rolls back, so retries keep targeting the same blocked clone address until some other successful create changes nonce.",
      "paths": [
        "Attacker predicts the next clone address for `LamboFactory`.",
        "Attacker calls Uniswap V2 factory `createPair(virtualLiquidityToken, predictedClone)` first.",
        "Victim calls `createLaunchPad`; clone deployment succeeds but `createPair` reverts due existing pair.",
        "Transaction reverts and factory nonce is unchanged, letting the attacker repeat the same block condition on retries."
      ],
      "round": 3,
      "source_agents": [
        "codex_1"
      ]
    },
    {
      "id": "F-008",
      "severity": "Low",
      "confidence": "high",
      "title": "Rebalance ignores caller-provided output target and executes swaps with zero minimum return",
      "locations": [
        "rebalance/LamboRebalanceOnUniwap.sol:62",
        "rebalance/LamboRebalanceOnUniwap.sol:73",
        "rebalance/LamboRebalanceOnUniwap.sol:94",
        "rebalance/LamboRebalanceOnUniwap.sol:97",
        "rebalance/LamboRebalanceOnUniwap.sol:113"
      ],
      "claim": "`rebalance(directionMask, amountIn, amountOut)` accepts `amountOut` but never enforces it, and both buy/sell paths call `uniswapV3SwapTo(..., minReturn=0, ...)`.",
      "impact": "The strategy has no explicit slippage floor per execution, so adversarial order flow can capture most of the expected rebalance edge and leave only marginal profit to the protocol, degrading economic performance.",
      "paths": [
        "Operator/bot submits rebalance based on expected quote.",
        "MEV actors move price around the rebalance transaction.",
        "Swap still executes because `minReturn=0` and `amountOut` is unused.",
        "Transaction can settle at materially worse terms as long as final WETH delta stays positive."
      ],
      "round": 3,
      "source_agents": [
        "codex_1",
        "opencode_1"
      ]
    },
    {
      "id": "F-009",
      "severity": "Low",
      "confidence": "medium",
      "title": "Router and rebalance flows never enforce that configured vETH is native-backed, enabling full functional DoS via misconfiguration",
      "locations": [
        "LamboVEthRouter.sol:28",
        "LamboVEthRouter.sol:129",
        "LamboVEthRouter.sol:171",
        "rebalance/LamboRebalanceOnUniwap.sol:40",
        "rebalance/LamboRebalanceOnUniwap.sol:100",
        "rebalance/LamboRebalanceOnUniwap.sol:111"
      ],
      "claim": "Both router and rebalance hard-code ETH `cashIn/cashOut` assumptions against `vETH` but never validate `VirtualToken(vETH).underlyingToken()` is the native-token sentinel.",
      "impact": "If an ERC20-backed VirtualToken is configured as `vETH`, buy/sell/rebalance paths can revert or become incompatible, effectively bricking core trading/rebalance functionality.",
      "paths": [
        "Deploy/configure router or rebalance with a VirtualToken whose underlying is ERC20 instead of native ETH.",
        "Execution reaches `cashIn{value:...}` and/or ETH-dependent `cashOut` handling paths.",
        "Calls fail or downstream ETH transfer/wrapping logic breaks, reverting user operations."
      ],
      "round": 4,
      "source_agents": [
        "codex_1"
      ]
    },
    {
      "id": "F-010",
      "severity": "Low",
      "confidence": "medium",
      "title": "previewRebalance uses raw pool token balances, allowing donation-based signal manipulation",
      "locations": [
        "rebalance/LamboRebalanceOnUniwap.sol:128",
        "rebalance/LamboRebalanceOnUniwap.sol:129",
        "rebalance/LamboRebalanceOnUniwap.sol:130",
        "rebalance/LamboRebalanceOnUniwap.sol:135"
      ],
      "claim": "`previewRebalance` derives direction and size from `IERC20.balanceOf(uniswapPool)` values rather than robust pool-state pricing primitives, so direct token transfers to the pool can skew the preview signal.",
      "impact": "Automation that relies on `previewRebalance` can be induced into poor or reverting rebalance attempts, creating gas grief and degraded strategy execution quality.",
      "paths": [
        "Attacker transfers WETH or vETH directly to `uniswapPool`.",
        "`previewRebalance` computes manipulated `amountIn` and direction from distorted balances.",
        "Keeper/bot consuming preview output submits suboptimal rebalance parameters and loses execution quality (or reverts)."
      ],
      "round": 4,
      "source_agents": [
        "codex_1"
      ]
    },
    {
      "id": "F-011",
      "severity": "Medium",
      "confidence": "high",
      "title": "Router fees are bypassable through direct trading against the public launch pair",
      "locations": [
        "LamboFactory.sol:72",
        "LamboFactory.sol:79",
        "LamboVEthRouter.sol:132",
        "LamboVEthRouter.sol:151",
        "LamboVEthRouter.sol:171",
        "VirtualToken.sol:143"
      ],
      "claim": "The buy/sell fee is charged only in `LamboVEthRouter`, while launch liquidity is placed in a normal public Uniswap V2 pair and vETH transfers are not restricted to the router except for per-address debt floors. Traders that can source or dispose of vETH externally can interact with the pair directly and avoid `feeRate`.",
      "impact": "Protocol fee revenue is not enforceable at the contract layer. Once vETH is available through a vETH/WETH market, holders, or prior non-debt deposits into the pair, direct pair swaps can systematically bypass buy and sell fees.",
      "paths": [
        "Acquire vETH through the vETH/WETH market, another holder, or previous non-debt vETH liquidity.",
        "For a buy, transfer vETH directly to the launch Uniswap V2 pair and call `swap` for the quote token instead of `LamboVEthRouter.buyQuote`.",
        "For a sell, transfer quote tokens directly to the pair and call `swap` for vETH up to the pair's non-debt vETH balance, then route that vETH externally instead of using `LamboVEthRouter.sellQuote`.",
        "No router fee code executes on the direct pair path."
      ],
      "round": 5,
      "source_agents": [
        "codex_1"
      ]
    },
    {
      "id": "F-012",
      "severity": "Medium",
      "confidence": "medium",
      "title": "Rebalance swap direction is encoded from WETH identity instead of the pool token order",
      "locations": [
        "rebalance/LamboRebalanceOnUniwap.sol:27",
        "rebalance/LamboRebalanceOnUniwap.sol:62",
        "rebalance/LamboRebalanceOnUniwap.sol:76",
        "rebalance/LamboRebalanceOnUniwap.sol:80",
        "rebalance/LamboRebalanceOnUniwap.sol:83",
        "rebalance/LamboRebalanceOnUniwap.sol:165"
      ],
      "claim": "The packed OKX/Uniswap V3 pool word is built by ORing an unvalidated `directionMask` into `uniswapPool`, and `previewRebalance` derives that mask from `tokenIn == weth` rather than checking whether `tokenIn` is the configured pool's `token0`. If the deployed vETH/WETH pool is ordered opposite the assumption, the rebalance uses the wrong swap direction.",
      "impact": "For deployments where vETH sorts on the unexpected side of WETH, rebalance calls can request the wrong input token in the swap callback or produce output that the follow-up `cashIn/cashOut` logic does not handle, causing persistent rebalance failure for that deployment.",
      "paths": [
        "Deploy/configure a vETH/WETH Uniswap V3 pool where token ordering does not match the contract's implicit WETH-side assumption.",
        "`previewRebalance` selects `_BUY_MASK` solely when `tokenIn == weth` and `_SELL_MASK` otherwise.",
        "`rebalance` passes that mask through to `onMorphoFlashLoan`, which ORs it into the pool word and chooses `_executeBuy` or `_executeSell`.",
        "The OKX/Uniswap V3 swap executes with the opposite direction or a malformed pool word, causing callback payment failure, wrong output handling, or full rebalance reverts."
      ],
      "round": 5,
      "source_agents": [
        "codex_1",
        "opencode_1"
      ]
    },
    {
      "id": "F-013",
      "severity": "Medium",
      "confidence": "medium",
      "title": "Uniswap V2 fee switch can mint LP shares despite the intended burned-liquidity model",
      "locations": [
        "LamboFactory.sol:72",
        "LamboFactory.sol:79",
        "LamboFactory.sol:80",
        "Utils/LaunchPadUtils.sol:21"
      ],
      "claim": "Launch pools are created on the canonical Uniswap V2 factory, and the factory assumes moving the initially minted LP tokens away permanently removes all claims on reserves. If the Uniswap V2 `feeTo` switch is enabled, later mint/burn activity can mint protocol-fee LP tokens to `feeTo` even though the original LP was intended to be burned.",
      "impact": "The external Uniswap `feeTo` address can receive a claim on launch-pool reserves and burn those LP shares to withdraw a portion of quote tokens and transferable vETH, violating the protocol's locked-liquidity assumption.",
      "paths": [
        "The canonical Uniswap V2 factory configured in `LaunchPadUtils.UNISWAP_POOL_FACTORY_` has `feeTo` enabled.",
        "A launch pool accumulates swap-fee growth after initial liquidity is minted and moved away.",
        "A later liquidity mint or burn triggers Uniswap V2 protocol-fee minting to `feeTo`.",
        "`feeTo` burns the minted LP shares and withdraws its proportional share of pool reserves."
      ],
      "round": 5,
      "source_agents": [
        "codex_1"
      ]
    },
    {
      "id": "F-014",
      "severity": "Low",
      "confidence": "medium",
      "title": "Whitelisted router can be used as a generic arbitrary-pair vETH redemption adapter",
      "locations": [
        "LamboVEthRouter.sol:93",
        "LamboVEthRouter.sol:107",
        "LamboVEthRouter.sol:109",
        "LamboVEthRouter.sol:126",
        "LamboVEthRouter.sol:129",
        "VirtualToken.sol:82"
      ],
      "claim": "`VirtualToken.cashOut` is whitelist-gated, but the whitelisted router's `sellQuote` accepts any `quoteToken`, derives the canonical Uniswap V2 pair only from `quoteToken/vETH`, and never checks that the quote token or pair came from `LamboFactory`. A caller can therefore make the router receive vETH from an arbitrary pair and have the router redeem it.",
      "impact": "The cashOut whitelist is not an effective boundary for vETH redemption. Any non-whitelisted account that can source transferable vETH can redeem it through an attacker-created pair; if transferable unbacked or mis-accounted vETH reaches users through another integration or bug, the router path can convert it into underlying ETH.",
      "paths": [
        "Attacker obtains transferable vETH.",
        "Attacker creates and seeds a Uniswap V2 pair between vETH and an attacker-controlled quote token.",
        "Attacker calls `sellQuote(attackerToken, amountYIn, minReturn)`.",
        "The router swaps the attacker token for vETH from the arbitrary pair, calls `VirtualToken(vETH).cashOut(amountXOut)`, and forwards ETH to the caller minus the router fee."
      ],
      "round": 6,
      "source_agents": [
        "codex_1"
      ]
    },
    {
      "id": "F-015",
      "severity": "Low",
      "confidence": "high",
      "title": "Native ETH accepted by router and rebalancer has no recovery path",
      "locations": [
        "LamboVEthRouter.sol:188",
        "rebalance/LamboRebalanceOnUniwap.sol:55",
        "rebalance/LamboRebalanceOnUniwap.sol:168"
      ],
      "claim": "Both `LamboVEthRouter` and `LamboRebalanceOnUniwap` accept native ETH through `receive()` functions, but neither exposes a native-ETH withdrawal or rescue function. The rebalancer's `extractProfit` only transfers ERC20 balances via `IERC20(token).balanceOf` and `safeTransfer`.",
      "impact": "Accidental direct ETH transfers, forced ETH, and unexpected native ETH residuals can become permanently stuck. In the router this also compounds the trapped-dust behavior from refund underpayment, and in the rebalancer pre-existing native ETH is excluded from the `_executeBuy` wrapping delta.",
      "paths": [
        "Send ETH directly to `LamboVEthRouter.receive()` or leave refund dust in the router.",
        "Send or force ETH to `LamboRebalanceOnUniwap.receive()`.",
        "Attempt recovery through available functions; the router has no withdrawal method and the rebalancer can only sweep ERC20 balances through `extractProfit`."
      ],
      "round": 6,
      "source_agents": [
        "codex_1"
      ]
    }
  ],
  "rejected_candidates": [
    {
      "title": "LamboToken implementation remains publicly initializable",
      "source_agents": [
        "codex_1"
      ],
      "reason": "Initializing the implementation mints tokens only in the implementation contract's own storage and does not affect clones created by the factory. The stated harm depends on off-chain/UI confusion rather than protocol-level loss or corruption."
    },
    {
      "title": "Public rebalance can inject arbitrary bits into the OKX pool descriptor",
      "source_agents": [
        "codex_1"
      ],
      "reason": "The code does allow unrestricted `directionMask` bits, but the submitted impact is speculative: failed descriptors only revert the caller's rebalance, and successful execution must still pass flash-loan repayment plus the positive WETH profit check. No concrete loss, theft, persistent DoS, or exploitable OKX flag layout was demonstrated."
    },
    {
      "title": "VirtualToken takeLoan has no recipient verification allowing infinite debt accumulation",
      "source_agents": [
        "opencode_1"
      ],
      "reason": "`takeLoan` is restricted to `validFactories`; the in-scope factory passes only the newly created pair as recipient, and the per-block cap bounds issuance. The candidate assumes a malicious/invalid factory or arbitrary victim recipient not supported by the current call path."
    },
    {
      "title": "VirtualToken repayLoan is permissionless allowing anyone to reduce arbitrary debts",
      "source_agents": [
        "opencode_1"
      ],
      "reason": "`repayLoan` is not permissionless; it has the same `onlyValidFactory` gate as `takeLoan`. It also checks debt before decreasing and then burns from the debtor, so the claimed arbitrary external accounting manipulation is not supported."
    },
    {
      "title": "Rebalance amountOut parameter is ignored allowing zero slippage protection",
      "source_agents": [
        "opencode_1"
      ],
      "reason": "Duplicate of existing F-008. This round did not add a distinct root cause; the suggested High severity is not kept because the rebalance requires positive WETH profit after flash-loan repayment, limiting direct principal loss while still allowing value capture/slippage degradation."
    },
    {
      "title": "extractProfit can drain protocol vETH and wrapped tokens",
      "source_agents": [
        "opencode_1"
      ],
      "reason": "`extractProfit` is owner-only and the owner already controls UUPS upgrade authorization. The candidate is a privileged-owner trust assumption rather than an untrusted exploit path."
    },
    {
      "title": "VirtualToken debt can exceed totalSupply causing accounting inconsistency",
      "source_agents": [
        "opencode_1"
      ],
      "reason": "`takeLoan` mints the same amount that it records as debt, `_decreaseDebt` requires sufficient debt, and Solidity 0.8 arithmetic prevents silent overflow. No supported sequence was provided that makes debt inconsistent with supply."
    },
    {
      "title": "getBuyQuote and getSellQuote use potentially outdated reserves",
      "source_agents": [
        "opencode_1"
      ],
      "reason": "The functions are view quote helpers and reserve changes between quote and execution are normal AMM behavior. The state-changing buy/sell functions accept `minReturn`, so this is not a distinct protocol vulnerability."
    },
    {
      "title": "Rebalance uses OKXRouter with hardcoded token approve address",
      "source_agents": [
        "opencode_1"
      ],
      "reason": "This is an external dependency/configuration risk. The candidate relies on the hardcoded OKX approval contract becoming invalid or compromised, not on an in-scope implementation flaw."
    }
  ]
}
