# Global Audit Memory

## Scope Touched
- `FlawVerifier.sol` — dominant audit surface across rounds; focus remains on `executeOnOpportunity()`, `_tryCycle()`, and the composed probe/swap/liquidation path, with issue directions around treasury custody, open execution, missing run-level profit enforcement, and unsafe external interaction
- `FlawVerifier.sol` low-level helper and approval surfaces — `_attempt()`, `_safeBalanceOf()`, `_safeApprove()`, selector/probing helpers, and related returndata/balance wrappers repeatedly matter because they sit on value-bearing external calls, persistent approvals, and permissive call handling
- `FlawVerifier.sol` entrypoint and ETH-receipt behavior — public execution plus permissive `receive()`/`fallback()` now matters as part of balance/profit accounting and reentrant call-shape review
- `FlawVerifier.sol` hard-coded token/router endpoints — durable scope item because chain-specific constants can misroute value or break assumptions off mainnet
- `Counter.sol` — lightly reviewed auxiliary scope; remains low-signal and shallow compared with `FlawVerifier.sol`

## Issue Directions Seen
- Treasury/value flow may be lost, trapped, or degraded because execution moves funds through multiple external steps without a clear end-to-end profitability invariant
- Main strategy execution remains exposed to overly broad triggering, keeping permissionless treasury-touching execution as a recurring direction
- Swap/liquidation paths continue to suggest extraction risk from weak output guarantees and balance-sensitive execution
- Broad or persistent approvals plus blind or weakly constrained low-level interactions remain a central destructive-call / side-effect direction
- Balance and profit signals appear sensitive to external state injection or spoofing, especially where ETH/WETH balances and permissive receive paths can influence perceived success
- External target interaction keeps reentrancy and call-return handling in scope, including risk from untrusted callbacks and oversized returndata causing execution disruption
- Fixed mainnet address assumptions remain a retained direction: hard-coded endpoints create wrong-chain/value-sink risk when deployment environment differs from the assumed network

## Useful Context
- Cross-round signal is overwhelmingly concentrated in `FlawVerifier.sol`; absence of comparable findings elsewhere should not be read as broad safety
- The most durable pattern is unsafe composition inside one strategy path: approvals, probing, swaps, liquidation, and helper-wrapped external calls all occur while the contract is actively custodying value
- Correctness depends on the whole opportunity cycle ending profitably; success of individual helpers or subcalls is not a sufficient safety signal
- Helper-layer behavior matters almost as much as core strategy logic because accounting, approvals, returndata handling, and external-call safety are delegated into wrappers
- `Counter.sol` remains low-coverage and low-signal; durable audit memory is still driven by the main execution contract
