# Global Audit Memory

## Scope Touched
- Queue/share lifecycle remains the core hotspot: `queues/DepositQueue.sol`, `queues/RedeemQueue.sol`, `queues/SignatureDepositQueue.sol`, `queues/SignatureRedeemQueue.sol`, `modules/ShareModule.sol`, `managers/ShareManager.sol` (claim/mint/update ordering, queue progression, authorization continuity).
- Role/authorization and accounting fallback paths continue to matter: `managers/RiskManager.sol` and queue-or-role guarded manager calls.
- Transfer and eligibility enforcement surfaces gained sustained signal: share transfer path (`_update`-adjacent logic), blacklist checks, and signature-deposit caller gating parity.
- Oracle path now has recurring relevance through first-report handling: `oracles/Oracle.sol` (new-asset initial report state and downstream dependency on acceptance flow).
- Broader sweeps still touch hooks/fees/factory/strategy surfaces (e.g., `hooks/BasicRedeemHook.sol`, `managers/FeeManager.sol`) but with lower evidence density than core queue/share paths.

## Issue Directions Seen
- Confirmed: deposit-queue removal can strand processed-but-unclaimed deposits when claim minting still depends on queue authorization.
- Confirmed: ETH-sentinel/native-asset mode can break ERC20 `balanceOf`-based redeem-liquidity checks, causing revert-driven blockage.
- Confirmed: `onlyQueueOrRole`-style gating can revert before role fallback, breaking role-authorized emergency accounting calls.
- Confirmed recurring direction: share state-transition ordering bugs around `_update`/claim flows can bypass lockup-style restrictions.
- Confirmed recurring direction: signature queue parity gaps can create whitelist/auth bypass routes.
- Confirmed recurring direction: blacklist enforcement asymmetry (recipient-side omission) in share transfer flows.
- Recurring direction: oracle first-report behavior for newly added assets can force suspicious-state dependence on explicit acceptance.
- Lower-retained but recurring context: redeem solvency/claim-time DoS under exact-receipt assumptions and non-standard ERC20 transfer/accounting behavior.
- Lower-signal recurring context: verifier/encoding mismatch, fee-oracle timing races, and standard vs signature queue parity edge cases.

## Useful Context
- Cross-round convergence remains strongest in manager/queue/share interactions; `ShareModule.sol`, `ShareManager.sol`, queue contracts, and `RiskManager.sol` are persistent context hubs.
- Recent retained outcomes reinforce a pattern of enforcement gaps at boundary points: authorization fallbacks, transfer/update ordering, and parity between mirrored queue paths.
- Oracle handling is now a meaningful adjacent risk surface due to first-report semantics, but still secondary to queue/share control paths.
- Hooks/factory/strategy areas are repeatedly scanned but comparatively under-evidenced; they remain context, not cleared surface.
