# Round 8 Summary

## Agent: codex_1
- files touched  
  `modules/ShareModule.sol`, `modules/VaultModule.sol`, `managers/ShareManager.sol`, plus finding-linked files: `managers/TokenizedShareManager.sol`, `queues/RedeemQueue.sol`, `queues/SignatureDepositQueue.sol`, `queues/DepositQueue.sol`, `oracles/Oracle.sol`
- files revisited / highest-attention files  
  `managers/ShareManager.sol` and queue/manager interaction paths tied to `_update`, `claimShares`, and mint/update checks
- main issue directions investigated  
  lockup/cooldown enforcement ordering, signature-deposit whitelist enforcement parity, blacklist enforcement on transfer recipient, first-report oracle handling for newly added assets
- promising but not retained directions  
  no additional retained candidates beyond the four submitted findings

## Agent: opencode_1
- files touched  
  broad sweep across most in-scope contracts (factories, hooks, libraries, managers, modules, oracle, permissions, queues, strategy, vaults), including `hooks/BasicRedeemHook.sol`, `managers/FeeManager.sol`, `managers/ShareManager.sol`, `oracles/Oracle.sol`, `modules/ShareModule.sol`, `queues/*`
- files revisited / highest-attention files  
  `hooks/BasicRedeemHook.sol` and `managers/FeeManager.sol` were explicitly revisited after initial pass
- main issue directions investigated  
  broad cross-surface scan for auth, role-gating, queue flow, vault/module integration, and hook behavior inconsistencies
- promising but not retained directions  
  `BasicRedeemHook.getLiquidAssets` using `msg.sender` (reported by agent as F-104) was not retained in merged round findings

## Cross-Agent Status
- main overlap in file/area attention  
  managers/queues/share-flow surfaces (`ShareManager`, `TokenizedShareManager`, `Deposit/Redeem` queue interactions) and oracle path review
- notable differences in attention  
  `codex_1` concentrated on concrete exploitable state-transition paths and produced all retained findings; `opencode_1` performed wider one-pass coverage with one non-retained hook-centric issue
- underexplored but suspicious files/functions if clearly supported by the logs  
  `hooks/BasicRedeemHook.sol:getLiquidAssets` remains a flagged-but-unretained hotspot from this round’s logs

## Retained Findings
- Retained set is entirely from `codex_1`:  
  `F-201` high-severity lockup bypass via `_update` check/claim ordering;  
  `F-202` signature-deposit caller whitelist bypass route;  
  `F-203` missing blacklist enforcement on transfer recipient;  
  `F-204` first report for new oracle asset always marked suspicious, creating dependency on `acceptReport`.
