{
  "findings": [
    {
      "id": "F-001",
      "severity": "High",
      "confidence": "high",
      "title": "VirtualToken.cashIn mints by msg.value for ERC20 underlyings, enabling unbacked minting/mis-accounting",
      "locations": [
        "VirtualToken.sol:72",
        "VirtualToken.sol:76",
        "VirtualToken.sol:78",
        "VirtualToken.sol:82",
        "VirtualToken.sol:138"
      ],
      "claim": "When `underlyingToken != NATIVE_TOKEN`, `cashIn(amount)` transfers `amount` underlying ERC20 but mints `msg.value` vTokens. This breaks 1:1 accounting: ERC20 deposits with `msg.value=0` mint zero, while nonzero ETH can mint vTokens without matching ERC20 backing.",
      "impact": "If any whitelisted address can invoke this path for an ERC20-backed VirtualToken, it can create unbacked redeemable supply and drain existing underlying liquidity, or cause insolvency/loss for honest depositors through under-minting.",
      "paths": [
        "Deploy/use VirtualToken with ERC20 underlying (`underlyingToken != NATIVE_TOKEN`).",
        "Whitelisted caller invokes `cashIn` with mismatched `amount` vs `msg.value` (e.g., `amount=0`, nonzero `msg.value`, or nonzero `amount`, `msg.value=0`).",
        "Contract mints by `msg.value` instead of deposited ERC20 amount.",
        "Caller later redeems via `cashOut` against real ERC20 balance."
      ],
      "round": 1,
      "source_agents": [
        "codex_1",
        "opencode_1"
      ]
    },
    {
      "id": "F-002",
      "severity": "Medium",
      "confidence": "high",
      "title": "Permissionless createLaunchPad can consume per-block vETH loan quota and DoS other launches",
      "locations": [
        "LamboFactory.sol:65",
        "LamboFactory.sol:70",
        "LamboFactory.sol:74",
        "VirtualToken.sol:93"
      ],
      "claim": "`createLaunchPad` is callable by anyone (only token address is whitelist-gated), and each call draws from global `MAX_LOAN_PER_BLOCK` via `takeLoan`. An attacker can consume the full quota first each block.",
      "impact": "Legitimate launch attempts in the same block can be forced to revert with `Loan limit per block exceeded`, enabling repeatable permissionless griefing/MEV denial of service.",
      "paths": [
        "Attacker calls `createLaunchPad(..., virtualLiquidityAmount = MAX_LOAN_PER_BLOCK, virtualLiquidityToken = whitelisted vToken)` early in block.",
        "VirtualToken records the full per-block loan allowance as used.",
        "Subsequent legitimate `createLaunchPad` calls in that block revert on the cap check.",
        "Attack repeats block-by-block with priority gas."
      ],
      "round": 1,
      "source_agents": [
        "codex_1"
      ]
    },
    {
      "id": "F-003",
      "severity": "High",
      "confidence": "high",
      "title": "Router sell pricing uses full vETH reserves including debt-locked liquidity, causing sell reverts and exit lockups",
      "locations": [
        "LamboFactory.sol:74",
        "VirtualToken.sol:97",
        "VirtualToken.sol:145",
        "LamboVEthRouter.sol:110",
        "LamboVEthRouter.sol:117",
        "LamboVEthRouter.sol:126"
      ],
      "claim": "Factory seeds pairs with debt-minted vETH (`takeLoan(pool, amount)`), and VirtualToken forbids transfers that move a debt address below its debt floor. Router sell quotes/swaps use raw pair reserves, which include debt-locked vETH that is not actually transferable out of the pair.",
      "impact": "Users can receive quotes based on unavailable reserveOut and hit reverts during swap transfer (`DebtOverflow`), creating practical sell failures and potential lockup of exit liquidity once non-debt vETH is depleted.",
      "paths": [
        "Pool receives vETH via `takeLoan(pool, virtualLiquidityAmount)` and `_debt[pool]` is increased.",
        "On sells, router computes `amountXOut` from full reserves (`getReserves` + `getAmountOut`).",
        "Pair attempts to transfer vETH output, but VirtualToken `_update` enforces `balance >= value + debt` for `from=pair`.",
        "If computed output exceeds transferable non-debt balance, transfer reverts and user sell fails."
      ],
      "round": 1,
      "source_agents": [
        "codex_1"
      ]
    },
    {
      "id": "F-004",
      "severity": "Low",
      "confidence": "high",
      "title": "buyQuote refund logic withholds 1 wei from overpayments",
      "locations": [
        "LamboVEthRouter.sol:180",
        "LamboVEthRouter.sol:181"
      ],
      "claim": "Overpayment refunds are computed with an extra `-1` wei (`msg.value - amountXIn - fee - 1`) and only triggered when excess is greater than 1 wei.",
      "impact": "Users are systematically under-refunded by 1 wei when overpaying; residual ETH accumulates in the router as trapped dust.",
      "paths": [
        "User calls `buyQuote` with `msg.value` above required input+fee.",
        "Refund branch returns `excess - 1 wei` instead of full excess.",
        "1 wei remains in the contract per affected transaction."
      ],
      "round": 1,
      "source_agents": [
        "codex_1",
        "opencode_1"
      ]
    },
    {
      "id": "F-005",
      "severity": "Medium",
      "confidence": "low",
      "title": "Rebalance initialization can be seized if deployment is non-atomic or proxy is left uninitialized",
      "locations": [
        "rebalance/LamboRebalanceOnUniwap.sol:40",
        "rebalance/LamboRebalanceOnUniwap.sol:53",
        "rebalance/LamboRebalanceOnUniwap.sol:55"
      ],
      "claim": "`initialize` is public and sets owner from a caller-supplied address. If deployment/upgrade flow ever leaves an instance (especially proxy) uninitialized, any external caller can initialize first and take ownership.",
      "impact": "Attacker ownership enables privileged control (upgrade authorization and `extractProfit`), allowing asset extraction or malicious upgrades.",
      "paths": [
        "Instance/proxy is deployed without immediate initializer execution.",
        "Attacker calls `initialize(attacker, vETH, pool, fee)` first.",
        "Attacker becomes owner and can authorize upgrades/extract managed tokens."
      ],
      "round": 1,
      "source_agents": [
        "codex_1"
      ]
    },
    {
      "id": "F-006",
      "severity": "Critical",
      "confidence": "high",
      "title": "Launchpad creation reverts because factory transfers LP tokens to the zero address",
      "locations": [
        "LamboFactory.sol:79",
        "LamboFactory.sol:80"
      ],
      "claim": "`createLaunchPad` mints LP to the factory and then calls `IERC20(pool).safeTransfer(address(0), ...)`. For Uniswap V2-style LP ERC20 tokens (used by this code path via mainnet Uniswap V2 factory constants), transfers to `address(0)` revert, so launch creation cannot complete.",
      "impact": "Core launch flow is bricked: pool setup reverts and downstream flows that depend on successful launchpad creation (including router-assisted initial buy) fail.",
      "paths": [
        "Call `LamboFactory.createLaunchPad(...)` with a whitelisted virtual token.",
        "Function executes `IPool(pool).mint(address(this))` then attempts `IERC20(pool).safeTransfer(address(0), IERC20(pool).balanceOf(address(this)))`.",
        "LP token transfer to zero address reverts, reverting the full launch transaction."
      ],
      "round": 2,
      "source_agents": [
        "codex_1"
      ]
    },
    {
      "id": "F-007",
      "severity": "High",
      "confidence": "high",
      "title": "Predictable clone address enables pair pre-creation that can indefinitely brick targeted launch attempts",
      "locations": [
        "LamboFactory.sol:57",
        "LamboFactory.sol:71",
        "LamboFactory.sol:72"
      ],
      "claim": "`createLaunchPad` deploys a non-deterministic clone (`Clones.clone`) and then calls `createPair`. The next clone address is predictable from the factory contract nonce, and Uniswap V2 `createPair` can be called permissionlessly for undeployed token addresses. An attacker can pre-create the pair for the next predicted clone address so `createPair` reverts.",
      "impact": "Launch creation for the targeted virtual liquidity token can be persistently DoS'd. Because the victim transaction reverts, the factory nonce rolls back, so retries keep targeting the same blocked clone address until some other successful create changes nonce.",
      "paths": [
        "Attacker predicts the next clone address for `LamboFactory`.",
        "Attacker calls Uniswap V2 factory `createPair(virtualLiquidityToken, predictedClone)` first.",
        "Victim calls `createLaunchPad`; clone deployment succeeds but `createPair` reverts due existing pair.",
        "Transaction reverts and factory nonce is unchanged, letting the attacker repeat the same block condition on retries."
      ],
      "round": 3,
      "source_agents": [
        "codex_1"
      ]
    },
    {
      "id": "F-008",
      "severity": "Low",
      "confidence": "high",
      "title": "Rebalance ignores caller-provided output target and executes swaps with zero minimum return",
      "locations": [
        "rebalance/LamboRebalanceOnUniwap.sol:62",
        "rebalance/LamboRebalanceOnUniwap.sol:73",
        "rebalance/LamboRebalanceOnUniwap.sol:94",
        "rebalance/LamboRebalanceOnUniwap.sol:97",
        "rebalance/LamboRebalanceOnUniwap.sol:113"
      ],
      "claim": "`rebalance(directionMask, amountIn, amountOut)` accepts `amountOut` but never enforces it, and both buy/sell paths call `uniswapV3SwapTo(..., minReturn=0, ...)`.",
      "impact": "The strategy has no explicit slippage floor per execution, so adversarial order flow can capture most of the expected rebalance edge and leave only marginal profit to the protocol, degrading economic performance.",
      "paths": [
        "Operator/bot submits rebalance based on expected quote.",
        "MEV actors move price around the rebalance transaction.",
        "Swap still executes because `minReturn=0` and `amountOut` is unused.",
        "Transaction can settle at materially worse terms as long as final WETH delta stays positive."
      ],
      "round": 3,
      "source_agents": [
        "codex_1",
        "opencode_1"
      ]
    },
    {
      "id": "F-009",
      "severity": "Low",
      "confidence": "medium",
      "title": "Router and rebalance flows never enforce that configured vETH is native-backed, enabling full functional DoS via misconfiguration",
      "locations": [
        "LamboVEthRouter.sol:28",
        "LamboVEthRouter.sol:129",
        "LamboVEthRouter.sol:171",
        "rebalance/LamboRebalanceOnUniwap.sol:40",
        "rebalance/LamboRebalanceOnUniwap.sol:100",
        "rebalance/LamboRebalanceOnUniwap.sol:111"
      ],
      "claim": "Both router and rebalance hard-code ETH `cashIn/cashOut` assumptions against `vETH` but never validate `VirtualToken(vETH).underlyingToken()` is the native-token sentinel.",
      "impact": "If an ERC20-backed VirtualToken is configured as `vETH`, buy/sell/rebalance paths can revert or become incompatible, effectively bricking core trading/rebalance functionality.",
      "paths": [
        "Deploy/configure router or rebalance with a VirtualToken whose underlying is ERC20 instead of native ETH.",
        "Execution reaches `cashIn{value:...}` and/or ETH-dependent `cashOut` handling paths.",
        "Calls fail or downstream ETH transfer/wrapping logic breaks, reverting user operations."
      ],
      "round": 4,
      "source_agents": [
        "codex_1"
      ]
    },
    {
      "id": "F-010",
      "severity": "Low",
      "confidence": "medium",
      "title": "previewRebalance uses raw pool token balances, allowing donation-based signal manipulation",
      "locations": [
        "rebalance/LamboRebalanceOnUniwap.sol:128",
        "rebalance/LamboRebalanceOnUniwap.sol:129",
        "rebalance/LamboRebalanceOnUniwap.sol:130",
        "rebalance/LamboRebalanceOnUniwap.sol:135"
      ],
      "claim": "`previewRebalance` derives direction and size from `IERC20.balanceOf(uniswapPool)` values rather than robust pool-state pricing primitives, so direct token transfers to the pool can skew the preview signal.",
      "impact": "Automation that relies on `previewRebalance` can be induced into poor or reverting rebalance attempts, creating gas grief and degraded strategy execution quality.",
      "paths": [
        "Attacker transfers WETH or vETH directly to `uniswapPool`.",
        "`previewRebalance` computes manipulated `amountIn` and direction from distorted balances.",
        "Keeper/bot consuming preview output submits suboptimal rebalance parameters and loses execution quality (or reverts)."
      ],
      "round": 4,
      "source_agents": [
        "codex_1"
      ]
    }
  ],
  "rejected_candidates": [
    {
      "title": "Hardcoded dependency addresses without chain/code validation can cause catastrophic misdeployment loss",
      "source_agents": [
        "codex_1"
      ],
      "reason": "Mainnet-specific constants are explicit (e.g., `ETH Mainnet` comments); this is primarily deployment-configuration risk rather than a permissionless in-protocol exploit."
    },
    {
      "title": "Rebalance directionMask is not validated and can corrupt encoded pool routing bits",
      "source_agents": [
        "codex_1"
      ],
      "reason": "Malformed `directionMask` is caller-controlled in a public function and mainly self-inflicts revert paths; no concrete theft or third-party DoS path was established."
    },
    {
      "title": "VirtualToken.takeLoan is payable and can trap ETH with no dedicated recovery path",
      "source_agents": [
        "codex_1"
      ],
      "reason": "Only trusted `validFactories` can call `takeLoan`; current in-scope factory flow does not forward ETH, so no realistic permissionless exploit was shown."
    },
    {
      "title": "Unrestricted quoteToken routing turns whitelisted router into a generic vETH cash-out bridge",
      "source_agents": [
        "codex_1"
      ],
      "reason": "Routing arbitrary vETH pairs appears intentional router behavior; no demonstrated drain or whitelist bypass beyond normal AMM trading was substantiated."
    },
    {
      "title": "VirtualToken.cashOut burns tokens before sending underlying assets",
      "source_agents": [
        "opencode_1"
      ],
      "reason": "Incorrect: if underlying transfer fails, the transaction reverts atomically and the prior burn is rolled back."
    },
    {
      "title": "LamboRebalanceOnUniwap executes swaps with hardcoded zero minimum return",
      "source_agents": [
        "opencode_1"
      ],
      "reason": "Merged into existing F-008 (same root cause: `minReturn=0` and missing slippage floor)."
    },
    {
      "title": "Rebalance lacks slippage protection on caller-provided amountOut",
      "source_agents": [
        "opencode_1"
      ],
      "reason": "Merged into existing F-008 (same root cause: `amountOut` ignored and no enforced minimum output)."
    },
    {
      "title": "VirtualToken.repayLoan can burn tokens without corresponding debt reduction",
      "source_agents": [
        "opencode_1"
      ],
      "reason": "Incorrect: function is `onlyValidFactory`, and `_decreaseDebt` must pass before burn, preventing debt/accounting mismatch claims."
    },
    {
      "title": "Rebalance onMorphoFlashLoan lacks validation on pool parameter",
      "source_agents": [
        "opencode_1"
      ],
      "reason": "Pool address is initialized state, not user-provided per call; candidate did not demonstrate a practical permissionless exploit path."
    },
    {
      "title": "Router buyQuote allows overpayment without full refund",
      "source_agents": [
        "opencode_1"
      ],
      "reason": "Merged into existing F-004 (same 1-wei refund shortfall)."
    },
    {
      "title": "Rebalance extractProfit can drain flash loaned funds",
      "source_agents": [
        "opencode_1"
      ],
      "reason": "Not feasible in stated form: `extractProfit` cannot interleave inside the same flash-loan execution; any failed repayment would revert atomically."
    }
  ]
}
