# Global Audit Memory

## Scope Touched
- `src/protocol/pair/ResupplyPairCore.sol` / `src/protocol/ResupplyPair.sol` — enduring audit center for borrow/collateral/liquidation/redemption accounting, interest + exchange-rate refresh, debt booking, fee paths, external handler settlement, Convex transitions, and deployment/runtime parameter consistency
- Convex collateral management in `src/protocol/ResupplyPair.sol` — persistent risk surface where credited collateral can diverge from asset location across staking, pool-switch, migration, or sentinel/state transitions
- Oracle and rate-calculator integration around pair refresh/admin paths — protocol-wide dependency for price normalization, inversion/decimals handling, freshness/sanity assumptions, zero-price availability, and setter validity
- `src/protocol/RewardDistributorMultiEpoch.sol` with `src/dependencies/EpochTracker.sol` — recurring liveness/accounting boundary around checkpoint/integral/claim behavior, reward invalidation, and reward-token failure modes
- `src/protocol/WriteOffToken.sol` plus redemption/writeoff flows — durable dependency where token validity or borrower writeoff state affects loss attribution and remaining-collateral accounting
- `src/interfaces/ICore.sol`, `src/dependencies/CoreOwnable.sol`, `src/interfaces/IFeeDeposit.sol`, and initialization/admin setters — supporting governance/configuration surface for max-LTV, fee/mint-fee, oracle, and rate-calculator assumptions

## Issue Directions Seen
- Oracle math and refresh behavior remain a core direction: decimal mismatches, inversion logic, weak freshness/sanity assumptions, zero-price availability, and bad dependency addresses can break core flows
- Internal accounting vs real asset state is still the strongest recurring theme, especially where redemptions, writeoffs, migrations, fees, or external integrations let balances diverge from recoverable collateral
- Debt/interest accrual math remains firm: boundary or overflow behavior near numeric caps can skip, understate, or forgive elapsed debt growth
- Redemption/writeoff accounting remains a cross-round direction: borrower writeoff handling, skipped-loss tracking, debt-offset mechanics, and writeoff-token state can misallocate losses or misstate remaining collateral
- Reward distribution remains a recurring secondary direction: zero-borrow-share/integral edge cases can strand rewards, while reward invalidation or misbehaving reward tokens can break checkpointing/claims and trap balances
- Full-redemption/reset logic remains live: when debt is fully cleared, stale debt/share state can survive and contaminate later borrowing cycles
- Configuration enforcement is now a durable direction in both construction and live admin paths: unsafe parameter values or invalid external-module addresses can create overcharging states or brick pair operation

## Useful Context
- The stable audit picture still radiates from `ResupplyPairCore` plus the wrapper pair contract; external modules mostly amplify mistakes in accounting, pricing, liveness, or configuration enforcement
- A repeated cross-round pattern is state drift: internal debt, share, collateral, reward, or writeoff state can advance in ways that do not cleanly match attributable debt or recoverable assets
- Redemption is a recurring desynchronization point, not just a settlement path; borrower-specific writeoff state, debt-offset logic, reward-side behavior, and global debt/share cleanup can interact unexpectedly
- Governance/admin surfaces deserve the same scrutiny as arithmetic paths because constructor-time settings and live setters have both appeared able to evade safety assumptions or install invalid dependencies
- Low-confidence but retained background context includes handler ordering/trust assumptions, fee routing/deposit assumptions, and bounded-integer debt edge cases for future correlation
