# Global Audit Memory

## Scope Touched
- `Staking.sol` — dominant hotspot across rounds; repeated focus on `deposit`, `withdraw`, `emergencyWithdraw`, `getInterest`, `getInterestFromCompound`, `checkInterestFromCompound`, `manualEpochInit`, epoch/history helpers, `processReferrals`, `notContract`, and Compound mint/redeem plumbing
- withdrawal/checkpoint accounting in `Staking.sol` — increasingly central surface around same-epoch stake averaging, tranche handling, checkpoint updates, and how partial exits reshape later reward weight
- Compound-facing stablecoin paths in `Staking.sol` — recurring attention on `_transferToCompound`, `_redeemFromCompound`, `_getCompoundToken`, cToken/stablecoin result handling, approval behavior, fixed token/cToken assumptions, redeem failure handling, and principal-vs-yield classification
- epoch snapshot / lazy-init state in `Staking.sol` — primary cross-round surface; epoch-0 baselines, backfilled snapshots, historical pool-size propagation, checkpoint carry-forward, and accounting consistency under time progression remain central
- referral/reward helpers in `Staking.sol` — secondary but recurring surface around referral eligibility, “new user” checks, and EOA-only gating interactions with deposit flows
- token transfer helpers / embedded `SafeERC20.sol` and interfaces — secondary review surface for non-standard ERC-20 return semantics that can amplify staking accounting drift
- `Contract.sol` — mainly useful as the container/navigation entry for the embedded staking system rather than as an independent logic surface

## Issue Directions Seen
- Token/accounting mismatch paths: internal stake, principal, checkpoint weight, or claim accounting can diverge from assets actually moved because of non-standard ERC-20 behavior, approval quirks, external integration failures, or balance-based inference
- Withdrawal/checkpoint distortion: same-epoch deposits and later partial withdrawals can leave remaining stake carrying overstated effective historical weight, creating unfair reward capture without needing total balance inflation
- Compound integration safety: staking bookkeeping is weakly coupled to `mint` / `redeem` success, redeemable liquidity, fixed address assumptions, and cToken custody details, which can propagate into withdrawal availability or value misclassification
- Interest-sweep classification risk: interest-handling paths appear to infer yield from raw token or cToken balances, creating a durable risk that externally supplied assets are treated as Compound-generated interest
- Epoch progression and snapshot integrity: historical pool-size views remain exposed to mutable or stale state, especially around epoch-0 initialization, lazy backfilling, checkpoint propagation, and time-dependent accounting edges
- Emergency/withdraw liveness fragility: exit flows remain sensitive to liquidity shortfalls, redeem-path failures, shared timing state, incomplete accounting cleanup, and stale or skipped epoch state
- Referral eligibility/gating ambiguity: referral processing has recurring attention around EOA-only restrictions and “new user” qualification logic, especially where deposit token choice or caller classification may affect reward eligibility
- Non-stable pool valuation/snapshot risk: some accounting paths still appear to trust raw balance views over tracked stake totals, leaving room for pool-size divergence

## Useful Context
- Audit attention remains concentrated on one effective contract surface, with the dominant theme being bookkeeping consistency under imperfect asset movement, mutable epoch/checkpoint state, and external liquidity constraints rather than classic access-control misuse
- A durable pattern is reliance on contract balance views or cached checkpoint math to infer economic meaning; this affects both pool snapshots and Compound interest sweeping, and also how remaining stake inherits reward weight after same-epoch activity
- The same accounting surfaces recur across normal withdrawals, emergency exits, manual epoch initialization, historical snapshot reads, Compound-backed interest handling, and some referral qualification paths, showing tight coupling between liveness and accounting correctness
- Historical/epoch helpers are part of the live attack surface because present-state mutations can influence both past-epoch reads and later lazy initialization or checkpoint behavior
- Supporting token/Compound wrapper code has stayed secondary; the persistent risk comes mainly from how staking logic consumes balances, approval outcomes, Compound availability assumptions, cToken custody, and lazily populated epoch history
- Referral/reward logic has been inspected but is still less explored than withdrawal, emergency, epoch, and Compound-backed stablecoin flows; the main recurring concern is eligibility/gating consistency rather than a settled exploit pattern
- Fuzzing has been useful for pressure-testing epoch/accounting behavior, but at least one apparent divergence collapsed under monotonic-time assumptions, so time-order realism matters when evaluating this surface
