[main 3cf05eb0] auto sync: 2026-06-13_14:00:01
 1 file changed, 0 insertions(+), 0 deletions(-)
 create mode 100644 logs/sync.log
To github.com:somemememe/whatever.git
   297f2017..3cf05eb0  main -> main
To github.com:somemememe/whatever.git
 ! [remote rejected]   main -> main (cannot lock ref 'refs/heads/main': is at 3cf05eb0e308dc20a43e1d5d6c7ccd7012615319 but expected 297f2017781d0a98d5fbac9d03d1a80f435bbab1)
error: failed to push some refs to 'github.com:somemememe/whatever.git'
[main 896c680a] auto sync: 2026-06-13_14:30:01
 1 file changed, 8 insertions(+)
To github.com:somemememe/whatever.git
   3cf05eb0..896c680a  main -> main
To github.com:somemememe/whatever.git
 ! [remote rejected]   main -> main (cannot lock ref 'refs/heads/main': is at 896c680ab989b8df6edb266aaf5d4dae56630d27 but expected 3cf05eb0e308dc20a43e1d5d6c7ccd7012615319)
error: failed to push some refs to 'github.com:somemememe/whatever.git'
push failed, will retry next cycle
[main ff4c3b2c] auto sync: 2026-06-13_15:00:01
 1 file changed, 8 insertions(+)
To github.com:somemememe/whatever.git
   896c680a..ff4c3b2c  main -> main
To github.com:somemememe/whatever.git
 ! [remote rejected]   main -> main (cannot lock ref 'refs/heads/main': is at ff4c3b2c0321573261ff486bb5e6f01e00bfab39 but expected 896c680ab989b8df6edb266aaf5d4dae56630d27)
error: failed to push some refs to 'github.com:somemememe/whatever.git'
