# Round 1 Summary

## Agent: codex_1
- files touched: `0x2d0e64b6bf13660a4c0de42a0b88144a7c10991f/Contract.sol`
- files revisited / highest-attention files: repeated passes over `Contract.sol`, especially `_transfer` gating and admin controls around lines `964-1109`, plus reflection / fee accounting around `1151-1220`
- main issue directions investigated: blacklist-based freezing, DEX trading toggle honeypot behavior, zeroed max-tx freeze, fee-wallet / auto-swap transfer DoS, and broken reflection math around team-fee handling
- promising but not retained directions: none clearly visible from the log beyond the directions that were retained

## Agent: opencode_1
- files touched: `0x2d0e64b6bf13660a4c0de42a0b88144a7c10991f/Contract.sol`; also read round task file `../../../../output/tinu_p5_25_124/rounds/round_1/agent_opencode_1/current_task.md`
- files revisited / highest-attention files: `Contract.sol` was read twice, with extra attention on the later section around fee setters, trading controls, cooldown, and manual swap/send logic
- main issue directions investigated: owner-controlled fee increases, trading disable switch, blacklist freeze, zero max-tx freeze, cooldown abuse, and contract fee-swap / payout paths
- promising but not retained directions: `manualSwap()` / `manualSend()` as theft claims, owner max-tx exemption, deprecated Solidity / `now` usage, `lock()` ownership behavior, `deliver()` blacklist bypass angle, duplicate blacklist entries, and missing event emissions

## Cross-Agent Status
- main overlap in file/area attention: both agents focused on `Contract.sol`, especially owner-controlled transfer restrictions in `_transfer` and surrounding admin setters for blacklist, trading, and max-tx behavior
- notable differences in attention: codex_1 dug into reflection-accounting internals and fee-wallet swap DoS; opencode_1 put more emphasis on cooldown abuse, fee escalation, and several admin/implementation concerns that did not survive merge
- underexplored but suspicious files/functions if clearly supported by the logs: no additional files were explored beyond `Contract.sol`; within it, `manualSwap()`, `manualSend()`, and `deliver()` were raised in agent output but were not retained in the merged findings

## Retained Findings
- retained issues center on one critical accounting flaw and several owner-controlled restriction mechanisms
- the critical item is broken reflection math that credits contract team fees without properly debiting transfer value, enabling inflation and later ETH extraction through swap logic
- high-severity retained controls include arbitrary blacklist freezes, owner-toggleable DEX trading shutdown, and setting max transaction size to zero to block ordinary transfers
- medium retained items include unsafe fee-wallet configuration causing swap-triggered transfer DoS, unbounded buyer cooldown trapping, and owner ability to raise combined transfer fees to 21%
