# Round 1 Summary

## Agent: codex_1
- files touched: `0x369cbc5c6f139b1132d3b91b87241b37fc5b971f/ConicPoolV2.sol`, `0x369cbc5c6f139b1132d3b91b87241b37fc5b971f/RewardManagerV2.sol`, `0x635228edaead8a76b6ae1779bd7682043321943d/ConvexHandlerV3.sol`, plus broad file inventory of the scoped Solidity set
- files revisited / highest-attention files: `RewardManagerV2.sol`, `ConicPoolV2.sol`, `ConvexHandlerV3.sol`
- main issue directions investigated: Convex reward-claim / liquidation flow mismatches, reward accounting during zero-staker periods, CVX pre-booking vs actual minting, permissionless depeg handling with stale cached prices, deposit/withdraw allocation rounding edge cases
- promising but not retained directions: none clearly visible beyond the retained lines of inquiry

## Agent: opencode_1
- files touched: `0x369cbc5c6f139b1132d3b91b87241b37fc5b971f/ConicPoolV2.sol`, `0x369cbc5c6f139b1132d3b91b87241b37fc5b971f/RewardManagerV2.sol`, `0x635228edaead8a76b6ae1779bd7682043321943d/ConvexHandlerV3.sol`, `IConicPool.sol`, `IController.sol`, `Ownable.sol`, `ILpTokenStaker.sol`, `Initializable.sol`, `UniswapRouter02.sol`, `ScaledMath.sol`, `IInflationManager.sol`, `IOracle.sol`, `LpToken.sol`, `CurvePoolUtils.sol`, `ERC20.sol`
- files revisited / highest-attention files: `ConicPoolV2.sol`, `RewardManagerV2.sol`, `ConvexHandlerV3.sol`
- main issue directions investigated: permissionless pool offboarding paths, swap/slippage handling in `RewardManagerV2`, delegatecall/reentrancy surfaces, approval/access-control patterns, math/helper edge cases
- promising but not retained directions: `handleInvalidConvexPid()` access control, unsupported-token slippage floor / swap deadline concerns, delegatecall reentrancy framing around handlers, Curve swap return-value handling, approval-risk themes

## Cross-Agent Status
- main overlap in file/area attention: both agents concentrated on `ConicPoolV2.sol`, `RewardManagerV2.sol`, and `ConvexHandlerV3.sol`, with overlap on permissionless depeg handling around stale pricing
- notable differences in attention: `codex_1` focused on concrete reward-accounting and Convex payout path bugs plus allocation rounding; `opencode_1` covered a wider checklist of access control, swap safety, delegatecall, approvals, and utility-contract edge cases
- underexplored but suspicious files/functions if clearly supported by the logs: `ConicPoolV2.handleInvalidConvexPid()` and `RewardManagerV2` swap/min-out paths received attention in logs but did not produce retained findings in this round

## Retained Findings
- Convex extra reward tokens can be claimed to the pool while liquidation checks the `RewardManager`, stranding non-CRV/CVX rewards
- rewards accrued while no one is staked can be captured by the first staker after the zero-staker interval
- CVX reward accounting can over-credit users because it estimates mint output before actual Convex claiming
- permissionless depeg handling may offboard healthy pools when it relies on stale cached prices
- very small deposits and withdrawals can revert when rounded target allocation leaves no selectable pool
