# Global Audit Memory

## Scope Touched
- `FlawVerifier.sol` — dominant audit surface; `executeOnOpportunity()` remains the key path for execution control, external-call sequencing, unwrap behavior, and end-of-run profit gating
- `FlawVerifier.sol` custody/accounting paths — repeated focus on trapped or misinterpreted value, especially native ETH/WETH already held by the contract and how balances are reused across runs
- `FlawVerifier.sol` balance/profit checks — persistent hotspot for prefunded/donated balance contamination and the retained “ratcheting baseline” effect from trapped ETH profits across successive executions
- `FlawVerifier.sol` external transfer/call and hardcoded dependency segments — recurring review area for balance distortion, fixed-counterparty trust, and chain/environment assumptions, but still mostly hypothesis-level
- `Counter.sol` — lightly but repeatedly revisited for unrestricted public mutability / integrity concerns; remains secondary and underexplored

## Issue Directions Seen
- Value custody and accounting is the clearest cross-round theme, spanning trapped funds, stray ERC20/native assets, and profit inference from raw balances
- Denial-of-service or griefing via balance-dependent execution/profit checks remains a durable direction
- Profit-gating in `FlawVerifier.sol` is susceptible to balance contamination, including pre-existing assets being mistaken for fresh profit and historical profits skewing future eligibility
- Retained direction: trapped ETH profits can accumulate into a rising internal baseline, eventually causing otherwise-profitable future runs to fail
- Permissionless triggering/front-running of the hardcoded execution path remains a standing direction tied to loss of operator timing control
- Hardcoded external-address trust and chain/environment coupling keeps resurfacing as a suspicious but low-confidence direction; inoperability/mainnet-assumption concerns have not matured into retained issues
- `Counter.sol` public mutability/authorization concerns recur intermittently as low-severity integrity hypotheses, still with limited depth

## Useful Context
- Cross-round attention remains overwhelmingly concentrated in `FlawVerifier.sol`, especially `executeOnOpportunity()` and the unwrap-plus-final-balance-check path
- The most stable risk pattern is reliance on balance deltas as a proxy for successful execution, both within a single transaction and across repeated runs
- Review threads increasingly connect custody, profitability checks, and long-lived contract state: retained profits are part of future execution conditions rather than neutral bookkeeping
- External-call / `_safeTransferFrom()` and hardcoded dependency analysis has been more useful for hypothesis generation than for producing retained bugs so far
- `Counter.sol` still has only light coverage, so lack of retained findings there reflects limited attention more than strong assurance
