# Global Audit Memory

## Scope Touched
- `LayerZero/CoreRouter.sol` - repeatedly high-attention for same-chain vs cross-chain borrow/supply/redeem/liquidation state transitions and accounting order effects.
- `LayerZero/CrossChainRouter.sol` - primary hotspot for cross-chain repay/borrow/liquidation message semantics, receive-path behavior, and amount/key forwarding correctness.
- `LayerZero/LendStorage.sol` - central bookkeeping surface for debt/supply aggregation, liquidity visibility, and asset-membership tracking.
- `LayerZero/interaces/*.sol` (repo typo path) + `LTokenInterfaces.sol` - mostly touched as wiring/schema context; semantic invariant coverage remains relatively light.
- `LayerZero/**/*.sol` grep/pattern sweeps - broad checks (auth/require/transfer/oracle/admin/pause/deadline surfaces) were run, but strongest signal still concentrated in router/storage flow accounting.

## Issue Directions Seen
- Accrual/order-of-operations mismatches (especially redeem/liquidity timing) causing accounting drift.
- Cross-chain attribution/write-target consistency risks (token identity and `srcEid`/`destEid` mapping-key correctness) that can desync debt/collateral state.
- Liquidation pipeline coupling risks: repay vs seize semantics, execution-time amount validity, and storage transition consistency.
- Asset-membership desync vs real balances/debts, including liquidation-related membership update gaps.
- Receive-path hard revert behavior as a potential message-lane grief/DoS direction.
- Unbounded asset-set iteration as recurring gas-DoS pressure for liquidity-sensitive operations.
- Lower-signal recurring probes: generic reentrancy, zero/div-by-zero, broad admin-control concerns.

## Useful Context
- Highest-yield method remains end-to-end state-flow tracing across `CrossChainRouter` <-> `CoreRouter` <-> `LendStorage`; broad checklist scans produced more overlap than new retained signal.
- Round 7 added deeper attention on cross-chain handler/revert behavior and endpoint/key consistency, but no new retained findings after merge.
- Interface-area coverage is still comparatively shallow relative to core router/storage internals and may hide invariant mismatches.
- Current retained signal profile remains: a small set of accounting/cross-chain consistency invariants with repeated overlap across agents.
