# Global Audit Memory

## Scope Touched
- `GatewaySend.sol`: now a top hotspot across rounds; durable issues around source deposit accounting (`amount` vs actual received), destination payout success semantics, and revert-path refund handling (especially native asset branching)
- `GatewayCrossChain.sol`: persistent cross-chain execution trust boundary; recurring scrutiny on payload-driven swap/withdraw binding, empty/no-op swap behavior, and payout/refund routing correctness
- `GatewayTransferNative.sol`: recurring refund-state integrity and native payout/recovery concerns (`externalId` collision/overwrite surface, `claimRefund` sensitivity, ETH-sentinel/accounting edge paths)
- `libraries/TransferHelper.sol`: continued relevance for ERC20 transfer/approval edge behavior and return-value handling assumptions in gateway payout paths
- `libraries/AccountEncoder.sol`: confirmed-risk area for Solana account decompression/memory-layout correctness and availability impact
- `libraries/UniswapV2Library.sol`, `libraries/SwapDataHelperLib.sol`, plus route/WETH/helper interfaces: secondary context for route assumptions and swap-path behavior; generally lower signal than gateway flow composition

## Issue Directions Seen
- Cross-chain payload trust is still the dominant risk theme: attacker-influenced message fields propagate too directly into asset movement decisions
- Asset/accounting binding gaps are a repeated high-signal class, now including explicit nominal-vs-received deposit mismatch on source-side bridging
- Delivery/finalization semantics remain fragile: execution paths can mark success despite failed token payout, creating silent settlement divergence
- Native-asset handling is a recurring failure mode: ETH-specific payout/refund branch inconsistencies and gas-stipend-driven liveness failures
- Refund integrity remains durable: callback metadata collision/overwrite and refund-claim execution sensitivity (including reentrancy/liveness angles)
- Recipient encoding/casting mismatch risk (non-EVM bytes to EVM address) continues as a payout misdirection direction
- AMM parameter-validation/economic hardening themes (deadline/minOut, MEV/predictability, fee config) recur but remain lower-confidence/non-retained versus execution-path bugs

## Useful Context
- Retained findings continue to cluster in gateway execution composition (`GatewaySend`/`GatewayCrossChain`/`GatewayTransferNative`) rather than isolated math helpers
- `GatewaySend.sol` has become the strongest repeated signal center, with retained high/medium/low issues spanning deposit, payout, and revert flows
- Cross-round high impact usually appears where one flow assumes another flow’s invariant without explicit reconciliation (balances, asset identity, delivery result, native-vs-token branching)
- `AccountEncoder` is established as confirmed-risk for correctness/availability; several helper/interface files remain comparatively shallow and mostly contextual
