# Round 6 Summary

## Agent: codex_1
- files touched: `LayerZero/CoreRouter.sol`, `LayerZero/CrossChainRouter.sol`, `LayerZero/LendStorage.sol`, and all 3 `LayerZero/interaces/*.sol` interface files
- files revisited / highest-attention files: deepest attention on `CoreRouter.sol`, `CrossChainRouter.sol`, `LendStorage.sol` (full chunked reads and control-flow/accounting mapping)
- main issue directions investigated: redeem accounting vs exchange-rate timing; same-chain and cross-chain liquidation accounting consistency; cross-chain liquidation execution safety around seize amounts and state subtraction
- promising but not retained directions: none explicitly surfaced in the log beyond the 3 submitted findings

## Agent: opencode_1
- files touched: same in-scope set (`CoreRouter.sol`, `CrossChainRouter.sol`, `LendStorage.sol`, and 3 interface files), plus prior round summary for context
- files revisited / highest-attention files: repeated targeted reads in `CrossChainRouter.sol` and `CoreRouter.sol`; pattern-grep passes across all `LayerZero/*`
- main issue directions investigated: reentrancy/external-call risk, zero-check and division-by-zero conditions, cross-chain message ordering/validity, liquidation execution/failure handling, gas-scaling from asset-set iteration
- promising but not retained directions: multiple candidate reports were produced, but only overlap-backed liquidation-membership and liquidation-execution concerns, plus gas-iteration risk, survived merge; several others were either already known or not retained this round

## Cross-Agent Status
- main overlap in file/area attention: strong overlap on `CoreRouter` + `CrossChainRouter` liquidation paths and `LendStorage` liquidity/accounting loops
- notable differences in attention: `codex_1` concentrated on accounting-path correctness with fewer, higher-confidence submissions; `opencode_1` ran broader heuristic sweeps (reentrancy/zero/div-by-zero/deadline/etc.) and proposed a wider but lower-retention set
- underexplored but suspicious files/functions if clearly supported by the logs: interface files (`LayerZero/interaces/*`) appear only lightly inspected and mostly contextual; most deep analysis stayed in router/storage logic

## Retained Findings
- `F-021` (High): redeem flow underpays by using stale pre-accrual exchange rate before `redeem` accrual effects
- `F-022` (Medium): liquidation credits seized collateral without adding liquidator supplied-asset membership, making collateral accounting visibility inconsistent
- `F-023` (Medium): cross-chain liquidation can forward unexecutable seize amounts that later underflow/revert on collateral-chain execution
- `F-024` (Medium, low confidence): unbounded `userSuppliedAssets`/`userBorrowedAssets` iteration can gas-DoS liquidity-sensitive operations
