{
  "findings": [
    {
      "id": "F-001",
      "severity": "High",
      "confidence": "high",
      "title": "VirtualToken.cashIn mints by msg.value for ERC20 underlyings, enabling unbacked minting/mis-accounting",
      "locations": [
        "VirtualToken.sol:72",
        "VirtualToken.sol:76",
        "VirtualToken.sol:78",
        "VirtualToken.sol:82",
        "VirtualToken.sol:138"
      ],
      "claim": "When `underlyingToken != NATIVE_TOKEN`, `cashIn(amount)` transfers `amount` underlying ERC20 but mints `msg.value` vTokens. This breaks 1:1 accounting: ERC20 deposits with `msg.value=0` mint zero, while nonzero ETH can mint vTokens without matching ERC20 backing.",
      "impact": "If any whitelisted address can invoke this path for an ERC20-backed VirtualToken, it can create unbacked redeemable supply and drain existing underlying liquidity, or cause insolvency/loss for honest depositors through under-minting.",
      "paths": [
        "Deploy/use VirtualToken with ERC20 underlying (`underlyingToken != NATIVE_TOKEN`).",
        "Whitelisted caller invokes `cashIn` with mismatched `amount` vs `msg.value` (e.g., `amount=0`, nonzero `msg.value`, or nonzero `amount`, `msg.value=0`).",
        "Contract mints by `msg.value` instead of deposited ERC20 amount.",
        "Caller later redeems via `cashOut` against real ERC20 balance."
      ],
      "round": 1,
      "source_agents": [
        "codex_1"
      ]
    },
    {
      "id": "F-002",
      "severity": "Medium",
      "confidence": "high",
      "title": "Permissionless createLaunchPad can consume per-block vETH loan quota and DoS other launches",
      "locations": [
        "LamboFactory.sol:65",
        "LamboFactory.sol:70",
        "LamboFactory.sol:74",
        "VirtualToken.sol:93"
      ],
      "claim": "`createLaunchPad` is callable by anyone (only token address is whitelist-gated), and each call draws from global `MAX_LOAN_PER_BLOCK` via `takeLoan`. An attacker can consume the full quota first each block.",
      "impact": "Legitimate launch attempts in the same block can be forced to revert with `Loan limit per block exceeded`, enabling repeatable permissionless griefing/MEV denial of service.",
      "paths": [
        "Attacker calls `createLaunchPad(..., virtualLiquidityAmount = MAX_LOAN_PER_BLOCK, virtualLiquidityToken = whitelisted vToken)` early in block.",
        "VirtualToken records the full per-block loan allowance as used.",
        "Subsequent legitimate `createLaunchPad` calls in that block revert on the cap check.",
        "Attack repeats block-by-block with priority gas."
      ],
      "round": 1,
      "source_agents": [
        "codex_1"
      ]
    },
    {
      "id": "F-003",
      "severity": "High",
      "confidence": "high",
      "title": "Router sell pricing uses full vETH reserves including debt-locked liquidity, causing sell reverts and exit lockups",
      "locations": [
        "LamboFactory.sol:74",
        "VirtualToken.sol:97",
        "VirtualToken.sol:145",
        "LamboVEthRouter.sol:110",
        "LamboVEthRouter.sol:117",
        "LamboVEthRouter.sol:126"
      ],
      "claim": "Factory seeds pairs with debt-minted vETH (`takeLoan(pool, amount)`), and VirtualToken forbids transfers that move a debt address below its debt floor. Router sell quotes/swaps use raw pair reserves, which include debt-locked vETH that is not actually transferable out of the pair.",
      "impact": "Users can receive quotes based on unavailable reserveOut and hit reverts during swap transfer (`DebtOverflow`), creating practical sell failures and potential lockup of exit liquidity once non-debt vETH is depleted.",
      "paths": [
        "Pool receives vETH via `takeLoan(pool, virtualLiquidityAmount)` and `_debt[pool]` is increased.",
        "On sells, router computes `amountXOut` from full reserves (`getReserves` + `getAmountOut`).",
        "Pair attempts to transfer vETH output, but VirtualToken `_update` enforces `balance >= value + debt` for `from=pair`.",
        "If computed output exceeds transferable non-debt balance, transfer reverts and user sell fails."
      ],
      "round": 1,
      "source_agents": [
        "codex_1"
      ]
    },
    {
      "id": "F-004",
      "severity": "Low",
      "confidence": "high",
      "title": "buyQuote refund logic withholds 1 wei from overpayments",
      "locations": [
        "LamboVEthRouter.sol:180",
        "LamboVEthRouter.sol:181"
      ],
      "claim": "Overpayment refunds are computed with an extra `-1` wei (`msg.value - amountXIn - fee - 1`) and only triggered when excess is greater than 1 wei.",
      "impact": "Users are systematically under-refunded by 1 wei when overpaying; residual ETH accumulates in the router as trapped dust.",
      "paths": [
        "User calls `buyQuote` with `msg.value` above required input+fee.",
        "Refund branch returns `excess - 1 wei` instead of full excess.",
        "1 wei remains in the contract per affected transaction."
      ],
      "round": 1,
      "source_agents": [
        "codex_1"
      ]
    },
    {
      "id": "F-005",
      "severity": "Medium",
      "confidence": "low",
      "title": "Rebalance initialization can be seized if deployment is non-atomic or proxy is left uninitialized",
      "locations": [
        "rebalance/LamboRebalanceOnUniwap.sol:40",
        "rebalance/LamboRebalanceOnUniwap.sol:53",
        "rebalance/LamboRebalanceOnUniwap.sol:55"
      ],
      "claim": "`initialize` is public and sets owner from a caller-supplied address. If deployment/upgrade flow ever leaves an instance (especially proxy) uninitialized, any external caller can initialize first and take ownership.",
      "impact": "Attacker ownership enables privileged control (upgrade authorization and `extractProfit`), allowing asset extraction or malicious upgrades.",
      "paths": [
        "Instance/proxy is deployed without immediate initializer execution.",
        "Attacker calls `initialize(attacker, vETH, pool, fee)` first.",
        "Attacker becomes owner and can authorize upgrades/extract managed tokens."
      ],
      "round": 1,
      "source_agents": [
        "codex_1"
      ]
    }
  ],
  "rejected_candidates": [
    {
      "title": "Front-Running Attack: initialize() Can Be Front-Run to Steal All Minted Tokens",
      "source_agents": [
        "opencode_1"
      ],
      "reason": "For clones, `LamboFactory` performs `clone` and `initialize` in the same transaction flow; an attacker cannot call `initialize` on the just-created clone before factory initialization."
    },
    {
      "title": "Owner Can Drain All vETH From The Protocol Via updateFactory",
      "source_agents": [
        "opencode_1"
      ],
      "reason": "This is privileged-owner behavior; README explicitly states owner roles are trusted, so this is not a distinct trustless vulnerability."
    },
    {
      "title": "Unlimited Token Minting via createLaunchPad with Zero Validation",
      "source_agents": [
        "opencode_1"
      ],
      "reason": "Creating new quote tokens per launchpad is intended factory behavior; claim relies on trusted-owner whitelist management rather than an unintended permission bypass."
    },
    {
      "title": "No Slippage Protection Results in Potential Total Loss of Funds",
      "source_agents": [
        "opencode_1"
      ],
      "reason": "`buyQuote`/`sellQuote` do enforce `minReturn`; users setting `minReturn=0` is caller choice, not a contract-side bypass."
    },
    {
      "title": "Fee Calculation Precision Loss Favors Protocol Over Users",
      "source_agents": [
        "opencode_1"
      ],
      "reason": "Integer-division rounding dust is expected in Solidity fee math and does not evidence a meaningful systematic overcharge exploit."
    },
    {
      "title": "rebalance ignores `amountOut` and executes OKX swaps with `minReturn = 0`",
      "source_agents": [
        "codex_1"
      ],
      "reason": "Although `amountOut` is unused and swap minReturn is zero, `rebalance` reverts unless net WETH balance increases (`profit > 0`), preventing protocol-loss execution."
    },
    {
      "title": "No Slippage Protection in Rebalance Function",
      "source_agents": [
        "opencode_1"
      ],
      "reason": "Same core issue as above: execution is profit-gated and non-profitable outcomes revert, so reported total-loss claim is unsupported."
    },
    {
      "title": "Missing Access Control on Rebalance Functions",
      "source_agents": [
        "opencode_1"
      ],
      "reason": "`extractProfit` is `onlyOwner`; open `rebalance` entrypoint does not grant fund withdrawal and is consistent with keeper-style triggering."
    },
    {
      "title": "Approval Reset Allows Potential Race Condition",
      "source_agents": [
        "opencode_1"
      ],
      "reason": "No concrete exploit path shown; approvals are to fixed integration addresses for WETH/vETH flows, and overwriting allowance here is not a standalone vulnerability."
    },
    {
      "title": "Unverified underlyingToken Can Break VirtualToken",
      "source_agents": [
        "opencode_1"
      ],
      "reason": "`underlyingToken` is immutable constructor configuration by deployer/trusted owner; this is deployment misconfiguration risk, not an in-protocol exploit vector."
    },
    {
      "title": "Reentrancy Protection on sellQuote Uses msg.sender.call Without Reentrancy Guard",
      "source_agents": [
        "opencode_1"
      ],
      "reason": "`sellQuote` is protected by `nonReentrant`; callback-based reentry into guarded paths is blocked."
    },
    {
      "title": "Hardcoded external addresses create chain-deployment fund-loss risk",
      "source_agents": [
        "codex_1"
      ],
      "reason": "Project context specifies Ethereum-only deployment; hardcoded mainnet integration addresses are intentional chain-locking in this codebase rather than a reportable bug by themselves."
    }
  ]
}
