# Round 1 Summary

## Agent: codex_1
- files touched: `LamboFactory.sol`, `LamboToken.sol`, `LamboVEthRouter.sol`, `VirtualToken.sol`, `Utils/LaunchPadUtils.sol`, `rebalance/LamboRebalanceOnUniwap.sol` (plus interface context reads)
- files revisited / highest-attention files: `VirtualToken.sol`, `LamboFactory.sol`, `LamboVEthRouter.sol`, `rebalance/LamboRebalanceOnUniwap.sol`
- main issue directions investigated: vToken mint/burn accounting, per-block loan quota abuse, router reserve/transfer mismatch with debt accounting, refund edge-case math, upgradeable initializer takeover risk
- promising but not retained directions: hardcoded external address risk across chains; rebalance `amountOut`/`minReturn=0` execution-guard concern

## Agent: opencode_1
- files touched: same in-scope Solidity set (`LamboFactory.sol`, `LamboToken.sol`, `LamboVEthRouter.sol`, `VirtualToken.sol`, `Utils/LaunchPadUtils.sol`, `rebalance/LamboRebalanceOnUniwap.sol`) with `interfaces/Uniswap/IPool.sol` context read
- files revisited / highest-attention files: broad pass across all core contracts; many claims centered on router/rebalance and initialization/access control
- main issue directions investigated: initialization/front-run risk, owner privilege abuse, slippage/MEV framing, reentrancy/approval patterns, token/config validation
- promising but not retained directions: most reported items were not carried into merged retained findings

## Cross-Agent Status
- main overlap in file/area attention: both concentrated on `VirtualToken.sol`, `LamboFactory.sol`, `LamboVEthRouter.sol`, and rebalance contract behavior
- notable differences in attention: `codex_1` focused on concrete cross-contract exploit paths (loan caps, debt-locked reserves, mint accounting), while `opencode_1` focused more on generic access-control/slippage/owner-risk patterns
- underexplored but suspicious files/functions if clearly supported by the logs: `LamboToken.sol` remains largely unretained despite review attention; rebalance trade-guard logic had repeated scrutiny but only initialization takeover risk was retained

## Retained Findings
- ERC20-backed `VirtualToken.cashIn` mints by `msg.value` instead of deposited token amount, creating severe accounting break/unbacked mint risk.
- `createLaunchPad` can be permissionlessly used to consume per-block vETH loan quota and deny other launches in the same block.
- Router sell quoting uses reserves that include debt-locked vETH, causing sell-time transfer failures and practical exit lockups.
- `buyQuote` refund math withholds 1 wei on eligible overpayments, accumulating router dust.
- Rebalance contract initialization can be seized if deployment/upgrade flow leaves an instance uninitialized.
