# Global Audit Memory

## Scope Touched
- Queue and signature-queue stack remains central: `queues/DepositQueue.sol`, `queues/RedeemQueue.sol`, `SignatureQueue.sol`, `SignatureDepositQueue.sol`, `SignatureRedeemQueue.sol` (settle/handle/claim accounting, fee-path parity, pause/cancel/checkpoint behavior).
- Share allocation and mint authority path is now top-priority: `managers/ShareManager.sol`, `interfaces/managers/IShareManager.sol`, `modules/ShareModule.sol` (allocated-share consumption, mint auth boundary, claim/lockup side effects).
- Transfer/accounting path stayed active: `libraries/TransferLibrary.sol`, `modules/VaultModule.sol`, `modules/SubvaultModule.sol` (requested-vs-received drift and non-standard ERC20 effects on queue solvency).
- Verifier/permission surfaces were revisited but lighter this round: `permissions/Verifier.sol` and `permissions/*` (intent/payload decoding alignment).
- Broad but shallower coverage continued across fee/risk/oracle/factory/hooks/strategy/config surfaces.

## Issue Directions Seen
- Unauthorized share-allocation consumption via externally callable mint paths is now a confirmed high-severity direction.
- Redeem batch progression without strict asset-receipt validation is a retained direction (underfunded claimable batches and claim-time DoS risk).
- Standard vs signature queue economic/control-path parity (fees, permissions, execution semantics) remains recurring.
- Transfer/accounting fragility under fee-on-transfer/deflationary/non-standard ERC20 behavior remains active.
- Verifier intent/encoding mismatch risk and queue state integrity across emergency/lifecycle transitions remain recurring.
- Payable entrypoint ETH-handling edge cases (unexpected ETH acceptance/stuck funds) remain in-context.

## Useful Context
- Cross-agent convergence remains strongest on multi-contract interactions between queue flows and share-allocation/mint accounting.
- `ShareManager` moved from recurring hotspot to confirmed exploit surface in this round; keep auth and allocation invariants tightly coupled in review context.
- `RedeemQueue` + `ShareModule` handling assumptions around exact transfer receipt remain high signal after retained underfunding/DoS direction.
- Hooks and strategy/factory-adjacent logic were touched with comparatively limited depth; still potentially high-yield due to integration leverage.
- Prior non-retained hotspots (for example transfer-triggered claim/gas behavior in tokenized-share paths) remain unresolved context, not clearance.
