{
  "findings": [
    {
      "id": "F-001",
      "severity": "High",
      "confidence": "high",
      "title": "VirtualToken.cashIn mints by msg.value for ERC20 underlyings, enabling unbacked minting/mis-accounting",
      "locations": [
        "VirtualToken.sol:72",
        "VirtualToken.sol:76",
        "VirtualToken.sol:78",
        "VirtualToken.sol:82",
        "VirtualToken.sol:138"
      ],
      "claim": "When `underlyingToken != NATIVE_TOKEN`, `cashIn(amount)` transfers `amount` underlying ERC20 but mints `msg.value` vTokens. This breaks 1:1 accounting: ERC20 deposits with `msg.value=0` mint zero, while nonzero ETH can mint vTokens without matching ERC20 backing.",
      "impact": "If any whitelisted address can invoke this path for an ERC20-backed VirtualToken, it can create unbacked redeemable supply and drain existing underlying liquidity, or cause insolvency/loss for honest depositors through under-minting.",
      "paths": [
        "Deploy/use VirtualToken with ERC20 underlying (`underlyingToken != NATIVE_TOKEN`).",
        "Whitelisted caller invokes `cashIn` with mismatched `amount` vs `msg.value` (e.g., `amount=0`, nonzero `msg.value`, or nonzero `amount`, `msg.value=0`).",
        "Contract mints by `msg.value` instead of deposited ERC20 amount.",
        "Caller later redeems via `cashOut` against real ERC20 balance."
      ],
      "round": 1,
      "source_agents": [
        "codex_1",
        "opencode_1"
      ]
    },
    {
      "id": "F-002",
      "severity": "Medium",
      "confidence": "high",
      "title": "Permissionless createLaunchPad can consume per-block vETH loan quota and DoS other launches",
      "locations": [
        "LamboFactory.sol:65",
        "LamboFactory.sol:70",
        "LamboFactory.sol:74",
        "VirtualToken.sol:93"
      ],
      "claim": "`createLaunchPad` is callable by anyone (only token address is whitelist-gated), and each call draws from global `MAX_LOAN_PER_BLOCK` via `takeLoan`. An attacker can consume the full quota first each block.",
      "impact": "Legitimate launch attempts in the same block can be forced to revert with `Loan limit per block exceeded`, enabling repeatable permissionless griefing/MEV denial of service.",
      "paths": [
        "Attacker calls `createLaunchPad(..., virtualLiquidityAmount = MAX_LOAN_PER_BLOCK, virtualLiquidityToken = whitelisted vToken)` early in block.",
        "VirtualToken records the full per-block loan allowance as used.",
        "Subsequent legitimate `createLaunchPad` calls in that block revert on the cap check.",
        "Attack repeats block-by-block with priority gas."
      ],
      "round": 1,
      "source_agents": [
        "codex_1"
      ]
    },
    {
      "id": "F-003",
      "severity": "High",
      "confidence": "high",
      "title": "Router sell pricing uses full vETH reserves including debt-locked liquidity, causing sell reverts and exit lockups",
      "locations": [
        "LamboFactory.sol:74",
        "VirtualToken.sol:97",
        "VirtualToken.sol:145",
        "LamboVEthRouter.sol:110",
        "LamboVEthRouter.sol:117",
        "LamboVEthRouter.sol:126"
      ],
      "claim": "Factory seeds pairs with debt-minted vETH (`takeLoan(pool, amount)`), and VirtualToken forbids transfers that move a debt address below its debt floor. Router sell quotes/swaps use raw pair reserves, which include debt-locked vETH that is not actually transferable out of the pair.",
      "impact": "Users can receive quotes based on unavailable reserveOut and hit reverts during swap transfer (`DebtOverflow`), creating practical sell failures and potential lockup of exit liquidity once non-debt vETH is depleted.",
      "paths": [
        "Pool receives vETH via `takeLoan(pool, virtualLiquidityAmount)` and `_debt[pool]` is increased.",
        "On sells, router computes `amountXOut` from full reserves (`getReserves` + `getAmountOut`).",
        "Pair attempts to transfer vETH output, but VirtualToken `_update` enforces `balance >= value + debt` for `from=pair`.",
        "If computed output exceeds transferable non-debt balance, transfer reverts and user sell fails."
      ],
      "round": 1,
      "source_agents": [
        "codex_1"
      ]
    },
    {
      "id": "F-004",
      "severity": "Low",
      "confidence": "high",
      "title": "buyQuote refund logic withholds 1 wei from overpayments",
      "locations": [
        "LamboVEthRouter.sol:180",
        "LamboVEthRouter.sol:181"
      ],
      "claim": "Overpayment refunds are computed with an extra `-1` wei (`msg.value - amountXIn - fee - 1`) and only triggered when excess is greater than 1 wei.",
      "impact": "Users are systematically under-refunded by 1 wei when overpaying; residual ETH accumulates in the router as trapped dust.",
      "paths": [
        "User calls `buyQuote` with `msg.value` above required input+fee.",
        "Refund branch returns `excess - 1 wei` instead of full excess.",
        "1 wei remains in the contract per affected transaction."
      ],
      "round": 1,
      "source_agents": [
        "codex_1"
      ]
    },
    {
      "id": "F-005",
      "severity": "Medium",
      "confidence": "low",
      "title": "Rebalance initialization can be seized if deployment is non-atomic or proxy is left uninitialized",
      "locations": [
        "rebalance/LamboRebalanceOnUniwap.sol:40",
        "rebalance/LamboRebalanceOnUniwap.sol:53",
        "rebalance/LamboRebalanceOnUniwap.sol:55"
      ],
      "claim": "`initialize` is public and sets owner from a caller-supplied address. If deployment/upgrade flow ever leaves an instance (especially proxy) uninitialized, any external caller can initialize first and take ownership.",
      "impact": "Attacker ownership enables privileged control (upgrade authorization and `extractProfit`), allowing asset extraction or malicious upgrades.",
      "paths": [
        "Instance/proxy is deployed without immediate initializer execution.",
        "Attacker calls `initialize(attacker, vETH, pool, fee)` first.",
        "Attacker becomes owner and can authorize upgrades/extract managed tokens."
      ],
      "round": 1,
      "source_agents": [
        "codex_1"
      ]
    },
    {
      "id": "F-006",
      "severity": "Critical",
      "confidence": "high",
      "title": "Launchpad creation reverts because factory transfers LP tokens to the zero address",
      "locations": [
        "LamboFactory.sol:79",
        "LamboFactory.sol:80"
      ],
      "claim": "`createLaunchPad` mints LP to the factory and then calls `IERC20(pool).safeTransfer(address(0), ...)`. For Uniswap V2-style LP ERC20 tokens (used by this code path via mainnet Uniswap V2 factory constants), transfers to `address(0)` revert, so launch creation cannot complete.",
      "impact": "Core launch flow is bricked: pool setup reverts and downstream flows that depend on successful launchpad creation (including router-assisted initial buy) fail.",
      "paths": [
        "Call `LamboFactory.createLaunchPad(...)` with a whitelisted virtual token.",
        "Function executes `IPool(pool).mint(address(this))` then attempts `IERC20(pool).safeTransfer(address(0), IERC20(pool).balanceOf(address(this)))`.",
        "LP token transfer to zero address reverts, reverting the full launch transaction."
      ],
      "round": 2,
      "source_agents": [
        "codex_1"
      ]
    },
    {
      "id": "F-007",
      "severity": "High",
      "confidence": "high",
      "title": "Predictable clone address enables pair pre-creation that can indefinitely brick targeted launch attempts",
      "locations": [
        "LamboFactory.sol:57",
        "LamboFactory.sol:71",
        "LamboFactory.sol:72"
      ],
      "claim": "`createLaunchPad` deploys a non-deterministic clone (`Clones.clone`) and then calls `createPair`. The next clone address is predictable from the factory contract nonce, and Uniswap V2 `createPair` can be called permissionlessly for undeployed token addresses. An attacker can pre-create the pair for the next predicted clone address so `createPair` reverts.",
      "impact": "Launch creation for the targeted virtual liquidity token can be persistently DoS'd. Because the victim transaction reverts, the factory nonce rolls back, so retries keep targeting the same blocked clone address until some other successful create changes nonce.",
      "paths": [
        "Attacker predicts the next clone address for `LamboFactory`.",
        "Attacker calls Uniswap V2 factory `createPair(virtualLiquidityToken, predictedClone)` first.",
        "Victim calls `createLaunchPad`; clone deployment succeeds but `createPair` reverts due existing pair.",
        "Transaction reverts and factory nonce is unchanged, letting the attacker repeat the same block condition on retries."
      ],
      "round": 3,
      "source_agents": [
        "codex_1"
      ]
    },
    {
      "id": "F-008",
      "severity": "Low",
      "confidence": "medium",
      "title": "Rebalance ignores caller-provided output target and executes swaps with zero minimum return",
      "locations": [
        "rebalance/LamboRebalanceOnUniwap.sol:62",
        "rebalance/LamboRebalanceOnUniwap.sol:73",
        "rebalance/LamboRebalanceOnUniwap.sol:94",
        "rebalance/LamboRebalanceOnUniwap.sol:97",
        "rebalance/LamboRebalanceOnUniwap.sol:113"
      ],
      "claim": "`rebalance(directionMask, amountIn, amountOut)` accepts `amountOut` but never enforces it, and both buy/sell paths call `uniswapV3SwapTo(..., minReturn=0, ...)`.",
      "impact": "The strategy has no explicit slippage floor per execution, so adversarial order flow can capture most of the expected rebalance edge and leave only marginal profit to the protocol, degrading economic performance.",
      "paths": [
        "Operator/bot submits rebalance based on expected quote.",
        "MEV actors move price around the rebalance transaction.",
        "Swap still executes because `minReturn=0` and `amountOut` is unused.",
        "Transaction can settle at materially worse terms as long as final WETH delta stays positive."
      ],
      "round": 3,
      "source_agents": [
        "codex_1",
        "opencode_1"
      ]
    }
  ],
  "rejected_candidates": [
    {
      "title": "Router fee transfer hard-dependency can halt all buys and sells",
      "source_agents": [
        "codex_1"
      ],
      "reason": "Requires privileged owner misconfiguration/intentional behavior; owner already has direct control over trading parameters, so this is not a distinct external exploit."
    },
    {
      "title": "Unvalidated directionMask can produce malformed pool encoding in flashloan callback",
      "source_agents": [
        "codex_1"
      ],
      "reason": "Malformed masks mainly cause caller-side reverts/self-grief; no convincing shared-state corruption or protocol-level loss path was supported."
    },
    {
      "title": "LamboToken implementation contract can be initialized and minted by anyone",
      "source_agents": [
        "codex_1"
      ],
      "reason": "Affects only the standalone implementation instance, not factory-created clones; no protocol fund or permission impact beyond potential off-chain confusion."
    },
    {
      "title": "Rebalance profit calculation includes user-provided ETH wrapped as WETH",
      "source_agents": [
        "opencode_1"
      ],
      "reason": "The code subtracts `initialBalance` before wrapping (`newBalance = address(this).balance - initialBalance`), so pre-existing ETH is not counted as profit in the stated way."
    },
    {
      "title": "Router missing deadline parameter enabling transaction reordering",
      "source_agents": [
        "opencode_1"
      ],
      "reason": "Users already have slippage protection via `minReturn`; missing deadline alone is not a concrete, distinct protocol vulnerability here."
    },
    {
      "title": "Rebalance can be DoS'd by reverting onMorphoFlashLoan callback",
      "source_agents": [
        "opencode_1"
      ],
      "reason": "Reverting callback only reverts the attacker/caller transaction itself; no persistent permissionless DoS mechanism was shown."
    },
    {
      "title": "VirtualToken repayLoan allows arbitrary debt repayment for any user",
      "source_agents": [
        "opencode_1"
      ],
      "reason": "`repayLoan` is `onlyValidFactory` and burns the target account’s tokens alongside debt reduction; the claimed free external debt manipulation is unsupported."
    },
    {
      "title": "Rebalance infinite approval to OKXTokenApprove",
      "source_agents": [
        "opencode_1"
      ],
      "reason": "Approvals are set to `amountIn` per call, not to unlimited allowance."
    },
    {
      "title": "Rebalance _executeBuy doesn't validate swap success or returned amount",
      "source_agents": [
        "opencode_1"
      ],
      "reason": "If execution yields insufficient result, end-of-function profitability checks revert the transaction and roll back state; the claimed permanent loss path was not substantiated."
    },
    {
      "title": "Router getBuyQuote and getSellQuote can return stale/inaccurate quotes",
      "source_agents": [
        "opencode_1"
      ],
      "reason": "Reserve-based view quotes are inherently point-in-time estimates; this is expected AMM behavior and not a standalone security issue."
    },
    {
      "title": "LamboFactory createLaunchPad does not validate pool creation success",
      "source_agents": [
        "opencode_1"
      ],
      "reason": "Uniswap V2 `createPair` reverts on failure/existing pair; a meaningful zero-address success path is not realistic under the configured factory."
    },
    {
      "title": "VirtualToken takeLoan lacks loan repayment tracking per user",
      "source_agents": [
        "opencode_1"
      ],
      "reason": "This is already captured by existing finding F-002 (global per-block loan quota can be consumed for DoS)."
    }
  ]
}
