# Round 1 Summary

## Agent: codex_1
- files touched: both `CToken.sol` copies, `CErc20.sol`, `CErc20Delegator.sol`, `CErc20Delegate.sol`, plus duplicate checks on `ErrorReporter.sol` and `FixedPointMathLib.sol`
- files revisited / highest-attention files: both `CToken.sol` copies were the main focus; `CErc20.sol` and `CErc20Delegator.sol` got targeted follow-up review
- main issue directions investigated: duplicate implementation mapping; `borrow`/`redeem` transfer-out ordering and reentrancy exposure; zero-supply exchange-rate reset behavior; outbound transfer accounting for non-standard underlyings; delegator admin initialization
- promising but not retained directions: broad review of accrual, liquidation, and other admin flows did not produce additional retained issues in this round

## Agent: opencode_1
- files touched: all 9 in-scope Solidity files across both contract trees
- files revisited / highest-attention files: both `CToken.sol` copies were revisited mid-file; `CErc20.sol`, `CErc20Delegate.sol`, and `CErc20Delegator.sol` were also directly read
- main issue directions investigated: reserve/admin control surfaces, liquidation incentive configuration, initialization/admin safety, and exchange-rate/math handling
- promising but not retained directions: candidate concerns were raised around `_addReservesFresh`, `_setProtocolSeizeShare`, `CErc20Delegate._setInitialExchangeRate`, zero-admin initialization, and math/rounding behavior, but none were retained after merge

## Cross-Agent Status
- main overlap in file/area attention: both agents concentrated on the two `CToken.sol` implementations and the ERC20 wrapper/delegator layer
- notable differences in attention: `codex_1` focused on state-update ordering, transfer semantics, and proxy admin assignment; `opencode_1` focused more on admin/config setters, liquidation parameters, and math/config correctness
- underexplored but suspicious files/functions if clearly supported by the logs: admin/config setter surfaces in `CToken.sol` and `CErc20Delegate.sol` were flagged by `opencode_1` but remained unretained in this round

## Retained Findings
- cross-market reentrancy risk in `borrowFresh()` and `redeemFresh()` because underlying transfers happen before debt/collateral state is updated
- `CErc20Delegator` constructor assigns final admin via `tx.origin`, creating takeover risk when deployment is routed through an intermediate contract
- zero-supply exchange-rate reset can let the next minter capture stranded underlying or later repayments
- outbound transfer accounting does not safely support fee-on-transfer / deflationary underlyings, creating payout/accounting mismatches
