# Global Audit Memory

## Scope Touched
- `hex-otc.sol` — persistent audit center; order creation, discovery, escrow, settlement, and cancellation form the main risk surface
- `hex-otc.sol:newOffer` / `offerETH` / `offerHEX` / `make` — durable concern around offer ID creation, storage bookkeeping, and user-visible/emitted identifiers diverging
- `hex-otc.sol:buyHEX` / `buyETH` / `cancel` — settlement and refund paths remain important because ETH delivery is push-based and recipient behavior affects completion and recovery
- `hex-otc.sol` escrow balance surface — unsolicited ETH/token receipts and stranded-asset behavior were examined as a secondary custody/context area
- `erc20.sol` — supporting file for transfer-semantics, exactness, and token-behavior assumptions rather than a primary standalone source of issues
- `math.sol` — peripheral attention only; no durable issue direction established
- `Contract.sol` — briefly sanity-checked; little enduring audit signal

## Issue Directions Seen
- Order identity / bookkeeping mismatches between stored offers and externally visible IDs, affecting discoverability and normal workflow execution
- ETH settlement liveness risk from fixed-gas `transfer` across maker/taker/cancel payout paths, especially for contract-wallet participants
- Hardcoded HEX token / chain-context assumptions remain a background integration direction, but secondary to lifecycle and payout behavior
- ERC20 exact-transfer assumptions and missing balance-delta validation remain an explored but unconfirmed accounting direction
- Stranded or unsolicited asset handling is a recurring contextual direction around escrowed balances, though not a primary retained issue path so far

## Useful Context
- Audit signal remains concentrated in `hex-otc.sol`; other files mostly provide interface or environmental context
- The strongest cross-round pattern is that risk clusters around workflow integrity, settlement liveness, and custody edges rather than arithmetic complexity
- Creation, fill, escrow, and cancel flows are tightly coupled, so identifier or payout weaknesses tend to propagate through the full order lifecycle
- External dependency trust is simple but rigid: assumptions about the specific HEX token and standard ERC20 behavior shape several secondary directions
- Peripheral files have stayed comparatively low-yield, reinforcing that the contract’s state transitions and payment paths are the main audit lens
