# Global Audit Memory

## Scope Touched
- Queue lifecycle and claimability path stayed central: `queues/DepositQueue.sol`, `queues/RedeemQueue.sol`, `queues/SignatureRedeemQueue.sol` (queue removal, settle/claim continuity, redeem progression).
- Share mint/allocation control path remained hot: `modules/ShareModule.sol`, `managers/ShareManager.sol`, `interfaces/managers/IShareManager.sol` (mint authority, allocation consumption, post-processing claim effects).
- Role/authorization fallbacks in accounting flows were directly stressed: queue-or-role guarded manager paths (notably `managers/RiskManager.sol`).
- Redeem liquidity accounting touched ETH/native-asset compatibility edges: `libraries/TransferLibrary.sol`, redeem liquidity checks.
- Broader but lighter sweeps continued across fee/oracle/verifier/hooks/factory/consensus/config surfaces; limited retained signal this round.

## Issue Directions Seen
- Confirmed: deposit-queue removal can strand already-processed-but-unclaimed deposits when claim minting still depends on queue authorization.
- Confirmed: ETH-sentinel/native-asset mode can conflict with ERC20 `balanceOf`-based redeem liquidity checks, causing revert-driven processing blockage.
- Confirmed: `onlyQueueOrRole`-style authorization can revert before role fallback, breaking role-authorized emergency accounting calls.
- Recurring high-signal direction: share-allocation/mint authorization boundary misuse across manager/module/queue interactions.
- Recurring direction: redeem batch solvency and claim-time DoS risk when accounting assumes exact asset receipt.
- Still recurring but lower retained signal this round: verifier intent/encoding mismatch, fee/oracle timing races, signature vs standard queue parity.

## Useful Context
- Cross-agent convergence remains strongest on queue/share/risk/redeem-liquidity interactions; deepest retained evidence is concentrated there.
- `ShareModule.sol`, `DepositQueue.sol`, `ShareManager.sol`, and `RiskManager.sol` were repeatedly revisited and continue to be high-context hubs.
- Round-wide broad scans produced many hypotheses, but merged retained outcomes narrowed to three concrete queue/risk/native-asset exploit paths.
- Prior transfer/accounting fragility under non-standard ERC20 behavior remains unresolved context, not clearance.
- Hooks/strategy/factory-adjacent logic has been touched with less depth relative to core queue/share paths; context exists but evidence density is lower.
