# Global Audit Memory

## Scope Touched
- `FlawVerifier.sol` — dominant audit focus; settlement execution, replay construction/corruption, resolver callback handling, and token-drain helpers define the main risk surface
- `executeOnOpportunity` flow — repeatedly examined for divergence between signed order intent and externally supplied interaction bytes or payer/source fields
- `_buildReplayOrder` / replay path / `_tryReplayCalldataCorruption()` — recurring attention on calldata shaping, offset/length handling, and reuse of historical order material
- `_drainSettlementToken` / settlement payout path — repeatedly tied to draining live `SETTLEMENT` inventory or omnibus balances through weak asset/accounting assumptions
- Resolver / callback path (`NoopResolver`) — explored as a place where callback success may be satisfied by inert or no-code targets rather than meaningful validation
- Swap/conversion helpers and referenced interfaces/constants — lightly surveyed side surface, but still underexplored relative to replay/drain logic
- `Counter.sol` — briefly revisited for unrestricted mutation style concerns, but remains peripheral to the core risk picture

## Issue Directions Seen
- Unsigned or weakly bound external interaction data being executed inside settlement flows
- Signed-order fields potentially diverging from interaction-supplied payer/source or resolver-controlled execution context
- Self-targeted or nested settlement execution enabling callback/authorization assumptions to be bypassed during reentry-like flows
- Unsafe parsing of dynamic calldata offsets/lengths causing corruption, replay reconstruction, or reuse of prior order calldata
- Callback success conditions that may accept no-op, inert, or no-code resolver targets
- Token-accounting trust assumptions around maker assets and settlement inventory, especially where real omnibus balances can be spent without order-scoped accounting

## Useful Context
- Cross-round attention is overwhelmingly concentrated on `FlawVerifier.sol`; replay-building and settlement-drain helpers remain the most consistently scrutinized areas
- The strongest recurring theme is compositional mismatch: signed order intent, executed calldata, resolver callbacks, and settlement-side balance accounting may not align tightly
- Resolver/callback validation and settlement inventory usage now appear alongside replay corruption as stable recurring lines of inquiry rather than one-off ideas
- `Counter.sol` has remained a low-confidence side path and is not part of the main accumulated risk narrative
